Jän. 20, 2023 1:18:05 PM fhtw.trafficmonitor.Logging logTrafficMonitor
INFORMATION: Willkommen! Das Logging beginnt nun für den TrafficMonitor.
Jän. 20, 2023 1:18:05 PM fhtw.trafficmonitor.Logging logTrafficMonitor
INFORMATION: TrafficHauptmenü geöffnet
Jän. 20, 2023 1:18:07 PM fhtw.trafficmonitor.Logging logTrafficMonitor
INFORMATION: Button U1 wurde angeklickt.
Jän. 20, 2023 1:18:07 PM fhtw.trafficmonitor.Logging logTrafficMonitor
INFORMATION: Haltestellen aus csv in ArrayList<RadioButton> 'transportLineButtonsList' hinzugefügt
Jän. 20, 2023 1:18:07 PM fhtw.trafficmonitor.Logging logTrafficMonitor
INFORMATION: Erstellung des Fenster TrafficMonitor U1
Jän. 20, 2023 1:18:07 PM fhtw.trafficmonitor.Logging logTrafficMonitor
INFORMATION: TrafficMonitor Hauptmenü U1 ist nun geöffnet!
Jän. 20, 2023 1:18:11 PM fhtw.trafficmonitor.Logging logTrafficMonitor
INFORMATION: Button U2 wurde angeklickt.
Jän. 20, 2023 1:18:11 PM fhtw.trafficmonitor.Logging logTrafficMonitor
INFORMATION: Haltestellen aus csv in ArrayList<RadioButton> 'transportLineButtonsList' hinzugefügt
Jän. 20, 2023 1:18:11 PM fhtw.trafficmonitor.Logging logTrafficMonitor
INFORMATION: Erstellung des Fenster TrafficMonitor U2
Jän. 20, 2023 1:18:11 PM fhtw.trafficmonitor.Logging logTrafficMonitor
INFORMATION: TrafficMonitor Hauptmenü U2 ist nun geöffnet!
Jän. 20, 2023 1:18:13 PM fhtw.trafficmonitor.Logging logTrafficMonitor
INFORMATION: Aktualisieren geklickt
Jän. 20, 2023 1:18:13 PM fhtw.trafficmonitor.Logging logTrafficMonitor
INFORMATION: InfoLabel zurückgesetzt.
Jän. 20, 2023 1:18:13 PM fhtw.trafficmonitor.Logging logTrafficMonitor
INFORMATION: Selektierte RadioButtons (Haltestellen) in neue ArrayList gespeichert.
Jän. 20, 2023 1:18:13 PM fhtw.trafficmonitor.Logging logTrafficMonitor
INFORMATION: Keine Haltestelle ausgewählt.
Jän. 20, 2023 1:18:16 PM fhtw.trafficmonitor.Logging logTrafficMonitor
INFORMATION: Aktualisieren geklickt
Jän. 20, 2023 1:18:16 PM fhtw.trafficmonitor.Logging logTrafficMonitor
INFORMATION: InfoLabel zurückgesetzt.
Jän. 20, 2023 1:18:16 PM fhtw.trafficmonitor.Logging logTrafficMonitor
INFORMATION: Selektierte RadioButtons (Haltestellen) in neue ArrayList gespeichert.
Jän. 20, 2023 1:18:16 PM fhtw.trafficmonitor.Logging logTrafficMonitor
INFORMATION: Workflow beginnt mit Multithreading.
Jän. 20, 2023 1:18:16 PM fhtw.trafficmonitor.Logging logTrafficMonitor
INFORMATION: Workflow 'run'
Jän. 20, 2023 1:18:16 PM fhtw.trafficmonitor.Logging logTrafficMonitor
INFORMATION:  ** Remove LineRecords that will not be used for display. LineRecords of lineName U2 remain.
Jän. 20, 2023 1:18:16 PM fhtw.trafficmonitor.Logging logTrafficMonitor
INFORMATION: thread.current: 27, JavaFX Application Threadthread state: RUNNABLE true
Jän. 20, 2023 1:18:16 PM fhtw.trafficmonitor.Logging logTrafficMonitor
INFORMATION: thread.current: 27, JavaFX Application Threadthread state: RUNNABLE true
Jän. 20, 2023 1:18:16 PM fhtw.trafficmonitor.Logging logTrafficMonitor
INFORMATION: Workflow 'run'
Jän. 20, 2023 1:18:16 PM fhtw.trafficmonitor.Logging logTrafficMonitor
INFORMATION:  ** Remove LineRecords that will not be used for display. LineRecords of lineName U2 remain.
Jän. 20, 2023 1:18:17 PM fhtw.trafficmonitor.Logging logTrafficMonitor
INFORMATION:  *******************************************************************************

Jän. 20, 2023 1:18:17 PM fhtw.trafficmonitor.Logging logTrafficMonitor
INFORMATION:  ** getKeyStage0 >> Thread.current: 34 index 1] for 60201278, Donauspital, U2, ptMetro
Jän. 20, 2023 1:18:17 PM fhtw.trafficmonitor.Logging logTrafficMonitor
INFORMATION:  *******************************************************************************
Jän. 20, 2023 1:18:17 PM fhtw.trafficmonitor.Logging logTrafficMonitor
INFORMATION:  *******************************************************************************

Jän. 20, 2023 1:18:17 PM fhtw.trafficmonitor.Logging logTrafficMonitor
INFORMATION:  ** getKeyStage1 >> Thread.current: 34 index 1] for 60201278, Donauspital, U2, ptMetro
Jän. 20, 2023 1:18:17 PM fhtw.trafficmonitor.Logging logTrafficMonitor
INFORMATION:  *******************************************************************************
Jän. 20, 2023 1:18:17 PM fhtw.trafficmonitor.Logging logTrafficMonitor
INFORMATION:  *******************************************************************************

Jän. 20, 2023 1:18:17 PM fhtw.trafficmonitor.Logging logTrafficMonitor
INFORMATION:  ** getKeyStage0 >> Thread.current: 33 index 0] for 60200473, Hardeggasse, U2, ptMetro
Jän. 20, 2023 1:18:17 PM fhtw.trafficmonitor.Logging logTrafficMonitor
INFORMATION:  *******************************************************************************
Jän. 20, 2023 1:18:17 PM fhtw.trafficmonitor.Logging logTrafficMonitor
INFORMATION:  *******************************************************************************

Jän. 20, 2023 1:18:17 PM fhtw.trafficmonitor.Logging logTrafficMonitor
INFORMATION:  ** getKeyStage2 >> Thread.current: 34 index 1] for 60201278, Donauspital, U2, ptMetro
Jän. 20, 2023 1:18:17 PM fhtw.trafficmonitor.Logging logTrafficMonitor
INFORMATION:  *******************************************************************************
Jän. 20, 2023 1:18:17 PM fhtw.trafficmonitor.Logging logTrafficMonitor
INFORMATION:  *******************************************************************************

Jän. 20, 2023 1:18:17 PM fhtw.trafficmonitor.Logging logTrafficMonitor
INFORMATION:  ** Thread.current: 34 index 1] for 60201278, Donauspital, U2, ptMetro
Jän. 20, 2023 1:18:17 PM fhtw.trafficmonitor.Logging logTrafficMonitor
INFORMATION:  *******************************************************************************
Jän. 20, 2023 1:18:17 PM fhtw.trafficmonitor.Logging logTrafficMonitor
INFORMATION:  *******************************************************************************

Jän. 20, 2023 1:18:17 PM fhtw.trafficmonitor.Logging logTrafficMonitor
INFORMATION:  ** getKeyStage1 >> Thread.current: 33 index 0] for 60200473, Hardeggasse, U2, ptMetro
Jän. 20, 2023 1:18:17 PM fhtw.trafficmonitor.Logging logTrafficMonitor
INFORMATION:  *******************************************************************************
Jän. 20, 2023 1:18:17 PM fhtw.trafficmonitor.Logging logTrafficMonitor
INFORMATION:  *******************************************************************************

Jän. 20, 2023 1:18:17 PM fhtw.trafficmonitor.Logging logTrafficMonitor
INFORMATION:  ** getKeyStage2 >> Thread.current: 33 index 0] for 60200473, Hardeggasse, U2, ptMetro
Jän. 20, 2023 1:18:17 PM fhtw.trafficmonitor.Logging logTrafficMonitor
INFORMATION:  *******************************************************************************
Jän. 20, 2023 1:18:17 PM fhtw.trafficmonitor.Logging logTrafficMonitor
INFORMATION:  *******************************************************************************

Jän. 20, 2023 1:18:17 PM fhtw.trafficmonitor.Logging logTrafficMonitor
INFORMATION:  ** Thread.current: 33 index 0] for 60200473, Hardeggasse, U2, ptMetro
Jän. 20, 2023 1:18:17 PM fhtw.trafficmonitor.Logging logTrafficMonitor
INFORMATION:  *******************************************************************************
Jän. 20, 2023 1:18:18 PM fhtw.trafficmonitor.Logging logTrafficMonitor
INFORMATION: Anzeigen der resultierenden Ergebnisse.
Jän. 20, 2023 1:18:22 PM fhtw.trafficmonitor.Logging logTrafficMonitor
INFORMATION: Aktualisieren geklickt
Jän. 20, 2023 1:18:22 PM fhtw.trafficmonitor.Logging logTrafficMonitor
INFORMATION: InfoLabel zurückgesetzt.
Jän. 20, 2023 1:18:22 PM fhtw.trafficmonitor.Logging logTrafficMonitor
INFORMATION: Selektierte RadioButtons (Haltestellen) in neue ArrayList gespeichert.
Jän. 20, 2023 1:18:22 PM fhtw.trafficmonitor.Logging logTrafficMonitor
INFORMATION: Workflow beginnt mit Multithreading.
Jän. 20, 2023 1:18:22 PM fhtw.trafficmonitor.Logging logTrafficMonitor
INFORMATION: thread.current: 27, JavaFX Application Threadthread state: RUNNABLE true
Jän. 20, 2023 1:18:22 PM fhtw.trafficmonitor.Logging logTrafficMonitor
INFORMATION: Workflow 'run'
Jän. 20, 2023 1:18:22 PM fhtw.trafficmonitor.Logging logTrafficMonitor
INFORMATION:  ** Remove LineRecords that will not be used for display. LineRecords of lineName U1 remain.
Jän. 20, 2023 1:18:22 PM fhtw.trafficmonitor.Logging logTrafficMonitor
INFORMATION:  *******************************************************************************

Jän. 20, 2023 1:18:22 PM fhtw.trafficmonitor.Logging logTrafficMonitor
INFORMATION:  ** getKeyStage0 >> Thread.current: 40 index 0] for 60200666, Keplerplatz, U1, ptMetro
Jän. 20, 2023 1:18:22 PM fhtw.trafficmonitor.Logging logTrafficMonitor
INFORMATION:  *******************************************************************************
Jän. 20, 2023 1:18:22 PM fhtw.trafficmonitor.Logging logTrafficMonitor
INFORMATION:  *******************************************************************************

Jän. 20, 2023 1:18:22 PM fhtw.trafficmonitor.Logging logTrafficMonitor
INFORMATION:  ** getKeyStage1 >> Thread.current: 40 index 0] for 60200666, Keplerplatz, U1, ptMetro
Jän. 20, 2023 1:18:22 PM fhtw.trafficmonitor.Logging logTrafficMonitor
INFORMATION:  *******************************************************************************
Jän. 20, 2023 1:18:22 PM fhtw.trafficmonitor.Logging logTrafficMonitor
INFORMATION:  *******************************************************************************

Jän. 20, 2023 1:18:22 PM fhtw.trafficmonitor.Logging logTrafficMonitor
INFORMATION:  ** getKeyStage2 >> Thread.current: 40 index 0] for 60200666, Keplerplatz, U1, ptMetro
Jän. 20, 2023 1:18:22 PM fhtw.trafficmonitor.Logging logTrafficMonitor
INFORMATION:  *******************************************************************************
Jän. 20, 2023 1:18:22 PM fhtw.trafficmonitor.Logging logTrafficMonitor
INFORMATION:  *******************************************************************************

Jän. 20, 2023 1:18:22 PM fhtw.trafficmonitor.Logging logTrafficMonitor
INFORMATION:  ** Thread.current: 40 index 0] for 60200666, Keplerplatz, U1, ptMetro
Jän. 20, 2023 1:18:22 PM fhtw.trafficmonitor.Logging logTrafficMonitor
INFORMATION:  *******************************************************************************
Jän. 20, 2023 1:18:23 PM fhtw.trafficmonitor.Logging logTrafficMonitor
INFORMATION: Anzeigen der resultierenden Ergebnisse.
Jän. 20, 2023 1:18:26 PM fhtw.trafficmonitor.Logging logTrafficMonitor
INFORMATION: Löschen der Anzeige und der betroffenen Einträge in der Datenbank.
Jän. 20, 2023 1:18:26 PM fhtw.trafficmonitor.Logging logTrafficMonitor
INFORMATION: InfoLabel zurückgesetzt.
Jän. 20, 2023 1:18:29 PM fhtw.trafficmonitor.Logging logTrafficMonitor
INFORMATION: TrafficMonitor Hauptmenü U2 wurde geschlossen.
Jän. 20, 2023 1:18:29 PM fhtw.trafficmonitor.Logging logTrafficMonitor
INFORMATION: TrafficMonitor Hauptmenü U1 wurde geschlossen.
