Jän. 20, 2023 12:36:37 PM fhtw.trafficmonitor.Logging logTrafficMonitor
INFORMATION: Willkommen! Das Logging beginnt nun für den TrafficMonitor.
Jän. 20, 2023 12:36:37 PM fhtw.trafficmonitor.Logging logTrafficMonitor
INFORMATION: TrafficHauptmenü geöffnet
Jän. 20, 2023 12:36:40 PM fhtw.trafficmonitor.Logging logTrafficMonitor
INFORMATION: Button U1 wurde angeklickt.
Jän. 20, 2023 12:36:40 PM fhtw.trafficmonitor.Logging logTrafficMonitor
INFORMATION: Haltestellen aus csv in ArrayList<RadioButton> 'transportLineButtonsList' hinzugefügt
Jän. 20, 2023 12:36:40 PM fhtw.trafficmonitor.Logging logTrafficMonitor
INFORMATION: Erstellung des Fenster TrafficMonitor U1
Jän. 20, 2023 12:36:40 PM fhtw.trafficmonitor.Logging logTrafficMonitor
INFORMATION: TrafficMonitor Hauptmenü U1 ist nun geöffnet!
Jän. 20, 2023 12:36:43 PM fhtw.trafficmonitor.Logging logTrafficMonitor
INFORMATION: Button U2 wurde angeklickt.
Jän. 20, 2023 12:36:43 PM fhtw.trafficmonitor.Logging logTrafficMonitor
INFORMATION: Haltestellen aus csv in ArrayList<RadioButton> 'transportLineButtonsList' hinzugefügt
Jän. 20, 2023 12:36:43 PM fhtw.trafficmonitor.Logging logTrafficMonitor
INFORMATION: Erstellung des Fenster TrafficMonitor U2
Jän. 20, 2023 12:36:43 PM fhtw.trafficmonitor.Logging logTrafficMonitor
INFORMATION: TrafficMonitor Hauptmenü U2 ist nun geöffnet!
Jän. 20, 2023 12:36:49 PM fhtw.trafficmonitor.Logging logTrafficMonitor
INFORMATION: Aktualisieren geklickt
Jän. 20, 2023 12:36:49 PM fhtw.trafficmonitor.Logging logTrafficMonitor
INFORMATION: InfoLabel zurückgesetzt.
Jän. 20, 2023 12:36:49 PM fhtw.trafficmonitor.Logging logTrafficMonitor
INFORMATION: Selektierte RadioButtons (Haltestellen) in neue ArrayList gespeichert.
Jän. 20, 2023 12:36:49 PM fhtw.trafficmonitor.Logging logTrafficMonitor
INFORMATION: Workflow beginnt mit Multithreading.
Jän. 20, 2023 12:36:49 PM fhtw.trafficmonitor.Logging logTrafficMonitor
INFORMATION: Workflow 'run'
Jän. 20, 2023 12:36:49 PM fhtw.trafficmonitor.Logging logTrafficMonitor
INFORMATION:  ** Remove LineRecords that will not be used for display. LineRecords of lineName U2 remain.
Jän. 20, 2023 12:36:49 PM fhtw.trafficmonitor.Logging logTrafficMonitor
INFORMATION: thread.current: 27, JavaFX Application Threadthread state: RUNNABLE true
Jän. 20, 2023 12:36:49 PM fhtw.trafficmonitor.Logging logTrafficMonitor
INFORMATION: thread.current: 27, JavaFX Application Threadthread state: RUNNABLE true
Jän. 20, 2023 12:36:49 PM fhtw.trafficmonitor.Logging logTrafficMonitor
INFORMATION: Workflow 'run'
Jän. 20, 2023 12:36:49 PM fhtw.trafficmonitor.Logging logTrafficMonitor
INFORMATION:  ** Remove LineRecords that will not be used for display. LineRecords of lineName U2 remain.
Jän. 20, 2023 12:36:50 PM fhtw.trafficmonitor.Logging logTrafficMonitor
INFORMATION:  *******************************************************************************

Jän. 20, 2023 12:36:50 PM fhtw.trafficmonitor.Logging logTrafficMonitor
INFORMATION:  ** getKeyStage0 >> Thread.current: 33 index 0] for 60201892, Messe-Prater, U2, ptMetro
Jän. 20, 2023 12:36:50 PM fhtw.trafficmonitor.Logging logTrafficMonitor
INFORMATION:  *******************************************************************************
Jän. 20, 2023 12:36:50 PM fhtw.trafficmonitor.Logging logTrafficMonitor
INFORMATION:  *******************************************************************************

Jän. 20, 2023 12:36:50 PM fhtw.trafficmonitor.Logging logTrafficMonitor
INFORMATION:  ** getKeyStage1 >> Thread.current: 33 index 0] for 60201892, Messe-Prater, U2, ptMetro
Jän. 20, 2023 12:36:50 PM fhtw.trafficmonitor.Logging logTrafficMonitor
INFORMATION:  *******************************************************************************
Jän. 20, 2023 12:36:50 PM fhtw.trafficmonitor.Logging logTrafficMonitor
INFORMATION:  *******************************************************************************

Jän. 20, 2023 12:36:50 PM fhtw.trafficmonitor.Logging logTrafficMonitor
INFORMATION:  ** getKeyStage2 >> Thread.current: 33 index 0] for 60201892, Messe-Prater, U2, ptMetro
Jän. 20, 2023 12:36:50 PM fhtw.trafficmonitor.Logging logTrafficMonitor
INFORMATION:  *******************************************************************************
Jän. 20, 2023 12:36:50 PM fhtw.trafficmonitor.Logging logTrafficMonitor
INFORMATION:  *******************************************************************************

Jän. 20, 2023 12:36:50 PM fhtw.trafficmonitor.Logging logTrafficMonitor
INFORMATION:  ** Thread.current: 33 index 0] for 60201892, Messe-Prater, U2, ptMetro
Jän. 20, 2023 12:36:50 PM fhtw.trafficmonitor.Logging logTrafficMonitor
INFORMATION:  *******************************************************************************
Jän. 20, 2023 12:36:50 PM fhtw.trafficmonitor.Logging logTrafficMonitor
INFORMATION:  *******************************************************************************

Jän. 20, 2023 12:36:50 PM fhtw.trafficmonitor.Logging logTrafficMonitor
INFORMATION:  ** getKeyStage0 >> Thread.current: 34 index 1] for 60201893, Krieau, U2, ptMetro
Jän. 20, 2023 12:36:50 PM fhtw.trafficmonitor.Logging logTrafficMonitor
INFORMATION:  *******************************************************************************
Jän. 20, 2023 12:36:50 PM fhtw.trafficmonitor.Logging logTrafficMonitor
INFORMATION:  *******************************************************************************

Jän. 20, 2023 12:36:50 PM fhtw.trafficmonitor.Logging logTrafficMonitor
INFORMATION:  ** getKeyStage1 >> Thread.current: 34 index 1] for 60201893, Krieau, U2, ptMetro
Jän. 20, 2023 12:36:50 PM fhtw.trafficmonitor.Logging logTrafficMonitor
INFORMATION:  *******************************************************************************
Jän. 20, 2023 12:36:50 PM fhtw.trafficmonitor.Logging logTrafficMonitor
INFORMATION:  *******************************************************************************

Jän. 20, 2023 12:36:50 PM fhtw.trafficmonitor.Logging logTrafficMonitor
INFORMATION:  ** getKeyStage2 >> Thread.current: 34 index 1] for 60201893, Krieau, U2, ptMetro
Jän. 20, 2023 12:36:50 PM fhtw.trafficmonitor.Logging logTrafficMonitor
INFORMATION:  *******************************************************************************
Jän. 20, 2023 12:36:50 PM fhtw.trafficmonitor.Logging logTrafficMonitor
INFORMATION:  *******************************************************************************

Jän. 20, 2023 12:36:50 PM fhtw.trafficmonitor.Logging logTrafficMonitor
INFORMATION:  ** Thread.current: 34 index 1] for 60201893, Krieau, U2, ptMetro
Jän. 20, 2023 12:36:50 PM fhtw.trafficmonitor.Logging logTrafficMonitor
INFORMATION:  *******************************************************************************
Jän. 20, 2023 12:36:51 PM fhtw.trafficmonitor.Logging logTrafficMonitor
INFORMATION: Anzeigen der resultierenden Ergebnisse.
Jän. 20, 2023 12:36:54 PM fhtw.trafficmonitor.Logging logTrafficMonitor
INFORMATION: Löschen der Anzeige und der betroffenen Einträge in der Datenbank.
Jän. 20, 2023 12:36:54 PM fhtw.trafficmonitor.Logging logTrafficMonitor
INFORMATION: InfoLabel zurückgesetzt.
Jän. 20, 2023 12:36:56 PM fhtw.trafficmonitor.Logging logTrafficMonitor
INFORMATION: TrafficMonitor Hauptmenü U2 wurde geschlossen.
Jän. 20, 2023 12:36:59 PM fhtw.trafficmonitor.Logging logTrafficMonitor
INFORMATION: Aktualisieren geklickt
Jän. 20, 2023 12:36:59 PM fhtw.trafficmonitor.Logging logTrafficMonitor
INFORMATION: InfoLabel zurückgesetzt.
Jän. 20, 2023 12:36:59 PM fhtw.trafficmonitor.Logging logTrafficMonitor
INFORMATION: Selektierte RadioButtons (Haltestellen) in neue ArrayList gespeichert.
Jän. 20, 2023 12:36:59 PM fhtw.trafficmonitor.Logging logTrafficMonitor
INFORMATION: Workflow beginnt mit Multithreading.
Jän. 20, 2023 12:36:59 PM fhtw.trafficmonitor.Logging logTrafficMonitor
INFORMATION: thread.current: 27, JavaFX Application Threadthread state: RUNNABLE true
Jän. 20, 2023 12:36:59 PM fhtw.trafficmonitor.Logging logTrafficMonitor
INFORMATION: Workflow 'run'
Jän. 20, 2023 12:36:59 PM fhtw.trafficmonitor.Logging logTrafficMonitor
INFORMATION:  ** Remove LineRecords that will not be used for display. LineRecords of lineName U1 remain.
Jän. 20, 2023 12:36:59 PM fhtw.trafficmonitor.Logging logTrafficMonitor
INFORMATION: thread.current: 27, JavaFX Application Threadthread state: RUNNABLE true
Jän. 20, 2023 12:36:59 PM fhtw.trafficmonitor.Logging logTrafficMonitor
INFORMATION: Workflow 'run'
Jän. 20, 2023 12:36:59 PM fhtw.trafficmonitor.Logging logTrafficMonitor
INFORMATION:  ** Remove LineRecords that will not be used for display. LineRecords of lineName U1 remain.
Jän. 20, 2023 12:36:59 PM fhtw.trafficmonitor.Logging logTrafficMonitor
INFORMATION:  *******************************************************************************

Jän. 20, 2023 12:36:59 PM fhtw.trafficmonitor.Logging logTrafficMonitor
INFORMATION:  ** getKeyStage0 >> Thread.current: 40 index 0] for 60200014, Alaudagasse, U1, ptMetro
Jän. 20, 2023 12:36:59 PM fhtw.trafficmonitor.Logging logTrafficMonitor
INFORMATION:  *******************************************************************************
Jän. 20, 2023 12:36:59 PM fhtw.trafficmonitor.Logging logTrafficMonitor
INFORMATION:  *******************************************************************************

Jän. 20, 2023 12:36:59 PM fhtw.trafficmonitor.Logging logTrafficMonitor
INFORMATION:  ** getKeyStage1 >> Thread.current: 40 index 0] for 60200014, Alaudagasse, U1, ptMetro
Jän. 20, 2023 12:36:59 PM fhtw.trafficmonitor.Logging logTrafficMonitor
INFORMATION:  *******************************************************************************
Jän. 20, 2023 12:36:59 PM fhtw.trafficmonitor.Logging logTrafficMonitor
INFORMATION:  *******************************************************************************

Jän. 20, 2023 12:36:59 PM fhtw.trafficmonitor.Logging logTrafficMonitor
INFORMATION:  ** getKeyStage2 >> Thread.current: 40 index 0] for 60200014, Alaudagasse, U1, ptMetro
Jän. 20, 2023 12:36:59 PM fhtw.trafficmonitor.Logging logTrafficMonitor
INFORMATION:  *******************************************************************************
Jän. 20, 2023 12:36:59 PM fhtw.trafficmonitor.Logging logTrafficMonitor
INFORMATION:  *******************************************************************************

Jän. 20, 2023 12:36:59 PM fhtw.trafficmonitor.Logging logTrafficMonitor
INFORMATION:  ** Thread.current: 40 index 0] for 60200014, Alaudagasse, U1, ptMetro
Jän. 20, 2023 12:36:59 PM fhtw.trafficmonitor.Logging logTrafficMonitor
INFORMATION:  *******************************************************************************
Jän. 20, 2023 12:36:59 PM fhtw.trafficmonitor.Logging logTrafficMonitor
INFORMATION:  *******************************************************************************

Jän. 20, 2023 12:36:59 PM fhtw.trafficmonitor.Logging logTrafficMonitor
INFORMATION:  ** getKeyStage0 >> Thread.current: 41 index 1] for 60200033, Altes Landgut, U1, ptMetro
Jän. 20, 2023 12:36:59 PM fhtw.trafficmonitor.Logging logTrafficMonitor
INFORMATION:  *******************************************************************************
Jän. 20, 2023 12:36:59 PM fhtw.trafficmonitor.Logging logTrafficMonitor
INFORMATION:  *******************************************************************************

Jän. 20, 2023 12:36:59 PM fhtw.trafficmonitor.Logging logTrafficMonitor
INFORMATION:  ** getKeyStage1 >> Thread.current: 41 index 1] for 60200033, Altes Landgut, U1, ptMetro
Jän. 20, 2023 12:36:59 PM fhtw.trafficmonitor.Logging logTrafficMonitor
INFORMATION:  *******************************************************************************
Jän. 20, 2023 12:36:59 PM fhtw.trafficmonitor.Logging logTrafficMonitor
INFORMATION:  *******************************************************************************

Jän. 20, 2023 12:36:59 PM fhtw.trafficmonitor.Logging logTrafficMonitor
INFORMATION:  ** getKeyStage2 >> Thread.current: 41 index 1] for 60200033, Altes Landgut, U1, ptMetro
Jän. 20, 2023 12:36:59 PM fhtw.trafficmonitor.Logging logTrafficMonitor
INFORMATION:  *******************************************************************************
Jän. 20, 2023 12:36:59 PM fhtw.trafficmonitor.Logging logTrafficMonitor
INFORMATION:  *******************************************************************************

Jän. 20, 2023 12:36:59 PM fhtw.trafficmonitor.Logging logTrafficMonitor
INFORMATION:  ** Thread.current: 41 index 1] for 60200033, Altes Landgut, U1, ptMetro
Jän. 20, 2023 12:36:59 PM fhtw.trafficmonitor.Logging logTrafficMonitor
INFORMATION:  *******************************************************************************
Jän. 20, 2023 12:37:00 PM fhtw.trafficmonitor.Logging logTrafficMonitor
INFORMATION: Anzeigen der resultierenden Ergebnisse.
Jän. 20, 2023 12:37:03 PM fhtw.trafficmonitor.Logging logTrafficMonitor
INFORMATION: Löschen der Anzeige und der betroffenen Einträge in der Datenbank.
Jän. 20, 2023 12:37:03 PM fhtw.trafficmonitor.Logging logTrafficMonitor
INFORMATION: InfoLabel zurückgesetzt.
Jän. 20, 2023 12:37:06 PM fhtw.trafficmonitor.Logging logTrafficMonitor
INFORMATION: Aktualisieren geklickt
Jän. 20, 2023 12:37:06 PM fhtw.trafficmonitor.Logging logTrafficMonitor
INFORMATION: InfoLabel zurückgesetzt.
Jän. 20, 2023 12:37:06 PM fhtw.trafficmonitor.Logging logTrafficMonitor
INFORMATION: Selektierte RadioButtons (Haltestellen) in neue ArrayList gespeichert.
Jän. 20, 2023 12:37:06 PM fhtw.trafficmonitor.Logging logTrafficMonitor
INFORMATION: Keine Haltestelle ausgewählt.
Jän. 20, 2023 12:37:12 PM fhtw.trafficmonitor.Logging logTrafficMonitor
INFORMATION: Aktualisieren geklickt
Jän. 20, 2023 12:37:12 PM fhtw.trafficmonitor.Logging logTrafficMonitor
INFORMATION: InfoLabel zurückgesetzt.
Jän. 20, 2023 12:37:12 PM fhtw.trafficmonitor.Logging logTrafficMonitor
INFORMATION: Selektierte RadioButtons (Haltestellen) in neue ArrayList gespeichert.
Jän. 20, 2023 12:37:12 PM fhtw.trafficmonitor.Logging logTrafficMonitor
INFORMATION: Workflow beginnt mit Multithreading.
Jän. 20, 2023 12:37:12 PM fhtw.trafficmonitor.Logging logTrafficMonitor
INFORMATION: thread.current: 27, JavaFX Application Threadthread state: RUNNABLE true
Jän. 20, 2023 12:37:12 PM fhtw.trafficmonitor.Logging logTrafficMonitor
INFORMATION: Workflow 'run'
Jän. 20, 2023 12:37:12 PM fhtw.trafficmonitor.Logging logTrafficMonitor
INFORMATION:  ** Remove LineRecords that will not be used for display. LineRecords of lineName U1 remain.
Jän. 20, 2023 12:37:12 PM fhtw.trafficmonitor.Logging logTrafficMonitor
INFORMATION:  *******************************************************************************

Jän. 20, 2023 12:37:12 PM fhtw.trafficmonitor.Logging logTrafficMonitor
INFORMATION:  ** getKeyStage0 >> Thread.current: 47 index 0] for 60200769, Leopoldau, U1, ptMetro
Jän. 20, 2023 12:37:12 PM fhtw.trafficmonitor.Logging logTrafficMonitor
INFORMATION:  *******************************************************************************
Jän. 20, 2023 12:37:12 PM fhtw.trafficmonitor.Logging logTrafficMonitor
INFORMATION:  *******************************************************************************

Jän. 20, 2023 12:37:12 PM fhtw.trafficmonitor.Logging logTrafficMonitor
INFORMATION:  ** getKeyStage1 >> Thread.current: 47 index 0] for 60200769, Leopoldau, U1, ptMetro
Jän. 20, 2023 12:37:12 PM fhtw.trafficmonitor.Logging logTrafficMonitor
INFORMATION:  *******************************************************************************
Jän. 20, 2023 12:37:12 PM fhtw.trafficmonitor.Logging logTrafficMonitor
INFORMATION:  *******************************************************************************

Jän. 20, 2023 12:37:12 PM fhtw.trafficmonitor.Logging logTrafficMonitor
INFORMATION:  ** getKeyStage2 >> Thread.current: 47 index 0] for 60200769, Leopoldau, U1, ptMetro
Jän. 20, 2023 12:37:12 PM fhtw.trafficmonitor.Logging logTrafficMonitor
INFORMATION:  *******************************************************************************
Jän. 20, 2023 12:37:12 PM fhtw.trafficmonitor.Logging logTrafficMonitor
INFORMATION:  *******************************************************************************

Jän. 20, 2023 12:37:12 PM fhtw.trafficmonitor.Logging logTrafficMonitor
INFORMATION:  ** Thread.current: 47 index 0] for 60200769, Leopoldau, U1, ptMetro
Jän. 20, 2023 12:37:12 PM fhtw.trafficmonitor.Logging logTrafficMonitor
INFORMATION:  *******************************************************************************
Jän. 20, 2023 12:37:14 PM fhtw.trafficmonitor.Logging logTrafficMonitor
INFORMATION: Anzeigen der resultierenden Ergebnisse.
Jän. 20, 2023 12:37:20 PM fhtw.trafficmonitor.Logging logTrafficMonitor
INFORMATION: Aktualisieren geklickt
Jän. 20, 2023 12:37:20 PM fhtw.trafficmonitor.Logging logTrafficMonitor
INFORMATION: InfoLabel zurückgesetzt.
Jän. 20, 2023 12:37:20 PM fhtw.trafficmonitor.Logging logTrafficMonitor
INFORMATION: Selektierte RadioButtons (Haltestellen) in neue ArrayList gespeichert.
Jän. 20, 2023 12:37:20 PM fhtw.trafficmonitor.Logging logTrafficMonitor
INFORMATION: Workflow beginnt mit Multithreading.
Jän. 20, 2023 12:37:20 PM fhtw.trafficmonitor.Logging logTrafficMonitor
INFORMATION: thread.current: 27, JavaFX Application Threadthread state: RUNNABLE true
Jän. 20, 2023 12:37:20 PM fhtw.trafficmonitor.Logging logTrafficMonitor
INFORMATION: Workflow 'run'
Jän. 20, 2023 12:37:20 PM fhtw.trafficmonitor.Logging logTrafficMonitor
INFORMATION:  ** Remove LineRecords that will not be used for display. LineRecords of lineName U1 remain.
Jän. 20, 2023 12:37:20 PM fhtw.trafficmonitor.Logging logTrafficMonitor
INFORMATION: thread.current: 27, JavaFX Application Threadthread state: RUNNABLE true
Jän. 20, 2023 12:37:20 PM fhtw.trafficmonitor.Logging logTrafficMonitor
INFORMATION: Workflow 'run'
Jän. 20, 2023 12:37:20 PM fhtw.trafficmonitor.Logging logTrafficMonitor
INFORMATION:  ** Remove LineRecords that will not be used for display. LineRecords of lineName U1 remain.
Jän. 20, 2023 12:37:20 PM fhtw.trafficmonitor.Logging logTrafficMonitor
INFORMATION: thread.current: 27, JavaFX Application Threadthread state: RUNNABLE true
Jän. 20, 2023 12:37:20 PM fhtw.trafficmonitor.Logging logTrafficMonitor
INFORMATION: Workflow 'run'
Jän. 20, 2023 12:37:20 PM fhtw.trafficmonitor.Logging logTrafficMonitor
INFORMATION:  ** Remove LineRecords that will not be used for display. LineRecords of lineName U1 remain.
Jän. 20, 2023 12:37:20 PM fhtw.trafficmonitor.Logging logTrafficMonitor
INFORMATION:  *******************************************************************************

Jän. 20, 2023 12:37:20 PM fhtw.trafficmonitor.Logging logTrafficMonitor
INFORMATION:  ** getKeyStage0 >> Thread.current: 53 index 2] for 60200769, Leopoldau, U1, ptMetro
Jän. 20, 2023 12:37:20 PM fhtw.trafficmonitor.Logging logTrafficMonitor
INFORMATION:  *******************************************************************************
Jän. 20, 2023 12:37:20 PM fhtw.trafficmonitor.Logging logTrafficMonitor
INFORMATION:  *******************************************************************************

Jän. 20, 2023 12:37:20 PM fhtw.trafficmonitor.Logging logTrafficMonitor
INFORMATION:  ** getKeyStage1 >> Thread.current: 53 index 2] for 60200769, Leopoldau, U1, ptMetro
Jän. 20, 2023 12:37:20 PM fhtw.trafficmonitor.Logging logTrafficMonitor
INFORMATION:  *******************************************************************************
Jän. 20, 2023 12:37:20 PM fhtw.trafficmonitor.Logging logTrafficMonitor
INFORMATION:  *******************************************************************************

Jän. 20, 2023 12:37:20 PM fhtw.trafficmonitor.Logging logTrafficMonitor
INFORMATION:  ** getKeyStage2 >> Thread.current: 53 index 2] for 60200769, Leopoldau, U1, ptMetro
Jän. 20, 2023 12:37:20 PM fhtw.trafficmonitor.Logging logTrafficMonitor
INFORMATION:  *******************************************************************************
Jän. 20, 2023 12:37:20 PM fhtw.trafficmonitor.Logging logTrafficMonitor
INFORMATION:  *******************************************************************************

Jän. 20, 2023 12:37:20 PM fhtw.trafficmonitor.Logging logTrafficMonitor
INFORMATION:  ** Thread.current: 53 index 2] for 60200769, Leopoldau, U1, ptMetro
Jän. 20, 2023 12:37:20 PM fhtw.trafficmonitor.Logging logTrafficMonitor
INFORMATION:  *******************************************************************************
Jän. 20, 2023 12:37:20 PM fhtw.trafficmonitor.Logging logTrafficMonitor
INFORMATION:  *******************************************************************************

Jän. 20, 2023 12:37:20 PM fhtw.trafficmonitor.Logging logTrafficMonitor
INFORMATION:  ** getKeyStage0 >> Thread.current: 51 index 0] for 60201858, Aderklaaer Straße, U1, ptMetro
Jän. 20, 2023 12:37:20 PM fhtw.trafficmonitor.Logging logTrafficMonitor
INFORMATION:  *******************************************************************************
Jän. 20, 2023 12:37:20 PM fhtw.trafficmonitor.Logging logTrafficMonitor
INFORMATION:  *******************************************************************************

Jän. 20, 2023 12:37:20 PM fhtw.trafficmonitor.Logging logTrafficMonitor
INFORMATION:  ** getKeyStage1 >> Thread.current: 51 index 0] for 60201858, Aderklaaer Straße, U1, ptMetro
Jän. 20, 2023 12:37:20 PM fhtw.trafficmonitor.Logging logTrafficMonitor
INFORMATION:  *******************************************************************************
Jän. 20, 2023 12:37:20 PM fhtw.trafficmonitor.Logging logTrafficMonitor
INFORMATION:  *******************************************************************************

Jän. 20, 2023 12:37:20 PM fhtw.trafficmonitor.Logging logTrafficMonitor
INFORMATION:  ** getKeyStage2 >> Thread.current: 51 index 0] for 60201858, Aderklaaer Straße, U1, ptMetro
Jän. 20, 2023 12:37:20 PM fhtw.trafficmonitor.Logging logTrafficMonitor
INFORMATION:  *******************************************************************************
Jän. 20, 2023 12:37:20 PM fhtw.trafficmonitor.Logging logTrafficMonitor
INFORMATION:  *******************************************************************************

Jän. 20, 2023 12:37:20 PM fhtw.trafficmonitor.Logging logTrafficMonitor
INFORMATION:  ** Thread.current: 51 index 0] for 60201858, Aderklaaer Straße, U1, ptMetro
Jän. 20, 2023 12:37:20 PM fhtw.trafficmonitor.Logging logTrafficMonitor
INFORMATION:  *******************************************************************************
Jän. 20, 2023 12:37:20 PM fhtw.trafficmonitor.Logging logTrafficMonitor
INFORMATION:  *******************************************************************************

Jän. 20, 2023 12:37:20 PM fhtw.trafficmonitor.Logging logTrafficMonitor
INFORMATION:  ** getKeyStage0 >> Thread.current: 52 index 1] for 60201859, Großfeldsiedlung, U1, ptMetro
Jän. 20, 2023 12:37:20 PM fhtw.trafficmonitor.Logging logTrafficMonitor
INFORMATION:  *******************************************************************************
Jän. 20, 2023 12:37:20 PM fhtw.trafficmonitor.Logging logTrafficMonitor
INFORMATION:  *******************************************************************************

Jän. 20, 2023 12:37:21 PM fhtw.trafficmonitor.Logging logTrafficMonitor
INFORMATION:  ** getKeyStage1 >> Thread.current: 52 index 1] for 60201859, Großfeldsiedlung, U1, ptMetro
Jän. 20, 2023 12:37:21 PM fhtw.trafficmonitor.Logging logTrafficMonitor
INFORMATION:  *******************************************************************************
Jän. 20, 2023 12:37:21 PM fhtw.trafficmonitor.Logging logTrafficMonitor
INFORMATION:  *******************************************************************************

Jän. 20, 2023 12:37:21 PM fhtw.trafficmonitor.Logging logTrafficMonitor
INFORMATION:  ** getKeyStage2 >> Thread.current: 52 index 1] for 60201859, Großfeldsiedlung, U1, ptMetro
Jän. 20, 2023 12:37:21 PM fhtw.trafficmonitor.Logging logTrafficMonitor
INFORMATION:  *******************************************************************************
Jän. 20, 2023 12:37:21 PM fhtw.trafficmonitor.Logging logTrafficMonitor
INFORMATION:  *******************************************************************************

Jän. 20, 2023 12:37:21 PM fhtw.trafficmonitor.Logging logTrafficMonitor
INFORMATION:  ** Thread.current: 52 index 1] for 60201859, Großfeldsiedlung, U1, ptMetro
Jän. 20, 2023 12:37:21 PM fhtw.trafficmonitor.Logging logTrafficMonitor
INFORMATION:  *******************************************************************************
Jän. 20, 2023 12:37:22 PM fhtw.trafficmonitor.Logging logTrafficMonitor
INFORMATION: Anzeigen der resultierenden Ergebnisse.
Jän. 20, 2023 12:37:27 PM fhtw.trafficmonitor.Logging logTrafficMonitor
INFORMATION: Löschen der Anzeige und der betroffenen Einträge in der Datenbank.
Jän. 20, 2023 12:37:27 PM fhtw.trafficmonitor.Logging logTrafficMonitor
INFORMATION: InfoLabel zurückgesetzt.
Jän. 20, 2023 12:37:29 PM fhtw.trafficmonitor.Logging logTrafficMonitor
INFORMATION: TrafficMonitor Hauptmenü U1 wurde geschlossen.
