мар. 25, 2023 12:07:34 AM fhtw.trafficmonitor.Logging logTrafficMonitor
INFORMATION: Willkommen! Das Logging beginnt nun für den TrafficMonitor.
мар. 25, 2023 12:07:35 AM fhtw.trafficmonitor.Logging logTrafficMonitor
INFORMATION: TrafficHauptmenü geöffnet
мар. 25, 2023 12:07:36 AM fhtw.trafficmonitor.Logging logTrafficMonitor
INFORMATION: Button U1 wurde angeklickt.
мар. 25, 2023 12:07:36 AM fhtw.trafficmonitor.Logging logTrafficMonitor
INFORMATION: Haltestellen aus csv in ArrayList<RadioButton> 'transportLineButtonsList' hinzugefügt
мар. 25, 2023 12:07:36 AM fhtw.trafficmonitor.Logging logTrafficMonitor
INFORMATION: Erstellung des Fenster TrafficMonitor U1
мар. 25, 2023 12:07:36 AM fhtw.trafficmonitor.Logging logTrafficMonitor
INFORMATION: TrafficMonitor Hauptmenü U1 ist nun geöffnet!
мар. 25, 2023 12:07:39 AM fhtw.trafficmonitor.Logging logTrafficMonitor
INFORMATION: Aktualisieren geklickt
мар. 25, 2023 12:07:39 AM fhtw.trafficmonitor.Logging logTrafficMonitor
INFORMATION: InfoLabel zurückgesetzt.
мар. 25, 2023 12:07:39 AM fhtw.trafficmonitor.Logging logTrafficMonitor
INFORMATION: Selektierte RadioButtons (Haltestellen) in neue ArrayList gespeichert.
мар. 25, 2023 12:07:39 AM fhtw.trafficmonitor.Logging logTrafficMonitor
INFORMATION: Workflow beginnt mit Multithreading.
мар. 25, 2023 12:07:39 AM fhtw.trafficmonitor.Logging logTrafficMonitor
INFORMATION: Workflow 'run'
мар. 25, 2023 12:07:39 AM fhtw.trafficmonitor.Logging logTrafficMonitor
INFORMATION:  ** Remove LineRecords that will not be used for display. LineRecords of lineName U1 remain.
мар. 25, 2023 12:07:39 AM fhtw.trafficmonitor.Logging logTrafficMonitor
INFORMATION: Workflow 'run'
мар. 25, 2023 12:07:39 AM fhtw.trafficmonitor.Logging logTrafficMonitor
INFORMATION:  ** Remove LineRecords that will not be used for display. LineRecords of lineName U1 remain.
мар. 25, 2023 12:07:39 AM fhtw.trafficmonitor.Logging logTrafficMonitor
INFORMATION: thread.current: 54, pool-3-thread-2thread state: RUNNABLE true
мар. 25, 2023 12:07:39 AM fhtw.trafficmonitor.Logging logTrafficMonitor
INFORMATION: thread.current: 53, pool-3-thread-1thread state: RUNNABLE true
мар. 25, 2023 12:07:39 AM fhtw.trafficmonitor.Logging logTrafficMonitor
INFORMATION: thread.current: 54, pool-3-thread-2thread state: RUNNABLE true
мар. 25, 2023 12:07:39 AM fhtw.trafficmonitor.Logging logTrafficMonitor
INFORMATION: thread.current: 53, pool-3-thread-1thread state: RUNNABLE true
мар. 25, 2023 12:07:39 AM fhtw.trafficmonitor.Logging logTrafficMonitor
INFORMATION: Workflow 'run'
мар. 25, 2023 12:07:39 AM fhtw.trafficmonitor.Logging logTrafficMonitor
INFORMATION: Workflow 'run'
мар. 25, 2023 12:07:39 AM fhtw.trafficmonitor.Logging logTrafficMonitor
INFORMATION:  ** Remove LineRecords that will not be used for display. LineRecords of lineName U1 remain.
мар. 25, 2023 12:07:39 AM fhtw.trafficmonitor.Logging logTrafficMonitor
INFORMATION:  ** Remove LineRecords that will not be used for display. LineRecords of lineName U1 remain.
мар. 25, 2023 12:07:39 AM fhtw.trafficmonitor.Logging logTrafficMonitor
INFORMATION:  *******************************************************************************

мар. 25, 2023 12:07:39 AM fhtw.trafficmonitor.Logging logTrafficMonitor
INFORMATION:  ** getKeyStage0 >> Thread.current: 56 index 0] for 60200234, Donauinsel, U1, ptMetro
мар. 25, 2023 12:07:39 AM fhtw.trafficmonitor.Logging logTrafficMonitor
INFORMATION:  *******************************************************************************
мар. 25, 2023 12:07:39 AM fhtw.trafficmonitor.Logging logTrafficMonitor
INFORMATION:  *******************************************************************************

мар. 25, 2023 12:07:39 AM fhtw.trafficmonitor.Logging logTrafficMonitor
INFORMATION:  ** getKeyStage0 >> Thread.current: 58 index 1] for 60200641, Kaisermühlen-VIC, U1, ptMetro
мар. 25, 2023 12:07:39 AM fhtw.trafficmonitor.Logging logTrafficMonitor
INFORMATION:  *******************************************************************************

мар. 25, 2023 12:07:39 AM fhtw.trafficmonitor.Logging logTrafficMonitor
INFORMATION:  *******************************************************************************
мар. 25, 2023 12:07:39 AM fhtw.trafficmonitor.Logging logTrafficMonitor
INFORMATION:  ** getKeyStage0 >> Thread.current: 57 index 1] for 60200641, Kaisermühlen-VIC, U1, ptMetro
мар. 25, 2023 12:07:39 AM fhtw.trafficmonitor.Logging logTrafficMonitor
INFORMATION:  *******************************************************************************
мар. 25, 2023 12:07:40 AM fhtw.trafficmonitor.Logging logTrafficMonitor
INFORMATION:  *******************************************************************************

мар. 25, 2023 12:07:40 AM fhtw.trafficmonitor.Logging logTrafficMonitor
INFORMATION:  ** getKeyStage0 >> Thread.current: 55 index 0] for 60200234, Donauinsel, U1, ptMetro
мар. 25, 2023 12:07:40 AM fhtw.trafficmonitor.Logging logTrafficMonitor
INFORMATION:  *******************************************************************************
мар. 25, 2023 12:07:40 AM fhtw.trafficmonitor.Logging logTrafficMonitor
INFORMATION:  *******************************************************************************

мар. 25, 2023 12:07:40 AM fhtw.trafficmonitor.Logging logTrafficMonitor
INFORMATION:  *******************************************************************************

мар. 25, 2023 12:07:40 AM fhtw.trafficmonitor.Logging logTrafficMonitor
INFORMATION:  *******************************************************************************

мар. 25, 2023 12:07:40 AM fhtw.trafficmonitor.Logging logTrafficMonitor
INFORMATION:  ** getKeyStage1 >> Thread.current: 56 index 0] for 60200234, Donauinsel, U1, ptMetro
мар. 25, 2023 12:07:40 AM fhtw.trafficmonitor.Logging logTrafficMonitor
INFORMATION:  ** getKeyStage1 >> Thread.current: 57 index 1] for 60200641, Kaisermühlen-VIC, U1, ptMetro
мар. 25, 2023 12:07:40 AM fhtw.trafficmonitor.Logging logTrafficMonitor
INFORMATION:  ** getKeyStage1 >> Thread.current: 58 index 1] for 60200641, Kaisermühlen-VIC, U1, ptMetro
мар. 25, 2023 12:07:40 AM fhtw.trafficmonitor.Logging logTrafficMonitor
INFORMATION:  *******************************************************************************
мар. 25, 2023 12:07:40 AM fhtw.trafficmonitor.Logging logTrafficMonitor
INFORMATION:  *******************************************************************************
мар. 25, 2023 12:07:40 AM fhtw.trafficmonitor.Logging logTrafficMonitor
INFORMATION:  *******************************************************************************
мар. 25, 2023 12:07:40 AM fhtw.trafficmonitor.Logging logTrafficMonitor
INFORMATION:  *******************************************************************************

мар. 25, 2023 12:07:40 AM fhtw.trafficmonitor.Logging logTrafficMonitor
INFORMATION:  ** getKeyStage1 >> Thread.current: 55 index 0] for 60200234, Donauinsel, U1, ptMetro
мар. 25, 2023 12:07:40 AM fhtw.trafficmonitor.Logging logTrafficMonitor
INFORMATION:  *******************************************************************************
мар. 25, 2023 12:07:40 AM fhtw.trafficmonitor.Logging logTrafficMonitor
INFORMATION:  *******************************************************************************

мар. 25, 2023 12:07:40 AM fhtw.trafficmonitor.Logging logTrafficMonitor
INFORMATION:  *******************************************************************************

мар. 25, 2023 12:07:40 AM fhtw.trafficmonitor.Logging logTrafficMonitor
INFORMATION:  ** getKeyStage2 >> Thread.current: 58 index 1] for 60200641, Kaisermühlen-VIC, U1, ptMetro
мар. 25, 2023 12:07:40 AM fhtw.trafficmonitor.Logging logTrafficMonitor
INFORMATION:  ** getKeyStage2 >> Thread.current: 56 index 0] for 60200234, Donauinsel, U1, ptMetro
мар. 25, 2023 12:07:40 AM fhtw.trafficmonitor.Logging logTrafficMonitor
INFORMATION:  *******************************************************************************
мар. 25, 2023 12:07:40 AM fhtw.trafficmonitor.Logging logTrafficMonitor
INFORMATION:  *******************************************************************************
мар. 25, 2023 12:07:40 AM fhtw.trafficmonitor.Logging logTrafficMonitor
INFORMATION:  *******************************************************************************

мар. 25, 2023 12:07:40 AM fhtw.trafficmonitor.Logging logTrafficMonitor
INFORMATION:  *******************************************************************************

мар. 25, 2023 12:07:40 AM fhtw.trafficmonitor.Logging logTrafficMonitor
INFORMATION:  ** Thread.current: 58 index 1] for 60200641, Kaisermühlen-VIC, U1, ptMetro
мар. 25, 2023 12:07:40 AM fhtw.trafficmonitor.Logging logTrafficMonitor
INFORMATION:  ** Thread.current: 56 index 0] for 60200234, Donauinsel, U1, ptMetro
мар. 25, 2023 12:07:40 AM fhtw.trafficmonitor.Logging logTrafficMonitor
INFORMATION:  *******************************************************************************
мар. 25, 2023 12:07:40 AM fhtw.trafficmonitor.Logging logTrafficMonitor
INFORMATION:  *******************************************************************************
