мар. 25, 2023 12:27:58 AM fhtw.trafficmonitor.Logging logTrafficMonitor
INFORMATION: Willkommen! Das Logging beginnt nun für den TrafficMonitor.
мар. 25, 2023 12:27:59 AM fhtw.trafficmonitor.Logging logTrafficMonitor
INFORMATION: TrafficHauptmenü geöffnet
мар. 25, 2023 12:28:00 AM fhtw.trafficmonitor.Logging logTrafficMonitor
INFORMATION: Button U2 wurde angeklickt.
мар. 25, 2023 12:28:00 AM fhtw.trafficmonitor.Logging logTrafficMonitor
INFORMATION: Haltestellen aus csv in ArrayList<RadioButton> 'transportLineButtonsList' hinzugefügt
мар. 25, 2023 12:28:00 AM fhtw.trafficmonitor.Logging logTrafficMonitor
INFORMATION: Erstellung des Fenster TrafficMonitor U2
мар. 25, 2023 12:28:00 AM fhtw.trafficmonitor.Logging logTrafficMonitor
INFORMATION: TrafficMonitor Hauptmenü U2 ist nun geöffnet!
мар. 25, 2023 12:28:03 AM fhtw.trafficmonitor.Logging logTrafficMonitor
INFORMATION: Aktualisieren geklickt
мар. 25, 2023 12:28:03 AM fhtw.trafficmonitor.Logging logTrafficMonitor
INFORMATION: InfoLabel zurückgesetzt.
мар. 25, 2023 12:28:03 AM fhtw.trafficmonitor.Logging logTrafficMonitor
INFORMATION: Selektierte RadioButtons (Haltestellen) in neue ArrayList gespeichert.
мар. 25, 2023 12:28:03 AM fhtw.trafficmonitor.Logging logTrafficMonitor
INFORMATION: Workflow beginnt mit Multithreading.
мар. 25, 2023 12:28:03 AM fhtw.trafficmonitor.Logging logTrafficMonitor
INFORMATION: Workflow 'run'
мар. 25, 2023 12:28:03 AM fhtw.trafficmonitor.Logging logTrafficMonitor
INFORMATION: Workflow 'run'
мар. 25, 2023 12:28:03 AM fhtw.trafficmonitor.Logging logTrafficMonitor
INFORMATION:  ** Remove LineRecords that will not be used for display. LineRecords of lineName U2 remain.
мар. 25, 2023 12:28:03 AM fhtw.trafficmonitor.Logging logTrafficMonitor
INFORMATION:  ** Remove LineRecords that will not be used for display. LineRecords of lineName U2 remain.
мар. 25, 2023 12:28:03 AM fhtw.trafficmonitor.Logging logTrafficMonitor
INFORMATION: thread.current: 53, pool-3-thread-1thread state: RUNNABLE true
мар. 25, 2023 12:28:03 AM fhtw.trafficmonitor.Logging logTrafficMonitor
INFORMATION: thread.current: 54, pool-3-thread-2thread state: RUNNABLE true
мар. 25, 2023 12:28:03 AM fhtw.trafficmonitor.Logging logTrafficMonitor
INFORMATION: thread.current: 53, pool-3-thread-1thread state: RUNNABLE true
мар. 25, 2023 12:28:03 AM fhtw.trafficmonitor.Logging logTrafficMonitor
INFORMATION: thread.current: 54, pool-3-thread-2thread state: RUNNABLE true
мар. 25, 2023 12:28:03 AM fhtw.trafficmonitor.Logging logTrafficMonitor
INFORMATION: Workflow 'run'
мар. 25, 2023 12:28:03 AM fhtw.trafficmonitor.Logging logTrafficMonitor
INFORMATION: Workflow 'run'
мар. 25, 2023 12:28:03 AM fhtw.trafficmonitor.Logging logTrafficMonitor
INFORMATION:  ** Remove LineRecords that will not be used for display. LineRecords of lineName U2 remain.
мар. 25, 2023 12:28:03 AM fhtw.trafficmonitor.Logging logTrafficMonitor
INFORMATION:  ** Remove LineRecords that will not be used for display. LineRecords of lineName U2 remain.
мар. 25, 2023 12:28:04 AM fhtw.trafficmonitor.Logging logTrafficMonitor
INFORMATION:  *******************************************************************************

мар. 25, 2023 12:28:04 AM fhtw.trafficmonitor.Logging logTrafficMonitor
INFORMATION:  *******************************************************************************

мар. 25, 2023 12:28:04 AM fhtw.trafficmonitor.Logging logTrafficMonitor
INFORMATION:  *******************************************************************************

мар. 25, 2023 12:28:04 AM fhtw.trafficmonitor.Logging logTrafficMonitor
INFORMATION:  ** getKeyStage0 >> Thread.current: 56 index 0] for 60201278, Donauspital, U2, ptMetro
мар. 25, 2023 12:28:04 AM fhtw.trafficmonitor.Logging logTrafficMonitor
INFORMATION:  ** getKeyStage0 >> Thread.current: 58 index 1] for 60200299, Aspernstraße, U2, ptMetro
мар. 25, 2023 12:28:04 AM fhtw.trafficmonitor.Logging logTrafficMonitor
INFORMATION:  *******************************************************************************
мар. 25, 2023 12:28:04 AM fhtw.trafficmonitor.Logging logTrafficMonitor
INFORMATION:  ** getKeyStage0 >> Thread.current: 55 index 0] for 60201278, Donauspital, U2, ptMetro
мар. 25, 2023 12:28:04 AM fhtw.trafficmonitor.Logging logTrafficMonitor
INFORMATION:  *******************************************************************************
мар. 25, 2023 12:28:04 AM fhtw.trafficmonitor.Logging logTrafficMonitor
INFORMATION:  *******************************************************************************
мар. 25, 2023 12:28:04 AM fhtw.trafficmonitor.Logging logTrafficMonitor
INFORMATION:  *******************************************************************************

мар. 25, 2023 12:28:04 AM fhtw.trafficmonitor.Logging logTrafficMonitor
INFORMATION:  *******************************************************************************

мар. 25, 2023 12:28:04 AM fhtw.trafficmonitor.Logging logTrafficMonitor
INFORMATION:  *******************************************************************************

мар. 25, 2023 12:28:04 AM fhtw.trafficmonitor.Logging logTrafficMonitor
INFORMATION:  ** getKeyStage1 >> Thread.current: 58 index 1] for 60200299, Aspernstraße, U2, ptMetro
мар. 25, 2023 12:28:04 AM fhtw.trafficmonitor.Logging logTrafficMonitor
INFORMATION:  ** getKeyStage1 >> Thread.current: 55 index 0] for 60201278, Donauspital, U2, ptMetro
мар. 25, 2023 12:28:04 AM fhtw.trafficmonitor.Logging logTrafficMonitor
INFORMATION:  *******************************************************************************
мар. 25, 2023 12:28:04 AM fhtw.trafficmonitor.Logging logTrafficMonitor
INFORMATION:  ** getKeyStage1 >> Thread.current: 56 index 0] for 60201278, Donauspital, U2, ptMetro
мар. 25, 2023 12:28:04 AM fhtw.trafficmonitor.Logging logTrafficMonitor
INFORMATION:  *******************************************************************************
мар. 25, 2023 12:28:04 AM fhtw.trafficmonitor.Logging logTrafficMonitor
INFORMATION:  *******************************************************************************
мар. 25, 2023 12:28:04 AM fhtw.trafficmonitor.Logging logTrafficMonitor
INFORMATION:  *******************************************************************************

мар. 25, 2023 12:28:04 AM fhtw.trafficmonitor.Logging logTrafficMonitor
INFORMATION:  *******************************************************************************

мар. 25, 2023 12:28:04 AM fhtw.trafficmonitor.Logging logTrafficMonitor
INFORMATION:  ** getKeyStage2 >> Thread.current: 56 index 0] for 60201278, Donauspital, U2, ptMetro
мар. 25, 2023 12:28:04 AM fhtw.trafficmonitor.Logging logTrafficMonitor
INFORMATION:  ** getKeyStage2 >> Thread.current: 58 index 1] for 60200299, Aspernstraße, U2, ptMetro
мар. 25, 2023 12:28:04 AM fhtw.trafficmonitor.Logging logTrafficMonitor
INFORMATION:  *******************************************************************************
мар. 25, 2023 12:28:04 AM fhtw.trafficmonitor.Logging logTrafficMonitor
INFORMATION:  *******************************************************************************
мар. 25, 2023 12:28:04 AM fhtw.trafficmonitor.Logging logTrafficMonitor
INFORMATION:  *******************************************************************************

мар. 25, 2023 12:28:04 AM fhtw.trafficmonitor.Logging logTrafficMonitor
INFORMATION:  *******************************************************************************

мар. 25, 2023 12:28:04 AM fhtw.trafficmonitor.Logging logTrafficMonitor
INFORMATION:  ** Thread.current: 56 index 0] for 60201278, Donauspital, U2, ptMetro
мар. 25, 2023 12:28:04 AM fhtw.trafficmonitor.Logging logTrafficMonitor
INFORMATION:  ** Thread.current: 58 index 1] for 60200299, Aspernstraße, U2, ptMetro
мар. 25, 2023 12:28:04 AM fhtw.trafficmonitor.Logging logTrafficMonitor
INFORMATION:  *******************************************************************************
мар. 25, 2023 12:28:04 AM fhtw.trafficmonitor.Logging logTrafficMonitor
INFORMATION:  *******************************************************************************
мар. 25, 2023 12:28:09 AM fhtw.trafficmonitor.Logging logTrafficMonitor
INFORMATION:  *******************************************************************************

мар. 25, 2023 12:28:09 AM fhtw.trafficmonitor.Logging logTrafficMonitor
INFORMATION:  ** getKeyStage0 >> Thread.current: 57 index 1] for 60200299, Aspernstraße, U2, ptMetro
мар. 25, 2023 12:28:09 AM fhtw.trafficmonitor.Logging logTrafficMonitor
INFORMATION:  *******************************************************************************
мар. 25, 2023 12:28:09 AM fhtw.trafficmonitor.Logging logTrafficMonitor
INFORMATION:  *******************************************************************************

мар. 25, 2023 12:28:09 AM fhtw.trafficmonitor.Logging logTrafficMonitor
INFORMATION:  ** getKeyStage1 >> Thread.current: 57 index 1] for 60200299, Aspernstraße, U2, ptMetro
мар. 25, 2023 12:28:09 AM fhtw.trafficmonitor.Logging logTrafficMonitor
INFORMATION:  *******************************************************************************
мар. 25, 2023 12:28:09 AM fhtw.trafficmonitor.Logging logTrafficMonitor
INFORMATION:  *******************************************************************************

мар. 25, 2023 12:28:09 AM fhtw.trafficmonitor.Logging logTrafficMonitor
INFORMATION:  ** getKeyStage2 >> Thread.current: 57 index 1] for 60200299, Aspernstraße, U2, ptMetro
мар. 25, 2023 12:28:09 AM fhtw.trafficmonitor.Logging logTrafficMonitor
INFORMATION:  *******************************************************************************
мар. 25, 2023 12:28:09 AM fhtw.trafficmonitor.Logging logTrafficMonitor
INFORMATION:  *******************************************************************************

мар. 25, 2023 12:28:09 AM fhtw.trafficmonitor.Logging logTrafficMonitor
INFORMATION:  ** Thread.current: 57 index 1] for 60200299, Aspernstraße, U2, ptMetro
мар. 25, 2023 12:28:09 AM fhtw.trafficmonitor.Logging logTrafficMonitor
INFORMATION:  *******************************************************************************
