мар. 22, 2023 8:45:38 PM fhtw.trafficmonitor.Logging logTrafficMonitor
INFORMATION: Willkommen! Das Logging beginnt nun für den TrafficMonitor.
мар. 22, 2023 8:45:39 PM fhtw.trafficmonitor.Logging logTrafficMonitor
INFORMATION: TrafficHauptmenü geöffnet
мар. 22, 2023 8:45:41 PM fhtw.trafficmonitor.Logging logTrafficMonitor
INFORMATION: Button U1 wurde angeklickt.
мар. 22, 2023 8:45:41 PM fhtw.trafficmonitor.Logging logTrafficMonitor
INFORMATION: Haltestellen aus csv in ArrayList<RadioButton> 'transportLineButtonsList' hinzugefügt
мар. 22, 2023 8:45:41 PM fhtw.trafficmonitor.Logging logTrafficMonitor
INFORMATION: Erstellung des Fenster TrafficMonitor U1
мар. 22, 2023 8:45:41 PM fhtw.trafficmonitor.Logging logTrafficMonitor
INFORMATION: TrafficMonitor Hauptmenü U1 ist nun geöffnet!
мар. 22, 2023 8:45:46 PM fhtw.trafficmonitor.Logging logTrafficMonitor
INFORMATION: Aktualisieren geklickt
мар. 22, 2023 8:45:46 PM fhtw.trafficmonitor.Logging logTrafficMonitor
INFORMATION: InfoLabel zurückgesetzt.
мар. 22, 2023 8:45:46 PM fhtw.trafficmonitor.Logging logTrafficMonitor
INFORMATION: Selektierte RadioButtons (Haltestellen) in neue ArrayList gespeichert.
мар. 22, 2023 8:45:46 PM fhtw.trafficmonitor.Logging logTrafficMonitor
INFORMATION: Keine Haltestelle ausgewählt.
мар. 22, 2023 8:45:51 PM fhtw.trafficmonitor.Logging logTrafficMonitor
INFORMATION: Aktualisieren geklickt
мар. 22, 2023 8:45:51 PM fhtw.trafficmonitor.Logging logTrafficMonitor
INFORMATION: InfoLabel zurückgesetzt.
мар. 22, 2023 8:45:51 PM fhtw.trafficmonitor.Logging logTrafficMonitor
INFORMATION: Selektierte RadioButtons (Haltestellen) in neue ArrayList gespeichert.
мар. 22, 2023 8:45:51 PM fhtw.trafficmonitor.Logging logTrafficMonitor
INFORMATION: Workflow beginnt mit Multithreading.
мар. 22, 2023 8:45:51 PM fhtw.trafficmonitor.Logging logTrafficMonitor
INFORMATION: Workflow 'run'
мар. 22, 2023 8:45:51 PM fhtw.trafficmonitor.Logging logTrafficMonitor
INFORMATION:  ** Remove LineRecords that will not be used for display. LineRecords of lineName U1 remain.
мар. 22, 2023 8:45:51 PM fhtw.trafficmonitor.Logging logTrafficMonitor
INFORMATION: thread.current: 34, JavaFX Application Threadthread state: RUNNABLE true
мар. 22, 2023 8:45:51 PM fhtw.trafficmonitor.Logging logTrafficMonitor
INFORMATION: thread.current: 34, JavaFX Application Threadthread state: RUNNABLE true
мар. 22, 2023 8:45:51 PM fhtw.trafficmonitor.Logging logTrafficMonitor
INFORMATION: Workflow 'run'
мар. 22, 2023 8:45:51 PM fhtw.trafficmonitor.Logging logTrafficMonitor
INFORMATION:  ** Remove LineRecords that will not be used for display. LineRecords of lineName U1 remain.
мар. 22, 2023 8:45:51 PM fhtw.trafficmonitor.Logging logTrafficMonitor
INFORMATION:  *******************************************************************************

мар. 22, 2023 8:45:51 PM fhtw.trafficmonitor.Logging logTrafficMonitor
INFORMATION:  ** getKeyStage0 >> Thread.current: 53 index 1] for 60200627, Kagran, U1, ptMetro
мар. 22, 2023 8:45:51 PM fhtw.trafficmonitor.Logging logTrafficMonitor
INFORMATION:  *******************************************************************************
мар. 22, 2023 8:45:51 PM fhtw.trafficmonitor.Logging logTrafficMonitor
INFORMATION:  *******************************************************************************

мар. 22, 2023 8:45:51 PM fhtw.trafficmonitor.Logging logTrafficMonitor
INFORMATION:  ** getKeyStage1 >> Thread.current: 53 index 1] for 60200627, Kagran, U1, ptMetro
мар. 22, 2023 8:45:51 PM fhtw.trafficmonitor.Logging logTrafficMonitor
INFORMATION:  *******************************************************************************
мар. 22, 2023 8:45:51 PM fhtw.trafficmonitor.Logging logTrafficMonitor
INFORMATION:  *******************************************************************************

мар. 22, 2023 8:45:51 PM fhtw.trafficmonitor.Logging logTrafficMonitor
INFORMATION:  ** getKeyStage2 >> Thread.current: 53 index 1] for 60200627, Kagran, U1, ptMetro
мар. 22, 2023 8:45:51 PM fhtw.trafficmonitor.Logging logTrafficMonitor
INFORMATION:  *******************************************************************************
мар. 22, 2023 8:45:51 PM fhtw.trafficmonitor.Logging logTrafficMonitor
INFORMATION:  *******************************************************************************

мар. 22, 2023 8:45:51 PM fhtw.trafficmonitor.Logging logTrafficMonitor
INFORMATION:  ** Thread.current: 53 index 1] for 60200627, Kagran, U1, ptMetro
мар. 22, 2023 8:45:51 PM fhtw.trafficmonitor.Logging logTrafficMonitor
INFORMATION:  *******************************************************************************
мар. 22, 2023 8:45:52 PM fhtw.trafficmonitor.Logging logTrafficMonitor
INFORMATION: Anzeigen der resultierenden Ergebnisse.
мар. 22, 2023 8:45:56 PM fhtw.trafficmonitor.Logging logTrafficMonitor
INFORMATION:  *******************************************************************************

мар. 22, 2023 8:45:56 PM fhtw.trafficmonitor.Logging logTrafficMonitor
INFORMATION:  ** getKeyStage0 >> Thread.current: 52 index 0] for 60200031, Alte Donau, U1, ptMetro
мар. 22, 2023 8:45:56 PM fhtw.trafficmonitor.Logging logTrafficMonitor
INFORMATION:  *******************************************************************************
мар. 22, 2023 8:45:56 PM fhtw.trafficmonitor.Logging logTrafficMonitor
INFORMATION:  *******************************************************************************

мар. 22, 2023 8:45:56 PM fhtw.trafficmonitor.Logging logTrafficMonitor
INFORMATION:  ** getKeyStage1 >> Thread.current: 52 index 0] for 60200031, Alte Donau, U1, ptMetro
мар. 22, 2023 8:45:56 PM fhtw.trafficmonitor.Logging logTrafficMonitor
INFORMATION:  *******************************************************************************
мар. 22, 2023 8:45:56 PM fhtw.trafficmonitor.Logging logTrafficMonitor
INFORMATION:  *******************************************************************************

мар. 22, 2023 8:45:56 PM fhtw.trafficmonitor.Logging logTrafficMonitor
INFORMATION:  ** getKeyStage2 >> Thread.current: 52 index 0] for 60200031, Alte Donau, U1, ptMetro
мар. 22, 2023 8:45:56 PM fhtw.trafficmonitor.Logging logTrafficMonitor
INFORMATION:  *******************************************************************************
мар. 22, 2023 8:45:56 PM fhtw.trafficmonitor.Logging logTrafficMonitor
INFORMATION:  *******************************************************************************

мар. 22, 2023 8:45:56 PM fhtw.trafficmonitor.Logging logTrafficMonitor
INFORMATION:  ** Thread.current: 52 index 0] for 60200031, Alte Donau, U1, ptMetro
мар. 22, 2023 8:45:56 PM fhtw.trafficmonitor.Logging logTrafficMonitor
INFORMATION:  *******************************************************************************
мар. 22, 2023 8:45:59 PM fhtw.trafficmonitor.Logging logTrafficMonitor
INFORMATION: Aktualisieren geklickt
мар. 22, 2023 8:45:59 PM fhtw.trafficmonitor.Logging logTrafficMonitor
INFORMATION: InfoLabel zurückgesetzt.
мар. 22, 2023 8:45:59 PM fhtw.trafficmonitor.Logging logTrafficMonitor
INFORMATION: Selektierte RadioButtons (Haltestellen) in neue ArrayList gespeichert.
мар. 22, 2023 8:45:59 PM fhtw.trafficmonitor.Logging logTrafficMonitor
INFORMATION: Workflow beginnt mit Multithreading.
мар. 22, 2023 8:45:59 PM fhtw.trafficmonitor.Logging logTrafficMonitor
INFORMATION: thread.current: 34, JavaFX Application Threadthread state: RUNNABLE true
мар. 22, 2023 8:45:59 PM fhtw.trafficmonitor.Logging logTrafficMonitor
INFORMATION: Workflow 'run'
мар. 22, 2023 8:45:59 PM fhtw.trafficmonitor.Logging logTrafficMonitor
INFORMATION:  ** Remove LineRecords that will not be used for display. LineRecords of lineName U1 remain.
мар. 22, 2023 8:45:59 PM fhtw.trafficmonitor.Logging logTrafficMonitor
INFORMATION: thread.current: 34, JavaFX Application Threadthread state: RUNNABLE true
мар. 22, 2023 8:45:59 PM fhtw.trafficmonitor.Logging logTrafficMonitor
INFORMATION: Workflow 'run'
мар. 22, 2023 8:45:59 PM fhtw.trafficmonitor.Logging logTrafficMonitor
INFORMATION:  ** Remove LineRecords that will not be used for display. LineRecords of lineName U1 remain.
мар. 22, 2023 8:45:59 PM fhtw.trafficmonitor.Logging logTrafficMonitor
INFORMATION:  *******************************************************************************

мар. 22, 2023 8:45:59 PM fhtw.trafficmonitor.Logging logTrafficMonitor
INFORMATION:  ** getKeyStage0 >> Thread.current: 62 index 0] for 60200031, Alte Donau, U1, ptMetro
мар. 22, 2023 8:45:59 PM fhtw.trafficmonitor.Logging logTrafficMonitor
INFORMATION:  *******************************************************************************
мар. 22, 2023 8:45:59 PM fhtw.trafficmonitor.Logging logTrafficMonitor
INFORMATION:  *******************************************************************************

мар. 22, 2023 8:45:59 PM fhtw.trafficmonitor.Logging logTrafficMonitor
INFORMATION:  ** getKeyStage1 >> Thread.current: 62 index 0] for 60200031, Alte Donau, U1, ptMetro
мар. 22, 2023 8:45:59 PM fhtw.trafficmonitor.Logging logTrafficMonitor
INFORMATION:  *******************************************************************************
мар. 22, 2023 8:46:00 PM fhtw.trafficmonitor.Logging logTrafficMonitor
INFORMATION:  *******************************************************************************

мар. 22, 2023 8:46:00 PM fhtw.trafficmonitor.Logging logTrafficMonitor
INFORMATION:  ** getKeyStage2 >> Thread.current: 62 index 0] for 60200031, Alte Donau, U1, ptMetro
мар. 22, 2023 8:46:00 PM fhtw.trafficmonitor.Logging logTrafficMonitor
INFORMATION:  *******************************************************************************
мар. 22, 2023 8:46:00 PM fhtw.trafficmonitor.Logging logTrafficMonitor
INFORMATION:  *******************************************************************************

мар. 22, 2023 8:46:00 PM fhtw.trafficmonitor.Logging logTrafficMonitor
INFORMATION:  ** Thread.current: 62 index 0] for 60200031, Alte Donau, U1, ptMetro
мар. 22, 2023 8:46:00 PM fhtw.trafficmonitor.Logging logTrafficMonitor
INFORMATION:  *******************************************************************************
мар. 22, 2023 8:46:00 PM fhtw.trafficmonitor.Logging logTrafficMonitor
INFORMATION:  *******************************************************************************

мар. 22, 2023 8:46:00 PM fhtw.trafficmonitor.Logging logTrafficMonitor
INFORMATION:  ** getKeyStage0 >> Thread.current: 63 index 1] for 60200627, Kagran, U1, ptMetro
мар. 22, 2023 8:46:00 PM fhtw.trafficmonitor.Logging logTrafficMonitor
INFORMATION:  *******************************************************************************
мар. 22, 2023 8:46:00 PM fhtw.trafficmonitor.Logging logTrafficMonitor
INFORMATION:  *******************************************************************************

мар. 22, 2023 8:46:00 PM fhtw.trafficmonitor.Logging logTrafficMonitor
INFORMATION:  ** getKeyStage1 >> Thread.current: 63 index 1] for 60200627, Kagran, U1, ptMetro
мар. 22, 2023 8:46:00 PM fhtw.trafficmonitor.Logging logTrafficMonitor
INFORMATION:  *******************************************************************************
мар. 22, 2023 8:46:00 PM fhtw.trafficmonitor.Logging logTrafficMonitor
INFORMATION:  *******************************************************************************

мар. 22, 2023 8:46:00 PM fhtw.trafficmonitor.Logging logTrafficMonitor
INFORMATION:  ** getKeyStage2 >> Thread.current: 63 index 1] for 60200627, Kagran, U1, ptMetro
мар. 22, 2023 8:46:00 PM fhtw.trafficmonitor.Logging logTrafficMonitor
INFORMATION:  *******************************************************************************
мар. 22, 2023 8:46:00 PM fhtw.trafficmonitor.Logging logTrafficMonitor
INFORMATION:  *******************************************************************************

мар. 22, 2023 8:46:00 PM fhtw.trafficmonitor.Logging logTrafficMonitor
INFORMATION:  ** Thread.current: 63 index 1] for 60200627, Kagran, U1, ptMetro
мар. 22, 2023 8:46:00 PM fhtw.trafficmonitor.Logging logTrafficMonitor
INFORMATION:  *******************************************************************************
мар. 22, 2023 8:46:04 PM fhtw.trafficmonitor.Logging logTrafficMonitor
INFORMATION: Anzeigen der resultierenden Ergebnisse.
