мар. 23, 2023 8:43:45 PM fhtw.trafficmonitor.Logging logTrafficMonitor
INFORMATION: Willkommen! Das Logging beginnt nun für den TrafficMonitor.
мар. 23, 2023 8:43:46 PM fhtw.trafficmonitor.Logging logTrafficMonitor
INFORMATION: TrafficHauptmenü geöffnet
мар. 23, 2023 8:43:48 PM fhtw.trafficmonitor.Logging logTrafficMonitor
INFORMATION: Button U1 wurde angeklickt.
мар. 23, 2023 8:43:48 PM fhtw.trafficmonitor.Logging logTrafficMonitor
INFORMATION: Haltestellen aus csv in ArrayList<RadioButton> 'transportLineButtonsList' hinzugefügt
мар. 23, 2023 8:43:48 PM fhtw.trafficmonitor.Logging logTrafficMonitor
INFORMATION: Erstellung des Fenster TrafficMonitor U1
мар. 23, 2023 8:43:48 PM fhtw.trafficmonitor.Logging logTrafficMonitor
INFORMATION: TrafficMonitor Hauptmenü U1 ist nun geöffnet!
мар. 23, 2023 8:43:50 PM fhtw.trafficmonitor.Logging logTrafficMonitor
INFORMATION: Aktualisieren geklickt
мар. 23, 2023 8:43:50 PM fhtw.trafficmonitor.Logging logTrafficMonitor
INFORMATION: InfoLabel zurückgesetzt.
мар. 23, 2023 8:43:50 PM fhtw.trafficmonitor.Logging logTrafficMonitor
INFORMATION: Selektierte RadioButtons (Haltestellen) in neue ArrayList gespeichert.
мар. 23, 2023 8:43:50 PM fhtw.trafficmonitor.Logging logTrafficMonitor
INFORMATION: Workflow beginnt mit Multithreading.
мар. 23, 2023 8:43:50 PM fhtw.trafficmonitor.Logging logTrafficMonitor
INFORMATION: Workflow 'run'
мар. 23, 2023 8:43:50 PM fhtw.trafficmonitor.Logging logTrafficMonitor
INFORMATION:  ** Remove LineRecords that will not be used for display. LineRecords of lineName U1 remain.
мар. 23, 2023 8:43:50 PM fhtw.trafficmonitor.Logging logTrafficMonitor
INFORMATION: thread.current: 34, JavaFX Application Threadthread state: RUNNABLE true
мар. 23, 2023 8:43:52 PM fhtw.trafficmonitor.Logging logTrafficMonitor
INFORMATION: Aktualisieren geklickt
мар. 23, 2023 8:43:52 PM fhtw.trafficmonitor.Logging logTrafficMonitor
INFORMATION: InfoLabel zurückgesetzt.
мар. 23, 2023 8:43:52 PM fhtw.trafficmonitor.Logging logTrafficMonitor
INFORMATION: Selektierte RadioButtons (Haltestellen) in neue ArrayList gespeichert.
мар. 23, 2023 8:43:52 PM fhtw.trafficmonitor.Logging logTrafficMonitor
INFORMATION: Workflow beginnt mit Multithreading.
мар. 23, 2023 8:43:52 PM fhtw.trafficmonitor.Logging logTrafficMonitor
INFORMATION: thread.current: 34, JavaFX Application Threadthread state: RUNNABLE true
мар. 23, 2023 8:43:52 PM fhtw.trafficmonitor.Logging logTrafficMonitor
INFORMATION: Workflow 'run'
мар. 23, 2023 8:43:52 PM fhtw.trafficmonitor.Logging logTrafficMonitor
INFORMATION:  ** Remove LineRecords that will not be used for display. LineRecords of lineName U1 remain.
мар. 23, 2023 8:43:52 PM fhtw.trafficmonitor.Logging logTrafficMonitor
INFORMATION:  *******************************************************************************

мар. 23, 2023 8:43:52 PM fhtw.trafficmonitor.Logging logTrafficMonitor
INFORMATION:  ** getKeyStage0 >> Thread.current: 57 index 0] for 60201040, Praterstern, U1, ptMetro
мар. 23, 2023 8:43:52 PM fhtw.trafficmonitor.Logging logTrafficMonitor
INFORMATION:  *******************************************************************************
мар. 23, 2023 8:43:52 PM fhtw.trafficmonitor.Logging logTrafficMonitor
INFORMATION:  *******************************************************************************

мар. 23, 2023 8:43:52 PM fhtw.trafficmonitor.Logging logTrafficMonitor
INFORMATION:  ** getKeyStage1 >> Thread.current: 57 index 0] for 60201040, Praterstern, U1, ptMetro
мар. 23, 2023 8:43:52 PM fhtw.trafficmonitor.Logging logTrafficMonitor
INFORMATION:  *******************************************************************************
мар. 23, 2023 8:43:52 PM fhtw.trafficmonitor.Logging logTrafficMonitor
INFORMATION:  *******************************************************************************

мар. 23, 2023 8:43:52 PM fhtw.trafficmonitor.Logging logTrafficMonitor
INFORMATION:  ** getKeyStage2 >> Thread.current: 57 index 0] for 60201040, Praterstern, U1, ptMetro
мар. 23, 2023 8:43:52 PM fhtw.trafficmonitor.Logging logTrafficMonitor
INFORMATION:  *******************************************************************************
мар. 23, 2023 8:43:52 PM fhtw.trafficmonitor.Logging logTrafficMonitor
INFORMATION:  *******************************************************************************

мар. 23, 2023 8:43:52 PM fhtw.trafficmonitor.Logging logTrafficMonitor
INFORMATION:  ** Thread.current: 57 index 0] for 60201040, Praterstern, U1, ptMetro
мар. 23, 2023 8:43:52 PM fhtw.trafficmonitor.Logging logTrafficMonitor
INFORMATION:  *******************************************************************************
мар. 23, 2023 8:43:54 PM fhtw.trafficmonitor.Logging logTrafficMonitor
INFORMATION: Aktualisieren geklickt
мар. 23, 2023 8:43:54 PM fhtw.trafficmonitor.Logging logTrafficMonitor
INFORMATION: InfoLabel zurückgesetzt.
мар. 23, 2023 8:43:54 PM fhtw.trafficmonitor.Logging logTrafficMonitor
INFORMATION: Selektierte RadioButtons (Haltestellen) in neue ArrayList gespeichert.
мар. 23, 2023 8:43:54 PM fhtw.trafficmonitor.Logging logTrafficMonitor
INFORMATION: Workflow beginnt mit Multithreading.
мар. 23, 2023 8:43:54 PM fhtw.trafficmonitor.Logging logTrafficMonitor
INFORMATION: thread.current: 34, JavaFX Application Threadthread state: RUNNABLE true
мар. 23, 2023 8:43:54 PM fhtw.trafficmonitor.Logging logTrafficMonitor
INFORMATION: Workflow 'run'
мар. 23, 2023 8:43:54 PM fhtw.trafficmonitor.Logging logTrafficMonitor
INFORMATION:  ** Remove LineRecords that will not be used for display. LineRecords of lineName U1 remain.
мар. 23, 2023 8:43:54 PM fhtw.trafficmonitor.Logging logTrafficMonitor
INFORMATION:  *******************************************************************************

мар. 23, 2023 8:43:54 PM fhtw.trafficmonitor.Logging logTrafficMonitor
INFORMATION:  ** getKeyStage0 >> Thread.current: 61 index 0] for 60201040, Praterstern, U1, ptMetro
мар. 23, 2023 8:43:54 PM fhtw.trafficmonitor.Logging logTrafficMonitor
INFORMATION:  *******************************************************************************
мар. 23, 2023 8:43:54 PM fhtw.trafficmonitor.Logging logTrafficMonitor
INFORMATION:  *******************************************************************************

мар. 23, 2023 8:43:54 PM fhtw.trafficmonitor.Logging logTrafficMonitor
INFORMATION:  ** getKeyStage1 >> Thread.current: 61 index 0] for 60201040, Praterstern, U1, ptMetro
мар. 23, 2023 8:43:54 PM fhtw.trafficmonitor.Logging logTrafficMonitor
INFORMATION:  *******************************************************************************
мар. 23, 2023 8:43:54 PM fhtw.trafficmonitor.Logging logTrafficMonitor
INFORMATION:  *******************************************************************************

мар. 23, 2023 8:43:54 PM fhtw.trafficmonitor.Logging logTrafficMonitor
INFORMATION:  ** getKeyStage2 >> Thread.current: 61 index 0] for 60201040, Praterstern, U1, ptMetro
мар. 23, 2023 8:43:54 PM fhtw.trafficmonitor.Logging logTrafficMonitor
INFORMATION:  *******************************************************************************
мар. 23, 2023 8:43:54 PM fhtw.trafficmonitor.Logging logTrafficMonitor
INFORMATION:  *******************************************************************************

мар. 23, 2023 8:43:54 PM fhtw.trafficmonitor.Logging logTrafficMonitor
INFORMATION:  ** Thread.current: 61 index 0] for 60201040, Praterstern, U1, ptMetro
мар. 23, 2023 8:43:54 PM fhtw.trafficmonitor.Logging logTrafficMonitor
INFORMATION:  *******************************************************************************
мар. 23, 2023 8:43:55 PM fhtw.trafficmonitor.Logging logTrafficMonitor
INFORMATION: Löschen der Anzeige und der betroffenen Einträge in der Datenbank.
мар. 23, 2023 8:43:55 PM fhtw.trafficmonitor.Logging logTrafficMonitor
INFORMATION: InfoLabel zurückgesetzt.
мар. 23, 2023 8:43:56 PM fhtw.trafficmonitor.Logging logTrafficMonitor
INFORMATION:  *******************************************************************************

мар. 23, 2023 8:43:56 PM fhtw.trafficmonitor.Logging logTrafficMonitor
INFORMATION:  ** getKeyStage0 >> Thread.current: 52 index 0] for 60201040, Praterstern, U1, ptMetro
мар. 23, 2023 8:43:56 PM fhtw.trafficmonitor.Logging logTrafficMonitor
INFORMATION:  *******************************************************************************
мар. 23, 2023 8:43:56 PM fhtw.trafficmonitor.Logging logTrafficMonitor
INFORMATION:  *******************************************************************************

мар. 23, 2023 8:43:56 PM fhtw.trafficmonitor.Logging logTrafficMonitor
INFORMATION:  ** getKeyStage1 >> Thread.current: 52 index 0] for 60201040, Praterstern, U1, ptMetro
мар. 23, 2023 8:43:56 PM fhtw.trafficmonitor.Logging logTrafficMonitor
INFORMATION:  *******************************************************************************
мар. 23, 2023 8:43:56 PM fhtw.trafficmonitor.Logging logTrafficMonitor
INFORMATION:  *******************************************************************************

мар. 23, 2023 8:43:56 PM fhtw.trafficmonitor.Logging logTrafficMonitor
INFORMATION:  ** getKeyStage2 >> Thread.current: 52 index 0] for 60201040, Praterstern, U1, ptMetro
мар. 23, 2023 8:43:56 PM fhtw.trafficmonitor.Logging logTrafficMonitor
INFORMATION:  *******************************************************************************
мар. 23, 2023 8:43:56 PM fhtw.trafficmonitor.Logging logTrafficMonitor
INFORMATION:  *******************************************************************************

мар. 23, 2023 8:43:56 PM fhtw.trafficmonitor.Logging logTrafficMonitor
INFORMATION:  ** Thread.current: 52 index 0] for 60201040, Praterstern, U1, ptMetro
мар. 23, 2023 8:43:56 PM fhtw.trafficmonitor.Logging logTrafficMonitor
INFORMATION:  *******************************************************************************
мар. 23, 2023 8:43:59 PM fhtw.trafficmonitor.Logging logTrafficMonitor
INFORMATION: Aktualisieren geklickt
мар. 23, 2023 8:43:59 PM fhtw.trafficmonitor.Logging logTrafficMonitor
INFORMATION: InfoLabel zurückgesetzt.
мар. 23, 2023 8:43:59 PM fhtw.trafficmonitor.Logging logTrafficMonitor
INFORMATION: Selektierte RadioButtons (Haltestellen) in neue ArrayList gespeichert.
мар. 23, 2023 8:43:59 PM fhtw.trafficmonitor.Logging logTrafficMonitor
INFORMATION: Workflow beginnt mit Multithreading.
мар. 23, 2023 8:43:59 PM fhtw.trafficmonitor.Logging logTrafficMonitor
INFORMATION: thread.current: 34, JavaFX Application Threadthread state: RUNNABLE true
мар. 23, 2023 8:43:59 PM fhtw.trafficmonitor.Logging logTrafficMonitor
INFORMATION: Workflow 'run'
мар. 23, 2023 8:43:59 PM fhtw.trafficmonitor.Logging logTrafficMonitor
INFORMATION:  ** Remove LineRecords that will not be used for display. LineRecords of lineName U1 remain.
мар. 23, 2023 8:43:59 PM fhtw.trafficmonitor.Logging logTrafficMonitor
INFORMATION: thread.current: 34, JavaFX Application Threadthread state: RUNNABLE true
мар. 23, 2023 8:43:59 PM fhtw.trafficmonitor.Logging logTrafficMonitor
INFORMATION: Workflow 'run'
мар. 23, 2023 8:43:59 PM fhtw.trafficmonitor.Logging logTrafficMonitor
INFORMATION:  ** Remove LineRecords that will not be used for display. LineRecords of lineName U1 remain.
мар. 23, 2023 8:43:59 PM fhtw.trafficmonitor.Logging logTrafficMonitor
INFORMATION:  *******************************************************************************

мар. 23, 2023 8:43:59 PM fhtw.trafficmonitor.Logging logTrafficMonitor
INFORMATION:  ** getKeyStage0 >> Thread.current: 63 index 0] for 60200641, Kaisermühlen-VIC, U1, ptMetro
мар. 23, 2023 8:43:59 PM fhtw.trafficmonitor.Logging logTrafficMonitor
INFORMATION:  *******************************************************************************
мар. 23, 2023 8:43:59 PM fhtw.trafficmonitor.Logging logTrafficMonitor
INFORMATION:  *******************************************************************************

мар. 23, 2023 8:43:59 PM fhtw.trafficmonitor.Logging logTrafficMonitor
INFORMATION:  ** getKeyStage1 >> Thread.current: 63 index 0] for 60200641, Kaisermühlen-VIC, U1, ptMetro
мар. 23, 2023 8:43:59 PM fhtw.trafficmonitor.Logging logTrafficMonitor
INFORMATION:  *******************************************************************************
мар. 23, 2023 8:43:59 PM fhtw.trafficmonitor.Logging logTrafficMonitor
INFORMATION:  *******************************************************************************

мар. 23, 2023 8:43:59 PM fhtw.trafficmonitor.Logging logTrafficMonitor
INFORMATION:  ** getKeyStage2 >> Thread.current: 63 index 0] for 60200641, Kaisermühlen-VIC, U1, ptMetro
мар. 23, 2023 8:43:59 PM fhtw.trafficmonitor.Logging logTrafficMonitor
INFORMATION:  *******************************************************************************
мар. 23, 2023 8:43:59 PM fhtw.trafficmonitor.Logging logTrafficMonitor
INFORMATION:  *******************************************************************************

мар. 23, 2023 8:43:59 PM fhtw.trafficmonitor.Logging logTrafficMonitor
INFORMATION:  ** Thread.current: 63 index 0] for 60200641, Kaisermühlen-VIC, U1, ptMetro
мар. 23, 2023 8:43:59 PM fhtw.trafficmonitor.Logging logTrafficMonitor
INFORMATION:  *******************************************************************************
мар. 23, 2023 8:43:59 PM fhtw.trafficmonitor.Logging logTrafficMonitor
INFORMATION:  *******************************************************************************

мар. 23, 2023 8:43:59 PM fhtw.trafficmonitor.Logging logTrafficMonitor
INFORMATION:  ** getKeyStage0 >> Thread.current: 64 index 1] for 60200031, Alte Donau, U1, ptMetro
мар. 23, 2023 8:43:59 PM fhtw.trafficmonitor.Logging logTrafficMonitor
INFORMATION:  *******************************************************************************
мар. 23, 2023 8:43:59 PM fhtw.trafficmonitor.Logging logTrafficMonitor
INFORMATION:  *******************************************************************************

мар. 23, 2023 8:43:59 PM fhtw.trafficmonitor.Logging logTrafficMonitor
INFORMATION:  ** getKeyStage1 >> Thread.current: 64 index 1] for 60200031, Alte Donau, U1, ptMetro
мар. 23, 2023 8:43:59 PM fhtw.trafficmonitor.Logging logTrafficMonitor
INFORMATION:  *******************************************************************************
мар. 23, 2023 8:43:59 PM fhtw.trafficmonitor.Logging logTrafficMonitor
INFORMATION:  *******************************************************************************

мар. 23, 2023 8:43:59 PM fhtw.trafficmonitor.Logging logTrafficMonitor
INFORMATION:  ** getKeyStage2 >> Thread.current: 64 index 1] for 60200031, Alte Donau, U1, ptMetro
мар. 23, 2023 8:43:59 PM fhtw.trafficmonitor.Logging logTrafficMonitor
INFORMATION:  *******************************************************************************
мар. 23, 2023 8:43:59 PM fhtw.trafficmonitor.Logging logTrafficMonitor
INFORMATION:  *******************************************************************************

мар. 23, 2023 8:43:59 PM fhtw.trafficmonitor.Logging logTrafficMonitor
INFORMATION:  ** Thread.current: 64 index 1] for 60200031, Alte Donau, U1, ptMetro
мар. 23, 2023 8:43:59 PM fhtw.trafficmonitor.Logging logTrafficMonitor
INFORMATION:  *******************************************************************************
мар. 23, 2023 8:44:00 PM fhtw.trafficmonitor.Logging logTrafficMonitor
INFORMATION: Aktualisieren geklickt
мар. 23, 2023 8:44:00 PM fhtw.trafficmonitor.Logging logTrafficMonitor
INFORMATION: InfoLabel zurückgesetzt.
мар. 23, 2023 8:44:00 PM fhtw.trafficmonitor.Logging logTrafficMonitor
INFORMATION: Selektierte RadioButtons (Haltestellen) in neue ArrayList gespeichert.
мар. 23, 2023 8:44:00 PM fhtw.trafficmonitor.Logging logTrafficMonitor
INFORMATION: Workflow beginnt mit Multithreading.
мар. 23, 2023 8:44:00 PM fhtw.trafficmonitor.Logging logTrafficMonitor
INFORMATION: thread.current: 34, JavaFX Application Threadthread state: RUNNABLE true
мар. 23, 2023 8:44:00 PM fhtw.trafficmonitor.Logging logTrafficMonitor
INFORMATION: Workflow 'run'
мар. 23, 2023 8:44:00 PM fhtw.trafficmonitor.Logging logTrafficMonitor
INFORMATION:  ** Remove LineRecords that will not be used for display. LineRecords of lineName U1 remain.
мар. 23, 2023 8:44:00 PM fhtw.trafficmonitor.Logging logTrafficMonitor
INFORMATION: thread.current: 34, JavaFX Application Threadthread state: RUNNABLE true
мар. 23, 2023 8:44:00 PM fhtw.trafficmonitor.Logging logTrafficMonitor
INFORMATION: Workflow 'run'
мар. 23, 2023 8:44:00 PM fhtw.trafficmonitor.Logging logTrafficMonitor
INFORMATION:  ** Remove LineRecords that will not be used for display. LineRecords of lineName U1 remain.
мар. 23, 2023 8:44:00 PM fhtw.trafficmonitor.Logging logTrafficMonitor
INFORMATION:  *******************************************************************************

мар. 23, 2023 8:44:00 PM fhtw.trafficmonitor.Logging logTrafficMonitor
INFORMATION:  ** getKeyStage0 >> Thread.current: 69 index 1] for 60200031, Alte Donau, U1, ptMetro
мар. 23, 2023 8:44:00 PM fhtw.trafficmonitor.Logging logTrafficMonitor
INFORMATION:  *******************************************************************************
мар. 23, 2023 8:44:00 PM fhtw.trafficmonitor.Logging logTrafficMonitor
INFORMATION:  *******************************************************************************

мар. 23, 2023 8:44:00 PM fhtw.trafficmonitor.Logging logTrafficMonitor
INFORMATION:  ** getKeyStage1 >> Thread.current: 69 index 1] for 60200031, Alte Donau, U1, ptMetro
мар. 23, 2023 8:44:00 PM fhtw.trafficmonitor.Logging logTrafficMonitor
INFORMATION:  *******************************************************************************
мар. 23, 2023 8:44:00 PM fhtw.trafficmonitor.Logging logTrafficMonitor
INFORMATION:  *******************************************************************************

мар. 23, 2023 8:44:00 PM fhtw.trafficmonitor.Logging logTrafficMonitor
INFORMATION:  ** getKeyStage2 >> Thread.current: 69 index 1] for 60200031, Alte Donau, U1, ptMetro
мар. 23, 2023 8:44:00 PM fhtw.trafficmonitor.Logging logTrafficMonitor
INFORMATION:  *******************************************************************************
мар. 23, 2023 8:44:00 PM fhtw.trafficmonitor.Logging logTrafficMonitor
INFORMATION:  *******************************************************************************

мар. 23, 2023 8:44:00 PM fhtw.trafficmonitor.Logging logTrafficMonitor
INFORMATION:  ** Thread.current: 69 index 1] for 60200031, Alte Donau, U1, ptMetro
мар. 23, 2023 8:44:00 PM fhtw.trafficmonitor.Logging logTrafficMonitor
INFORMATION:  *******************************************************************************
мар. 23, 2023 8:44:00 PM fhtw.trafficmonitor.Logging logTrafficMonitor
INFORMATION:  *******************************************************************************

мар. 23, 2023 8:44:00 PM fhtw.trafficmonitor.Logging logTrafficMonitor
INFORMATION:  ** getKeyStage0 >> Thread.current: 68 index 0] for 60200641, Kaisermühlen-VIC, U1, ptMetro
мар. 23, 2023 8:44:00 PM fhtw.trafficmonitor.Logging logTrafficMonitor
INFORMATION:  *******************************************************************************
мар. 23, 2023 8:44:00 PM fhtw.trafficmonitor.Logging logTrafficMonitor
INFORMATION:  *******************************************************************************

мар. 23, 2023 8:44:00 PM fhtw.trafficmonitor.Logging logTrafficMonitor
INFORMATION:  ** getKeyStage1 >> Thread.current: 68 index 0] for 60200641, Kaisermühlen-VIC, U1, ptMetro
мар. 23, 2023 8:44:00 PM fhtw.trafficmonitor.Logging logTrafficMonitor
INFORMATION:  *******************************************************************************
мар. 23, 2023 8:44:00 PM fhtw.trafficmonitor.Logging logTrafficMonitor
INFORMATION:  *******************************************************************************

мар. 23, 2023 8:44:00 PM fhtw.trafficmonitor.Logging logTrafficMonitor
INFORMATION:  ** getKeyStage2 >> Thread.current: 68 index 0] for 60200641, Kaisermühlen-VIC, U1, ptMetro
мар. 23, 2023 8:44:00 PM fhtw.trafficmonitor.Logging logTrafficMonitor
INFORMATION:  *******************************************************************************
мар. 23, 2023 8:44:00 PM fhtw.trafficmonitor.Logging logTrafficMonitor
INFORMATION:  *******************************************************************************

мар. 23, 2023 8:44:00 PM fhtw.trafficmonitor.Logging logTrafficMonitor
INFORMATION:  ** Thread.current: 68 index 0] for 60200641, Kaisermühlen-VIC, U1, ptMetro
мар. 23, 2023 8:44:00 PM fhtw.trafficmonitor.Logging logTrafficMonitor
INFORMATION:  *******************************************************************************
мар. 23, 2023 8:44:02 PM fhtw.trafficmonitor.Logging logTrafficMonitor
INFORMATION: Aktualisieren geklickt
мар. 23, 2023 8:44:02 PM fhtw.trafficmonitor.Logging logTrafficMonitor
INFORMATION: InfoLabel zurückgesetzt.
мар. 23, 2023 8:44:02 PM fhtw.trafficmonitor.Logging logTrafficMonitor
INFORMATION: Selektierte RadioButtons (Haltestellen) in neue ArrayList gespeichert.
мар. 23, 2023 8:44:02 PM fhtw.trafficmonitor.Logging logTrafficMonitor
INFORMATION: Workflow beginnt mit Multithreading.
мар. 23, 2023 8:44:02 PM fhtw.trafficmonitor.Logging logTrafficMonitor
INFORMATION: thread.current: 34, JavaFX Application Threadthread state: RUNNABLE true
мар. 23, 2023 8:44:02 PM fhtw.trafficmonitor.Logging logTrafficMonitor
INFORMATION: Workflow 'run'
мар. 23, 2023 8:44:02 PM fhtw.trafficmonitor.Logging logTrafficMonitor
INFORMATION:  ** Remove LineRecords that will not be used for display. LineRecords of lineName U1 remain.
мар. 23, 2023 8:44:02 PM fhtw.trafficmonitor.Logging logTrafficMonitor
INFORMATION: thread.current: 34, JavaFX Application Threadthread state: RUNNABLE true
мар. 23, 2023 8:44:02 PM fhtw.trafficmonitor.Logging logTrafficMonitor
INFORMATION: Workflow 'run'
мар. 23, 2023 8:44:02 PM fhtw.trafficmonitor.Logging logTrafficMonitor
INFORMATION:  ** Remove LineRecords that will not be used for display. LineRecords of lineName U1 remain.
мар. 23, 2023 8:44:02 PM fhtw.trafficmonitor.Logging logTrafficMonitor
INFORMATION:  *******************************************************************************

мар. 23, 2023 8:44:02 PM fhtw.trafficmonitor.Logging logTrafficMonitor
INFORMATION:  ** getKeyStage0 >> Thread.current: 73 index 1] for 60200031, Alte Donau, U1, ptMetro
мар. 23, 2023 8:44:02 PM fhtw.trafficmonitor.Logging logTrafficMonitor
INFORMATION:  *******************************************************************************
мар. 23, 2023 8:44:02 PM fhtw.trafficmonitor.Logging logTrafficMonitor
INFORMATION:  *******************************************************************************

мар. 23, 2023 8:44:02 PM fhtw.trafficmonitor.Logging logTrafficMonitor
INFORMATION:  ** getKeyStage1 >> Thread.current: 73 index 1] for 60200031, Alte Donau, U1, ptMetro
мар. 23, 2023 8:44:02 PM fhtw.trafficmonitor.Logging logTrafficMonitor
INFORMATION:  *******************************************************************************
мар. 23, 2023 8:44:02 PM fhtw.trafficmonitor.Logging logTrafficMonitor
INFORMATION:  *******************************************************************************

мар. 23, 2023 8:44:02 PM fhtw.trafficmonitor.Logging logTrafficMonitor
INFORMATION:  ** getKeyStage0 >> Thread.current: 72 index 0] for 60200641, Kaisermühlen-VIC, U1, ptMetro
мар. 23, 2023 8:44:02 PM fhtw.trafficmonitor.Logging logTrafficMonitor
INFORMATION:  *******************************************************************************
мар. 23, 2023 8:44:02 PM fhtw.trafficmonitor.Logging logTrafficMonitor
INFORMATION:  *******************************************************************************

мар. 23, 2023 8:44:02 PM fhtw.trafficmonitor.Logging logTrafficMonitor
INFORMATION:  ** getKeyStage1 >> Thread.current: 72 index 0] for 60200641, Kaisermühlen-VIC, U1, ptMetro
мар. 23, 2023 8:44:02 PM fhtw.trafficmonitor.Logging logTrafficMonitor
INFORMATION:  *******************************************************************************

мар. 23, 2023 8:44:02 PM fhtw.trafficmonitor.Logging logTrafficMonitor
INFORMATION:  ** getKeyStage2 >> Thread.current: 73 index 1] for 60200031, Alte Donau, U1, ptMetro
мар. 23, 2023 8:44:02 PM fhtw.trafficmonitor.Logging logTrafficMonitor
INFORMATION:  *******************************************************************************
мар. 23, 2023 8:44:02 PM fhtw.trafficmonitor.Logging logTrafficMonitor
INFORMATION:  *******************************************************************************
мар. 23, 2023 8:44:02 PM fhtw.trafficmonitor.Logging logTrafficMonitor
INFORMATION:  *******************************************************************************

мар. 23, 2023 8:44:02 PM fhtw.trafficmonitor.Logging logTrafficMonitor
INFORMATION:  ** Thread.current: 73 index 1] for 60200031, Alte Donau, U1, ptMetro
мар. 23, 2023 8:44:02 PM fhtw.trafficmonitor.Logging logTrafficMonitor
INFORMATION:  *******************************************************************************
мар. 23, 2023 8:44:02 PM fhtw.trafficmonitor.Logging logTrafficMonitor
INFORMATION:  *******************************************************************************

мар. 23, 2023 8:44:02 PM fhtw.trafficmonitor.Logging logTrafficMonitor
INFORMATION:  ** getKeyStage2 >> Thread.current: 72 index 0] for 60200641, Kaisermühlen-VIC, U1, ptMetro
мар. 23, 2023 8:44:02 PM fhtw.trafficmonitor.Logging logTrafficMonitor
INFORMATION:  *******************************************************************************
мар. 23, 2023 8:44:02 PM fhtw.trafficmonitor.Logging logTrafficMonitor
INFORMATION:  *******************************************************************************

мар. 23, 2023 8:44:02 PM fhtw.trafficmonitor.Logging logTrafficMonitor
INFORMATION:  ** Thread.current: 72 index 0] for 60200641, Kaisermühlen-VIC, U1, ptMetro
мар. 23, 2023 8:44:02 PM fhtw.trafficmonitor.Logging logTrafficMonitor
INFORMATION:  *******************************************************************************
мар. 23, 2023 8:44:03 PM fhtw.trafficmonitor.Logging logTrafficMonitor
INFORMATION: Aktualisieren geklickt
мар. 23, 2023 8:44:03 PM fhtw.trafficmonitor.Logging logTrafficMonitor
INFORMATION: InfoLabel zurückgesetzt.
мар. 23, 2023 8:44:03 PM fhtw.trafficmonitor.Logging logTrafficMonitor
INFORMATION: Selektierte RadioButtons (Haltestellen) in neue ArrayList gespeichert.
мар. 23, 2023 8:44:03 PM fhtw.trafficmonitor.Logging logTrafficMonitor
INFORMATION: Workflow beginnt mit Multithreading.
мар. 23, 2023 8:44:03 PM fhtw.trafficmonitor.Logging logTrafficMonitor
INFORMATION: thread.current: 34, JavaFX Application Threadthread state: RUNNABLE true
мар. 23, 2023 8:44:03 PM fhtw.trafficmonitor.Logging logTrafficMonitor
INFORMATION: Workflow 'run'
мар. 23, 2023 8:44:03 PM fhtw.trafficmonitor.Logging logTrafficMonitor
INFORMATION:  ** Remove LineRecords that will not be used for display. LineRecords of lineName U1 remain.
мар. 23, 2023 8:44:03 PM fhtw.trafficmonitor.Logging logTrafficMonitor
INFORMATION: thread.current: 34, JavaFX Application Threadthread state: RUNNABLE true
мар. 23, 2023 8:44:03 PM fhtw.trafficmonitor.Logging logTrafficMonitor
INFORMATION: Workflow 'run'
мар. 23, 2023 8:44:03 PM fhtw.trafficmonitor.Logging logTrafficMonitor
INFORMATION:  ** Remove LineRecords that will not be used for display. LineRecords of lineName U1 remain.
мар. 23, 2023 8:44:03 PM fhtw.trafficmonitor.Logging logTrafficMonitor
INFORMATION:  *******************************************************************************

мар. 23, 2023 8:44:03 PM fhtw.trafficmonitor.Logging logTrafficMonitor
INFORMATION:  ** getKeyStage0 >> Thread.current: 76 index 0] for 60200641, Kaisermühlen-VIC, U1, ptMetro
мар. 23, 2023 8:44:03 PM fhtw.trafficmonitor.Logging logTrafficMonitor
INFORMATION:  *******************************************************************************
мар. 23, 2023 8:44:03 PM fhtw.trafficmonitor.Logging logTrafficMonitor
INFORMATION:  *******************************************************************************

мар. 23, 2023 8:44:04 PM fhtw.trafficmonitor.Logging logTrafficMonitor
INFORMATION:  ** getKeyStage0 >> Thread.current: 77 index 1] for 60200031, Alte Donau, U1, ptMetro
мар. 23, 2023 8:44:04 PM fhtw.trafficmonitor.Logging logTrafficMonitor
INFORMATION:  *******************************************************************************
мар. 23, 2023 8:44:04 PM fhtw.trafficmonitor.Logging logTrafficMonitor
INFORMATION: Aktualisieren geklickt
мар. 23, 2023 8:44:04 PM fhtw.trafficmonitor.Logging logTrafficMonitor
INFORMATION: InfoLabel zurückgesetzt.
мар. 23, 2023 8:44:04 PM fhtw.trafficmonitor.Logging logTrafficMonitor
INFORMATION: Selektierte RadioButtons (Haltestellen) in neue ArrayList gespeichert.
мар. 23, 2023 8:44:04 PM fhtw.trafficmonitor.Logging logTrafficMonitor
INFORMATION: Workflow beginnt mit Multithreading.
мар. 23, 2023 8:44:04 PM fhtw.trafficmonitor.Logging logTrafficMonitor
INFORMATION: thread.current: 34, JavaFX Application Threadthread state: RUNNABLE true
мар. 23, 2023 8:44:04 PM fhtw.trafficmonitor.Logging logTrafficMonitor
INFORMATION: Workflow 'run'
мар. 23, 2023 8:44:04 PM fhtw.trafficmonitor.Logging logTrafficMonitor
INFORMATION:  ** Remove LineRecords that will not be used for display. LineRecords of lineName U1 remain.
мар. 23, 2023 8:44:04 PM fhtw.trafficmonitor.Logging logTrafficMonitor
INFORMATION: thread.current: 34, JavaFX Application Threadthread state: RUNNABLE true
мар. 23, 2023 8:44:04 PM fhtw.trafficmonitor.Logging logTrafficMonitor
INFORMATION: Workflow 'run'
мар. 23, 2023 8:44:04 PM fhtw.trafficmonitor.Logging logTrafficMonitor
INFORMATION:  ** Remove LineRecords that will not be used for display. LineRecords of lineName U1 remain.
мар. 23, 2023 8:44:04 PM fhtw.trafficmonitor.Logging logTrafficMonitor
INFORMATION:  *******************************************************************************

мар. 23, 2023 8:44:04 PM fhtw.trafficmonitor.Logging logTrafficMonitor
INFORMATION:  ** getKeyStage0 >> Thread.current: 80 index 1] for 60200031, Alte Donau, U1, ptMetro
мар. 23, 2023 8:44:04 PM fhtw.trafficmonitor.Logging logTrafficMonitor
INFORMATION:  *******************************************************************************
мар. 23, 2023 8:44:04 PM fhtw.trafficmonitor.Logging logTrafficMonitor
INFORMATION:  *******************************************************************************

мар. 23, 2023 8:44:04 PM fhtw.trafficmonitor.Logging logTrafficMonitor
INFORMATION:  ** getKeyStage0 >> Thread.current: 79 index 0] for 60200641, Kaisermühlen-VIC, U1, ptMetro
мар. 23, 2023 8:44:04 PM fhtw.trafficmonitor.Logging logTrafficMonitor
INFORMATION:  *******************************************************************************
мар. 23, 2023 8:44:05 PM fhtw.trafficmonitor.Logging logTrafficMonitor
INFORMATION: Löschen der Anzeige und der betroffenen Einträge in der Datenbank.
мар. 23, 2023 8:44:05 PM fhtw.trafficmonitor.Logging logTrafficMonitor
INFORMATION: InfoLabel zurückgesetzt.
мар. 23, 2023 8:44:07 PM fhtw.trafficmonitor.Logging logTrafficMonitor
INFORMATION: Löschen der Anzeige und der betroffenen Einträge in der Datenbank.
мар. 23, 2023 8:44:07 PM fhtw.trafficmonitor.Logging logTrafficMonitor
INFORMATION: InfoLabel zurückgesetzt.
мар. 23, 2023 8:44:09 PM fhtw.trafficmonitor.Logging logTrafficMonitor
INFORMATION: Aktualisieren geklickt
мар. 23, 2023 8:44:09 PM fhtw.trafficmonitor.Logging logTrafficMonitor
INFORMATION: InfoLabel zurückgesetzt.
мар. 23, 2023 8:44:09 PM fhtw.trafficmonitor.Logging logTrafficMonitor
INFORMATION: Selektierte RadioButtons (Haltestellen) in neue ArrayList gespeichert.
мар. 23, 2023 8:44:09 PM fhtw.trafficmonitor.Logging logTrafficMonitor
INFORMATION: Workflow beginnt mit Multithreading.
мар. 23, 2023 8:44:09 PM fhtw.trafficmonitor.Logging logTrafficMonitor
INFORMATION: thread.current: 34, JavaFX Application Threadthread state: RUNNABLE true
мар. 23, 2023 8:44:09 PM fhtw.trafficmonitor.Logging logTrafficMonitor
INFORMATION: Workflow 'run'
мар. 23, 2023 8:44:09 PM fhtw.trafficmonitor.Logging logTrafficMonitor
INFORMATION:  ** Remove LineRecords that will not be used for display. LineRecords of lineName U1 remain.
мар. 23, 2023 8:44:10 PM fhtw.trafficmonitor.Logging logTrafficMonitor
INFORMATION: Aktualisieren geklickt
мар. 23, 2023 8:44:10 PM fhtw.trafficmonitor.Logging logTrafficMonitor
INFORMATION: InfoLabel zurückgesetzt.
мар. 23, 2023 8:44:10 PM fhtw.trafficmonitor.Logging logTrafficMonitor
INFORMATION: Selektierte RadioButtons (Haltestellen) in neue ArrayList gespeichert.
мар. 23, 2023 8:44:10 PM fhtw.trafficmonitor.Logging logTrafficMonitor
INFORMATION: Workflow beginnt mit Multithreading.
мар. 23, 2023 8:44:10 PM fhtw.trafficmonitor.Logging logTrafficMonitor
INFORMATION: thread.current: 34, JavaFX Application Threadthread state: RUNNABLE true
мар. 23, 2023 8:44:10 PM fhtw.trafficmonitor.Logging logTrafficMonitor
INFORMATION: Workflow 'run'
мар. 23, 2023 8:44:10 PM fhtw.trafficmonitor.Logging logTrafficMonitor
INFORMATION:  ** Remove LineRecords that will not be used for display. LineRecords of lineName U1 remain.
мар. 23, 2023 8:44:10 PM fhtw.trafficmonitor.Logging logTrafficMonitor
INFORMATION:  *******************************************************************************

мар. 23, 2023 8:44:10 PM fhtw.trafficmonitor.Logging logTrafficMonitor
INFORMATION:  ** getKeyStage0 >> Thread.current: 86 index 0] for 60201858, Aderklaaer Straße, U1, ptMetro
мар. 23, 2023 8:44:10 PM fhtw.trafficmonitor.Logging logTrafficMonitor
INFORMATION:  *******************************************************************************
мар. 23, 2023 8:44:11 PM fhtw.trafficmonitor.Logging logTrafficMonitor
INFORMATION: Aktualisieren geklickt
мар. 23, 2023 8:44:11 PM fhtw.trafficmonitor.Logging logTrafficMonitor
INFORMATION: InfoLabel zurückgesetzt.
мар. 23, 2023 8:44:11 PM fhtw.trafficmonitor.Logging logTrafficMonitor
INFORMATION: Selektierte RadioButtons (Haltestellen) in neue ArrayList gespeichert.
мар. 23, 2023 8:44:11 PM fhtw.trafficmonitor.Logging logTrafficMonitor
INFORMATION: Workflow beginnt mit Multithreading.
мар. 23, 2023 8:44:11 PM fhtw.trafficmonitor.Logging logTrafficMonitor
INFORMATION: thread.current: 34, JavaFX Application Threadthread state: RUNNABLE true
мар. 23, 2023 8:44:11 PM fhtw.trafficmonitor.Logging logTrafficMonitor
INFORMATION: Workflow 'run'
мар. 23, 2023 8:44:11 PM fhtw.trafficmonitor.Logging logTrafficMonitor
INFORMATION:  ** Remove LineRecords that will not be used for display. LineRecords of lineName U1 remain.
мар. 23, 2023 8:44:11 PM fhtw.trafficmonitor.Logging logTrafficMonitor
INFORMATION:  *******************************************************************************

мар. 23, 2023 8:44:11 PM fhtw.trafficmonitor.Logging logTrafficMonitor
INFORMATION:  ** getKeyStage0 >> Thread.current: 88 index 0] for 60201858, Aderklaaer Straße, U1, ptMetro
мар. 23, 2023 8:44:11 PM fhtw.trafficmonitor.Logging logTrafficMonitor
INFORMATION:  *******************************************************************************
мар. 23, 2023 8:44:13 PM fhtw.trafficmonitor.Logging logTrafficMonitor
INFORMATION: Aktualisieren geklickt
мар. 23, 2023 8:44:13 PM fhtw.trafficmonitor.Logging logTrafficMonitor
INFORMATION: InfoLabel zurückgesetzt.
мар. 23, 2023 8:44:13 PM fhtw.trafficmonitor.Logging logTrafficMonitor
INFORMATION: Selektierte RadioButtons (Haltestellen) in neue ArrayList gespeichert.
мар. 23, 2023 8:44:13 PM fhtw.trafficmonitor.Logging logTrafficMonitor
INFORMATION: Workflow beginnt mit Multithreading.
мар. 23, 2023 8:44:13 PM fhtw.trafficmonitor.Logging logTrafficMonitor
INFORMATION: thread.current: 34, JavaFX Application Threadthread state: RUNNABLE true
мар. 23, 2023 8:44:13 PM fhtw.trafficmonitor.Logging logTrafficMonitor
INFORMATION: Workflow 'run'
мар. 23, 2023 8:44:13 PM fhtw.trafficmonitor.Logging logTrafficMonitor
INFORMATION:  ** Remove LineRecords that will not be used for display. LineRecords of lineName U1 remain.
мар. 23, 2023 8:44:13 PM fhtw.trafficmonitor.Logging logTrafficMonitor
INFORMATION: thread.current: 34, JavaFX Application Threadthread state: RUNNABLE true
мар. 23, 2023 8:44:13 PM fhtw.trafficmonitor.Logging logTrafficMonitor
INFORMATION: Workflow 'run'
мар. 23, 2023 8:44:13 PM fhtw.trafficmonitor.Logging logTrafficMonitor
INFORMATION:  ** Remove LineRecords that will not be used for display. LineRecords of lineName U1 remain.
мар. 23, 2023 8:44:13 PM fhtw.trafficmonitor.Logging logTrafficMonitor
INFORMATION:  *******************************************************************************

мар. 23, 2023 8:44:13 PM fhtw.trafficmonitor.Logging logTrafficMonitor
INFORMATION:  ** getKeyStage0 >> Thread.current: 92 index 0] for 60200633, Kagraner Platz, U1, ptMetro
мар. 23, 2023 8:44:13 PM fhtw.trafficmonitor.Logging logTrafficMonitor
INFORMATION:  *******************************************************************************
мар. 23, 2023 8:44:13 PM fhtw.trafficmonitor.Logging logTrafficMonitor
INFORMATION:  *******************************************************************************

мар. 23, 2023 8:44:13 PM fhtw.trafficmonitor.Logging logTrafficMonitor
INFORMATION:  ** getKeyStage0 >> Thread.current: 93 index 1] for 60201858, Aderklaaer Straße, U1, ptMetro
мар. 23, 2023 8:44:13 PM fhtw.trafficmonitor.Logging logTrafficMonitor
INFORMATION:  *******************************************************************************
мар. 23, 2023 8:44:14 PM fhtw.trafficmonitor.Logging logTrafficMonitor
INFORMATION: Aktualisieren geklickt
мар. 23, 2023 8:44:14 PM fhtw.trafficmonitor.Logging logTrafficMonitor
INFORMATION: InfoLabel zurückgesetzt.
мар. 23, 2023 8:44:14 PM fhtw.trafficmonitor.Logging logTrafficMonitor
INFORMATION: Selektierte RadioButtons (Haltestellen) in neue ArrayList gespeichert.
мар. 23, 2023 8:44:14 PM fhtw.trafficmonitor.Logging logTrafficMonitor
INFORMATION: Workflow beginnt mit Multithreading.
мар. 23, 2023 8:44:14 PM fhtw.trafficmonitor.Logging logTrafficMonitor
INFORMATION: thread.current: 34, JavaFX Application Threadthread state: RUNNABLE true
мар. 23, 2023 8:44:14 PM fhtw.trafficmonitor.Logging logTrafficMonitor
INFORMATION: Workflow 'run'
мар. 23, 2023 8:44:14 PM fhtw.trafficmonitor.Logging logTrafficMonitor
INFORMATION:  ** Remove LineRecords that will not be used for display. LineRecords of lineName U1 remain.
мар. 23, 2023 8:44:14 PM fhtw.trafficmonitor.Logging logTrafficMonitor
INFORMATION: thread.current: 34, JavaFX Application Threadthread state: RUNNABLE true
мар. 23, 2023 8:44:14 PM fhtw.trafficmonitor.Logging logTrafficMonitor
INFORMATION: Workflow 'run'
мар. 23, 2023 8:44:14 PM fhtw.trafficmonitor.Logging logTrafficMonitor
INFORMATION:  ** Remove LineRecords that will not be used for display. LineRecords of lineName U1 remain.
мар. 23, 2023 8:44:14 PM fhtw.trafficmonitor.Logging logTrafficMonitor
INFORMATION:  *******************************************************************************

мар. 23, 2023 8:44:14 PM fhtw.trafficmonitor.Logging logTrafficMonitor
INFORMATION:  ** getKeyStage0 >> Thread.current: 95 index 0] for 60200633, Kagraner Platz, U1, ptMetro
мар. 23, 2023 8:44:14 PM fhtw.trafficmonitor.Logging logTrafficMonitor
INFORMATION:  *******************************************************************************
мар. 23, 2023 8:44:15 PM fhtw.trafficmonitor.Logging logTrafficMonitor
INFORMATION:  *******************************************************************************

мар. 23, 2023 8:44:15 PM fhtw.trafficmonitor.Logging logTrafficMonitor
INFORMATION:  ** getKeyStage0 >> Thread.current: 96 index 1] for 60201858, Aderklaaer Straße, U1, ptMetro
мар. 23, 2023 8:44:15 PM fhtw.trafficmonitor.Logging logTrafficMonitor
INFORMATION:  *******************************************************************************
мар. 23, 2023 8:44:15 PM fhtw.trafficmonitor.Logging logTrafficMonitor
INFORMATION:  *******************************************************************************

мар. 23, 2023 8:44:15 PM fhtw.trafficmonitor.Logging logTrafficMonitor
INFORMATION:  ** getKeyStage0 >> Thread.current: 84 index 0] for 60201858, Aderklaaer Straße, U1, ptMetro
мар. 23, 2023 8:44:15 PM fhtw.trafficmonitor.Logging logTrafficMonitor
INFORMATION:  *******************************************************************************
мар. 23, 2023 8:44:15 PM fhtw.trafficmonitor.Logging logTrafficMonitor
INFORMATION: Aktualisieren geklickt
мар. 23, 2023 8:44:15 PM fhtw.trafficmonitor.Logging logTrafficMonitor
INFORMATION: InfoLabel zurückgesetzt.
мар. 23, 2023 8:44:15 PM fhtw.trafficmonitor.Logging logTrafficMonitor
INFORMATION: Selektierte RadioButtons (Haltestellen) in neue ArrayList gespeichert.
мар. 23, 2023 8:44:15 PM fhtw.trafficmonitor.Logging logTrafficMonitor
INFORMATION: Workflow beginnt mit Multithreading.
мар. 23, 2023 8:44:15 PM fhtw.trafficmonitor.Logging logTrafficMonitor
INFORMATION: thread.current: 34, JavaFX Application Threadthread state: RUNNABLE true
мар. 23, 2023 8:44:15 PM fhtw.trafficmonitor.Logging logTrafficMonitor
INFORMATION: Workflow 'run'
мар. 23, 2023 8:44:15 PM fhtw.trafficmonitor.Logging logTrafficMonitor
INFORMATION:  ** Remove LineRecords that will not be used for display. LineRecords of lineName U1 remain.
мар. 23, 2023 8:44:15 PM fhtw.trafficmonitor.Logging logTrafficMonitor
INFORMATION: thread.current: 34, JavaFX Application Threadthread state: RUNNABLE true
мар. 23, 2023 8:44:15 PM fhtw.trafficmonitor.Logging logTrafficMonitor
INFORMATION: Workflow 'run'
мар. 23, 2023 8:44:15 PM fhtw.trafficmonitor.Logging logTrafficMonitor
INFORMATION:  ** Remove LineRecords that will not be used for display. LineRecords of lineName U1 remain.
мар. 23, 2023 8:44:15 PM fhtw.trafficmonitor.Logging logTrafficMonitor
INFORMATION:  *******************************************************************************

мар. 23, 2023 8:44:15 PM fhtw.trafficmonitor.Logging logTrafficMonitor
INFORMATION:  ** getKeyStage0 >> Thread.current: 97 index 0] for 60200633, Kagraner Platz, U1, ptMetro
мар. 23, 2023 8:44:15 PM fhtw.trafficmonitor.Logging logTrafficMonitor
INFORMATION:  *******************************************************************************
мар. 23, 2023 8:44:15 PM fhtw.trafficmonitor.Logging logTrafficMonitor
INFORMATION:  *******************************************************************************

мар. 23, 2023 8:44:15 PM fhtw.trafficmonitor.Logging logTrafficMonitor
INFORMATION:  ** getKeyStage0 >> Thread.current: 98 index 1] for 60201858, Aderklaaer Straße, U1, ptMetro
мар. 23, 2023 8:44:15 PM fhtw.trafficmonitor.Logging logTrafficMonitor
INFORMATION:  *******************************************************************************
мар. 23, 2023 8:44:15 PM fhtw.trafficmonitor.Logging logTrafficMonitor
INFORMATION: Aktualisieren geklickt
мар. 23, 2023 8:44:15 PM fhtw.trafficmonitor.Logging logTrafficMonitor
INFORMATION: InfoLabel zurückgesetzt.
мар. 23, 2023 8:44:15 PM fhtw.trafficmonitor.Logging logTrafficMonitor
INFORMATION: Selektierte RadioButtons (Haltestellen) in neue ArrayList gespeichert.
мар. 23, 2023 8:44:15 PM fhtw.trafficmonitor.Logging logTrafficMonitor
INFORMATION: Workflow beginnt mit Multithreading.
мар. 23, 2023 8:44:15 PM fhtw.trafficmonitor.Logging logTrafficMonitor
INFORMATION: thread.current: 34, JavaFX Application Threadthread state: RUNNABLE true
мар. 23, 2023 8:44:15 PM fhtw.trafficmonitor.Logging logTrafficMonitor
INFORMATION: Workflow 'run'
мар. 23, 2023 8:44:15 PM fhtw.trafficmonitor.Logging logTrafficMonitor
INFORMATION:  ** Remove LineRecords that will not be used for display. LineRecords of lineName U1 remain.
мар. 23, 2023 8:44:15 PM fhtw.trafficmonitor.Logging logTrafficMonitor
INFORMATION: thread.current: 34, JavaFX Application Threadthread state: RUNNABLE true
мар. 23, 2023 8:44:15 PM fhtw.trafficmonitor.Logging logTrafficMonitor
INFORMATION: Workflow 'run'
мар. 23, 2023 8:44:15 PM fhtw.trafficmonitor.Logging logTrafficMonitor
INFORMATION:  ** Remove LineRecords that will not be used for display. LineRecords of lineName U1 remain.
мар. 23, 2023 8:44:15 PM fhtw.trafficmonitor.Logging logTrafficMonitor
INFORMATION:  *******************************************************************************

мар. 23, 2023 8:44:15 PM fhtw.trafficmonitor.Logging logTrafficMonitor
INFORMATION:  ** getKeyStage0 >> Thread.current: 100 index 0] for 60200633, Kagraner Platz, U1, ptMetro
мар. 23, 2023 8:44:15 PM fhtw.trafficmonitor.Logging logTrafficMonitor
INFORMATION:  *******************************************************************************
мар. 23, 2023 8:44:15 PM fhtw.trafficmonitor.Logging logTrafficMonitor
INFORMATION:  *******************************************************************************

мар. 23, 2023 8:44:15 PM fhtw.trafficmonitor.Logging logTrafficMonitor
INFORMATION:  ** getKeyStage0 >> Thread.current: 101 index 1] for 60201858, Aderklaaer Straße, U1, ptMetro
мар. 23, 2023 8:44:15 PM fhtw.trafficmonitor.Logging logTrafficMonitor
INFORMATION:  *******************************************************************************
мар. 23, 2023 8:44:18 PM fhtw.trafficmonitor.Logging logTrafficMonitor
INFORMATION: Löschen der Anzeige und der betroffenen Einträge in der Datenbank.
мар. 23, 2023 8:44:18 PM fhtw.trafficmonitor.Logging logTrafficMonitor
INFORMATION: InfoLabel zurückgesetzt.
