мар. 23, 2023 6:53:13 PM fhtw.trafficmonitor.Logging logTrafficMonitor
INFORMATION: Willkommen! Das Logging beginnt nun für den TrafficMonitor.
мар. 23, 2023 6:53:14 PM fhtw.trafficmonitor.Logging logTrafficMonitor
INFORMATION: TrafficHauptmenü geöffnet
мар. 23, 2023 6:53:15 PM fhtw.trafficmonitor.Logging logTrafficMonitor
INFORMATION: Button U2 wurde angeklickt.
мар. 23, 2023 6:53:15 PM fhtw.trafficmonitor.Logging logTrafficMonitor
INFORMATION: Haltestellen aus csv in ArrayList<RadioButton> 'transportLineButtonsList' hinzugefügt
мар. 23, 2023 6:53:15 PM fhtw.trafficmonitor.Logging logTrafficMonitor
INFORMATION: Erstellung des Fenster TrafficMonitor U2
мар. 23, 2023 6:53:15 PM fhtw.trafficmonitor.Logging logTrafficMonitor
INFORMATION: TrafficMonitor Hauptmenü U2 ist nun geöffnet!
мар. 23, 2023 6:53:17 PM fhtw.trafficmonitor.Logging logTrafficMonitor
INFORMATION: Aktualisieren geklickt
мар. 23, 2023 6:53:17 PM fhtw.trafficmonitor.Logging logTrafficMonitor
INFORMATION: InfoLabel zurückgesetzt.
мар. 23, 2023 6:53:17 PM fhtw.trafficmonitor.Logging logTrafficMonitor
INFORMATION: Selektierte RadioButtons (Haltestellen) in neue ArrayList gespeichert.
мар. 23, 2023 6:53:17 PM fhtw.trafficmonitor.Logging logTrafficMonitor
INFORMATION: Workflow beginnt mit Multithreading.
мар. 23, 2023 6:53:17 PM fhtw.trafficmonitor.Logging logTrafficMonitor
INFORMATION: Workflow 'run'
мар. 23, 2023 6:53:17 PM fhtw.trafficmonitor.Logging logTrafficMonitor
INFORMATION:  ** Remove LineRecords that will not be used for display. LineRecords of lineName U2 remain.
мар. 23, 2023 6:53:17 PM fhtw.trafficmonitor.Logging logTrafficMonitor
INFORMATION: thread.current: 34, JavaFX Application Threadthread state: RUNNABLE true
мар. 23, 2023 6:53:17 PM fhtw.trafficmonitor.Logging logTrafficMonitor
INFORMATION: thread.current: 34, JavaFX Application Threadthread state: RUNNABLE true
мар. 23, 2023 6:53:17 PM fhtw.trafficmonitor.Logging logTrafficMonitor
INFORMATION: Workflow 'run'
мар. 23, 2023 6:53:17 PM fhtw.trafficmonitor.Logging logTrafficMonitor
INFORMATION:  ** Remove LineRecords that will not be used for display. LineRecords of lineName U2 remain.
мар. 23, 2023 6:53:18 PM fhtw.trafficmonitor.Logging logTrafficMonitor
INFORMATION:  *******************************************************************************

мар. 23, 2023 6:53:18 PM fhtw.trafficmonitor.Logging logTrafficMonitor
INFORMATION:  ** getKeyStage0 >> Thread.current: 53 index 1] for 60201278, Donauspital, U2, ptMetro
мар. 23, 2023 6:53:18 PM fhtw.trafficmonitor.Logging logTrafficMonitor
INFORMATION:  *******************************************************************************
мар. 23, 2023 6:53:18 PM fhtw.trafficmonitor.Logging logTrafficMonitor
INFORMATION:  *******************************************************************************

мар. 23, 2023 6:53:18 PM fhtw.trafficmonitor.Logging logTrafficMonitor
INFORMATION:  ** getKeyStage1 >> Thread.current: 53 index 1] for 60201278, Donauspital, U2, ptMetro
мар. 23, 2023 6:53:18 PM fhtw.trafficmonitor.Logging logTrafficMonitor
INFORMATION:  *******************************************************************************
мар. 23, 2023 6:53:18 PM fhtw.trafficmonitor.Logging logTrafficMonitor
INFORMATION: Anzeigen der resultierenden Ergebnisse.
мар. 23, 2023 6:53:18 PM fhtw.trafficmonitor.Logging logTrafficMonitor
INFORMATION:  *******************************************************************************

мар. 23, 2023 6:53:18 PM fhtw.trafficmonitor.Logging logTrafficMonitor
INFORMATION:  ** getKeyStage0 >> Thread.current: 52 index 0] for 60200473, Hardeggasse, U2, ptMetro
мар. 23, 2023 6:53:18 PM fhtw.trafficmonitor.Logging logTrafficMonitor
INFORMATION:  *******************************************************************************
мар. 23, 2023 6:53:18 PM fhtw.trafficmonitor.Logging logTrafficMonitor
INFORMATION:  *******************************************************************************

мар. 23, 2023 6:53:18 PM fhtw.trafficmonitor.Logging logTrafficMonitor
INFORMATION:  ** getKeyStage2 >> Thread.current: 53 index 1] for 60201278, Donauspital, U2, ptMetro
мар. 23, 2023 6:53:18 PM fhtw.trafficmonitor.Logging logTrafficMonitor
INFORMATION:  *******************************************************************************
мар. 23, 2023 6:53:18 PM fhtw.trafficmonitor.Logging logTrafficMonitor
INFORMATION:  *******************************************************************************

мар. 23, 2023 6:53:18 PM fhtw.trafficmonitor.Logging logTrafficMonitor
INFORMATION:  ** Thread.current: 53 index 1] for 60201278, Donauspital, U2, ptMetro
мар. 23, 2023 6:53:18 PM fhtw.trafficmonitor.Logging logTrafficMonitor
INFORMATION:  *******************************************************************************
мар. 23, 2023 6:53:18 PM fhtw.trafficmonitor.Logging logTrafficMonitor
INFORMATION:  *******************************************************************************

мар. 23, 2023 6:53:18 PM fhtw.trafficmonitor.Logging logTrafficMonitor
INFORMATION:  ** getKeyStage1 >> Thread.current: 52 index 0] for 60200473, Hardeggasse, U2, ptMetro
мар. 23, 2023 6:53:18 PM fhtw.trafficmonitor.Logging logTrafficMonitor
INFORMATION:  *******************************************************************************
мар. 23, 2023 6:53:18 PM fhtw.trafficmonitor.Logging logTrafficMonitor
INFORMATION:  *******************************************************************************

мар. 23, 2023 6:53:18 PM fhtw.trafficmonitor.Logging logTrafficMonitor
INFORMATION:  ** getKeyStage2 >> Thread.current: 52 index 0] for 60200473, Hardeggasse, U2, ptMetro
мар. 23, 2023 6:53:18 PM fhtw.trafficmonitor.Logging logTrafficMonitor
INFORMATION:  *******************************************************************************
мар. 23, 2023 6:53:18 PM fhtw.trafficmonitor.Logging logTrafficMonitor
INFORMATION:  *******************************************************************************

мар. 23, 2023 6:53:18 PM fhtw.trafficmonitor.Logging logTrafficMonitor
INFORMATION:  ** Thread.current: 52 index 0] for 60200473, Hardeggasse, U2, ptMetro
мар. 23, 2023 6:53:18 PM fhtw.trafficmonitor.Logging logTrafficMonitor
INFORMATION:  *******************************************************************************
мар. 23, 2023 6:53:25 PM fhtw.trafficmonitor.Logging logTrafficMonitor
INFORMATION: Aktualisieren geklickt
мар. 23, 2023 6:53:25 PM fhtw.trafficmonitor.Logging logTrafficMonitor
INFORMATION: InfoLabel zurückgesetzt.
мар. 23, 2023 6:53:25 PM fhtw.trafficmonitor.Logging logTrafficMonitor
INFORMATION: Selektierte RadioButtons (Haltestellen) in neue ArrayList gespeichert.
мар. 23, 2023 6:53:25 PM fhtw.trafficmonitor.Logging logTrafficMonitor
INFORMATION: Workflow beginnt mit Multithreading.
мар. 23, 2023 6:53:25 PM fhtw.trafficmonitor.Logging logTrafficMonitor
INFORMATION: thread.current: 34, JavaFX Application Threadthread state: RUNNABLE true
мар. 23, 2023 6:53:25 PM fhtw.trafficmonitor.Logging logTrafficMonitor
INFORMATION: Workflow 'run'
мар. 23, 2023 6:53:25 PM fhtw.trafficmonitor.Logging logTrafficMonitor
INFORMATION:  ** Remove LineRecords that will not be used for display. LineRecords of lineName U2 remain.
мар. 23, 2023 6:53:25 PM fhtw.trafficmonitor.Logging logTrafficMonitor
INFORMATION: thread.current: 34, JavaFX Application Threadthread state: RUNNABLE true
мар. 23, 2023 6:53:25 PM fhtw.trafficmonitor.Logging logTrafficMonitor
INFORMATION: Workflow 'run'
мар. 23, 2023 6:53:25 PM fhtw.trafficmonitor.Logging logTrafficMonitor
INFORMATION:  ** Remove LineRecords that will not be used for display. LineRecords of lineName U2 remain.
мар. 23, 2023 6:53:26 PM fhtw.trafficmonitor.Logging logTrafficMonitor
INFORMATION:  *******************************************************************************

мар. 23, 2023 6:53:26 PM fhtw.trafficmonitor.Logging logTrafficMonitor
INFORMATION:  ** getKeyStage0 >> Thread.current: 62 index 1] for 60201278, Donauspital, U2, ptMetro
мар. 23, 2023 6:53:26 PM fhtw.trafficmonitor.Logging logTrafficMonitor
INFORMATION:  *******************************************************************************
мар. 23, 2023 6:53:26 PM fhtw.trafficmonitor.Logging logTrafficMonitor
INFORMATION:  *******************************************************************************

мар. 23, 2023 6:53:26 PM fhtw.trafficmonitor.Logging logTrafficMonitor
INFORMATION:  ** getKeyStage1 >> Thread.current: 62 index 1] for 60201278, Donauspital, U2, ptMetro
мар. 23, 2023 6:53:26 PM fhtw.trafficmonitor.Logging logTrafficMonitor
INFORMATION:  *******************************************************************************
мар. 23, 2023 6:53:26 PM fhtw.trafficmonitor.Logging logTrafficMonitor
INFORMATION:  *******************************************************************************

мар. 23, 2023 6:53:26 PM fhtw.trafficmonitor.Logging logTrafficMonitor
INFORMATION:  ** getKeyStage2 >> Thread.current: 62 index 1] for 60201278, Donauspital, U2, ptMetro
мар. 23, 2023 6:53:26 PM fhtw.trafficmonitor.Logging logTrafficMonitor
INFORMATION:  *******************************************************************************
мар. 23, 2023 6:53:26 PM fhtw.trafficmonitor.Logging logTrafficMonitor
INFORMATION:  *******************************************************************************

мар. 23, 2023 6:53:26 PM fhtw.trafficmonitor.Logging logTrafficMonitor
INFORMATION:  ** Thread.current: 62 index 1] for 60201278, Donauspital, U2, ptMetro
мар. 23, 2023 6:53:26 PM fhtw.trafficmonitor.Logging logTrafficMonitor
INFORMATION:  *******************************************************************************
мар. 23, 2023 6:53:26 PM fhtw.trafficmonitor.Logging logTrafficMonitor
INFORMATION:  *******************************************************************************

мар. 23, 2023 6:53:26 PM fhtw.trafficmonitor.Logging logTrafficMonitor
INFORMATION:  ** getKeyStage0 >> Thread.current: 61 index 0] for 60200473, Hardeggasse, U2, ptMetro
мар. 23, 2023 6:53:26 PM fhtw.trafficmonitor.Logging logTrafficMonitor
INFORMATION:  *******************************************************************************
мар. 23, 2023 6:53:26 PM fhtw.trafficmonitor.Logging logTrafficMonitor
INFORMATION:  *******************************************************************************

мар. 23, 2023 6:53:26 PM fhtw.trafficmonitor.Logging logTrafficMonitor
INFORMATION:  ** getKeyStage1 >> Thread.current: 61 index 0] for 60200473, Hardeggasse, U2, ptMetro
мар. 23, 2023 6:53:26 PM fhtw.trafficmonitor.Logging logTrafficMonitor
INFORMATION:  *******************************************************************************
мар. 23, 2023 6:53:26 PM fhtw.trafficmonitor.Logging logTrafficMonitor
INFORMATION:  *******************************************************************************

мар. 23, 2023 6:53:26 PM fhtw.trafficmonitor.Logging logTrafficMonitor
INFORMATION:  ** getKeyStage2 >> Thread.current: 61 index 0] for 60200473, Hardeggasse, U2, ptMetro
мар. 23, 2023 6:53:26 PM fhtw.trafficmonitor.Logging logTrafficMonitor
INFORMATION:  *******************************************************************************
мар. 23, 2023 6:53:26 PM fhtw.trafficmonitor.Logging logTrafficMonitor
INFORMATION:  *******************************************************************************

мар. 23, 2023 6:53:26 PM fhtw.trafficmonitor.Logging logTrafficMonitor
INFORMATION:  ** Thread.current: 61 index 0] for 60200473, Hardeggasse, U2, ptMetro
мар. 23, 2023 6:53:26 PM fhtw.trafficmonitor.Logging logTrafficMonitor
INFORMATION:  *******************************************************************************
мар. 23, 2023 6:53:26 PM fhtw.trafficmonitor.Logging logTrafficMonitor
INFORMATION: Anzeigen der resultierenden Ergebnisse.
мар. 23, 2023 6:53:42 PM fhtw.trafficmonitor.Logging logTrafficMonitor
INFORMATION: Aktualisieren geklickt
мар. 23, 2023 6:53:42 PM fhtw.trafficmonitor.Logging logTrafficMonitor
INFORMATION: InfoLabel zurückgesetzt.
мар. 23, 2023 6:53:42 PM fhtw.trafficmonitor.Logging logTrafficMonitor
INFORMATION: Selektierte RadioButtons (Haltestellen) in neue ArrayList gespeichert.
мар. 23, 2023 6:53:42 PM fhtw.trafficmonitor.Logging logTrafficMonitor
INFORMATION: Workflow beginnt mit Multithreading.
мар. 23, 2023 6:53:42 PM fhtw.trafficmonitor.Logging logTrafficMonitor
INFORMATION: thread.current: 34, JavaFX Application Threadthread state: RUNNABLE true
мар. 23, 2023 6:53:42 PM fhtw.trafficmonitor.Logging logTrafficMonitor
INFORMATION: Workflow 'run'
мар. 23, 2023 6:53:42 PM fhtw.trafficmonitor.Logging logTrafficMonitor
INFORMATION:  ** Remove LineRecords that will not be used for display. LineRecords of lineName U2 remain.
мар. 23, 2023 6:53:42 PM fhtw.trafficmonitor.Logging logTrafficMonitor
INFORMATION: thread.current: 34, JavaFX Application Threadthread state: RUNNABLE true
мар. 23, 2023 6:53:42 PM fhtw.trafficmonitor.Logging logTrafficMonitor
INFORMATION: Workflow 'run'
мар. 23, 2023 6:53:42 PM fhtw.trafficmonitor.Logging logTrafficMonitor
INFORMATION:  ** Remove LineRecords that will not be used for display. LineRecords of lineName U2 remain.
мар. 23, 2023 6:53:42 PM fhtw.trafficmonitor.Logging logTrafficMonitor
INFORMATION:  *******************************************************************************

мар. 23, 2023 6:53:42 PM fhtw.trafficmonitor.Logging logTrafficMonitor
INFORMATION:  ** getKeyStage0 >> Thread.current: 69 index 1] for 60201184, Schottentor, U2, ptMetro
мар. 23, 2023 6:53:42 PM fhtw.trafficmonitor.Logging logTrafficMonitor
INFORMATION:  *******************************************************************************
мар. 23, 2023 6:53:42 PM fhtw.trafficmonitor.Logging logTrafficMonitor
INFORMATION:  *******************************************************************************

мар. 23, 2023 6:53:42 PM fhtw.trafficmonitor.Logging logTrafficMonitor
INFORMATION:  ** getKeyStage1 >> Thread.current: 69 index 1] for 60201184, Schottentor, U2, ptMetro
мар. 23, 2023 6:53:42 PM fhtw.trafficmonitor.Logging logTrafficMonitor
INFORMATION:  *******************************************************************************
мар. 23, 2023 6:53:42 PM fhtw.trafficmonitor.Logging logTrafficMonitor
INFORMATION:  *******************************************************************************

мар. 23, 2023 6:53:42 PM fhtw.trafficmonitor.Logging logTrafficMonitor
INFORMATION:  ** getKeyStage2 >> Thread.current: 69 index 1] for 60201184, Schottentor, U2, ptMetro
мар. 23, 2023 6:53:42 PM fhtw.trafficmonitor.Logging logTrafficMonitor
INFORMATION:  *******************************************************************************
мар. 23, 2023 6:53:42 PM fhtw.trafficmonitor.Logging logTrafficMonitor
INFORMATION:  *******************************************************************************

мар. 23, 2023 6:53:42 PM fhtw.trafficmonitor.Logging logTrafficMonitor
INFORMATION:  ** Thread.current: 69 index 1] for 60201184, Schottentor, U2, ptMetro
мар. 23, 2023 6:53:42 PM fhtw.trafficmonitor.Logging logTrafficMonitor
INFORMATION:  *******************************************************************************
мар. 23, 2023 6:53:42 PM fhtw.trafficmonitor.Logging logTrafficMonitor
INFORMATION:  *******************************************************************************

мар. 23, 2023 6:53:42 PM fhtw.trafficmonitor.Logging logTrafficMonitor
INFORMATION:  ** getKeyStage0 >> Thread.current: 68 index 0] for 60201072, Rathaus, U2, ptMetro
мар. 23, 2023 6:53:42 PM fhtw.trafficmonitor.Logging logTrafficMonitor
INFORMATION:  *******************************************************************************
мар. 23, 2023 6:53:42 PM fhtw.trafficmonitor.Logging logTrafficMonitor
INFORMATION:  *******************************************************************************

мар. 23, 2023 6:53:42 PM fhtw.trafficmonitor.Logging logTrafficMonitor
INFORMATION:  ** getKeyStage1 >> Thread.current: 68 index 0] for 60201072, Rathaus, U2, ptMetro
мар. 23, 2023 6:53:42 PM fhtw.trafficmonitor.Logging logTrafficMonitor
INFORMATION:  *******************************************************************************
мар. 23, 2023 6:53:42 PM fhtw.trafficmonitor.Logging logTrafficMonitor
INFORMATION:  *******************************************************************************

мар. 23, 2023 6:53:42 PM fhtw.trafficmonitor.Logging logTrafficMonitor
INFORMATION:  ** getKeyStage2 >> Thread.current: 68 index 0] for 60201072, Rathaus, U2, ptMetro
мар. 23, 2023 6:53:42 PM fhtw.trafficmonitor.Logging logTrafficMonitor
INFORMATION:  *******************************************************************************
мар. 23, 2023 6:53:42 PM fhtw.trafficmonitor.Logging logTrafficMonitor
INFORMATION:  *******************************************************************************

мар. 23, 2023 6:53:42 PM fhtw.trafficmonitor.Logging logTrafficMonitor
INFORMATION:  ** Thread.current: 68 index 0] for 60201072, Rathaus, U2, ptMetro
мар. 23, 2023 6:53:42 PM fhtw.trafficmonitor.Logging logTrafficMonitor
INFORMATION:  *******************************************************************************
мар. 23, 2023 6:53:44 PM fhtw.trafficmonitor.Logging logTrafficMonitor
INFORMATION: Anzeigen der resultierenden Ergebnisse.
мар. 23, 2023 6:53:50 PM fhtw.trafficmonitor.Logging logTrafficMonitor
INFORMATION: Aktualisieren geklickt
мар. 23, 2023 6:53:50 PM fhtw.trafficmonitor.Logging logTrafficMonitor
INFORMATION: InfoLabel zurückgesetzt.
мар. 23, 2023 6:53:50 PM fhtw.trafficmonitor.Logging logTrafficMonitor
INFORMATION: Selektierte RadioButtons (Haltestellen) in neue ArrayList gespeichert.
мар. 23, 2023 6:53:50 PM fhtw.trafficmonitor.Logging logTrafficMonitor
INFORMATION: Workflow beginnt mit Multithreading.
мар. 23, 2023 6:53:50 PM fhtw.trafficmonitor.Logging logTrafficMonitor
INFORMATION: thread.current: 34, JavaFX Application Threadthread state: RUNNABLE true
мар. 23, 2023 6:53:50 PM fhtw.trafficmonitor.Logging logTrafficMonitor
INFORMATION: Workflow 'run'
мар. 23, 2023 6:53:50 PM fhtw.trafficmonitor.Logging logTrafficMonitor
INFORMATION:  ** Remove LineRecords that will not be used for display. LineRecords of lineName U2 remain.
мар. 23, 2023 6:53:50 PM fhtw.trafficmonitor.Logging logTrafficMonitor
INFORMATION: thread.current: 34, JavaFX Application Threadthread state: RUNNABLE true
мар. 23, 2023 6:53:50 PM fhtw.trafficmonitor.Logging logTrafficMonitor
INFORMATION: Workflow 'run'
мар. 23, 2023 6:53:50 PM fhtw.trafficmonitor.Logging logTrafficMonitor
INFORMATION:  ** Remove LineRecords that will not be used for display. LineRecords of lineName U2 remain.
мар. 23, 2023 6:53:50 PM fhtw.trafficmonitor.Logging logTrafficMonitor
INFORMATION:  *******************************************************************************

мар. 23, 2023 6:53:50 PM fhtw.trafficmonitor.Logging logTrafficMonitor
INFORMATION:  ** getKeyStage0 >> Thread.current: 77 index 0] for 60201072, Rathaus, U2, ptMetro
мар. 23, 2023 6:53:50 PM fhtw.trafficmonitor.Logging logTrafficMonitor
INFORMATION:  *******************************************************************************
мар. 23, 2023 6:53:50 PM fhtw.trafficmonitor.Logging logTrafficMonitor
INFORMATION:  *******************************************************************************

мар. 23, 2023 6:53:50 PM fhtw.trafficmonitor.Logging logTrafficMonitor
INFORMATION:  ** getKeyStage1 >> Thread.current: 77 index 0] for 60201072, Rathaus, U2, ptMetro
мар. 23, 2023 6:53:50 PM fhtw.trafficmonitor.Logging logTrafficMonitor
INFORMATION:  *******************************************************************************
мар. 23, 2023 6:53:50 PM fhtw.trafficmonitor.Logging logTrafficMonitor
INFORMATION:  *******************************************************************************

мар. 23, 2023 6:53:50 PM fhtw.trafficmonitor.Logging logTrafficMonitor
INFORMATION:  ** getKeyStage2 >> Thread.current: 77 index 0] for 60201072, Rathaus, U2, ptMetro
мар. 23, 2023 6:53:50 PM fhtw.trafficmonitor.Logging logTrafficMonitor
INFORMATION:  *******************************************************************************
мар. 23, 2023 6:53:50 PM fhtw.trafficmonitor.Logging logTrafficMonitor
INFORMATION:  *******************************************************************************

мар. 23, 2023 6:53:50 PM fhtw.trafficmonitor.Logging logTrafficMonitor
INFORMATION:  ** Thread.current: 77 index 0] for 60201072, Rathaus, U2, ptMetro
мар. 23, 2023 6:53:50 PM fhtw.trafficmonitor.Logging logTrafficMonitor
INFORMATION:  *******************************************************************************
мар. 23, 2023 6:53:50 PM fhtw.trafficmonitor.Logging logTrafficMonitor
INFORMATION:  *******************************************************************************

мар. 23, 2023 6:53:50 PM fhtw.trafficmonitor.Logging logTrafficMonitor
INFORMATION:  ** getKeyStage0 >> Thread.current: 78 index 1] for 60201184, Schottentor, U2, ptMetro
мар. 23, 2023 6:53:50 PM fhtw.trafficmonitor.Logging logTrafficMonitor
INFORMATION:  *******************************************************************************
мар. 23, 2023 6:53:50 PM fhtw.trafficmonitor.Logging logTrafficMonitor
INFORMATION:  *******************************************************************************

мар. 23, 2023 6:53:50 PM fhtw.trafficmonitor.Logging logTrafficMonitor
INFORMATION:  ** getKeyStage1 >> Thread.current: 78 index 1] for 60201184, Schottentor, U2, ptMetro
мар. 23, 2023 6:53:50 PM fhtw.trafficmonitor.Logging logTrafficMonitor
INFORMATION:  *******************************************************************************
мар. 23, 2023 6:53:50 PM fhtw.trafficmonitor.Logging logTrafficMonitor
INFORMATION:  *******************************************************************************

мар. 23, 2023 6:53:50 PM fhtw.trafficmonitor.Logging logTrafficMonitor
INFORMATION:  ** getKeyStage2 >> Thread.current: 78 index 1] for 60201184, Schottentor, U2, ptMetro
мар. 23, 2023 6:53:50 PM fhtw.trafficmonitor.Logging logTrafficMonitor
INFORMATION:  *******************************************************************************
мар. 23, 2023 6:53:50 PM fhtw.trafficmonitor.Logging logTrafficMonitor
INFORMATION:  *******************************************************************************

мар. 23, 2023 6:53:50 PM fhtw.trafficmonitor.Logging logTrafficMonitor
INFORMATION:  ** Thread.current: 78 index 1] for 60201184, Schottentor, U2, ptMetro
мар. 23, 2023 6:53:50 PM fhtw.trafficmonitor.Logging logTrafficMonitor
INFORMATION:  *******************************************************************************
мар. 23, 2023 6:53:50 PM fhtw.trafficmonitor.Logging logTrafficMonitor
INFORMATION: Anzeigen der resultierenden Ergebnisse.
мар. 23, 2023 6:54:02 PM fhtw.trafficmonitor.Logging logTrafficMonitor
INFORMATION: Aktualisieren geklickt
мар. 23, 2023 6:54:02 PM fhtw.trafficmonitor.Logging logTrafficMonitor
INFORMATION: InfoLabel zurückgesetzt.
мар. 23, 2023 6:54:02 PM fhtw.trafficmonitor.Logging logTrafficMonitor
INFORMATION: Selektierte RadioButtons (Haltestellen) in neue ArrayList gespeichert.
мар. 23, 2023 6:54:02 PM fhtw.trafficmonitor.Logging logTrafficMonitor
INFORMATION: Workflow beginnt mit Multithreading.
мар. 23, 2023 6:54:02 PM fhtw.trafficmonitor.Logging logTrafficMonitor
INFORMATION: thread.current: 34, JavaFX Application Threadthread state: RUNNABLE true
мар. 23, 2023 6:54:02 PM fhtw.trafficmonitor.Logging logTrafficMonitor
INFORMATION: Workflow 'run'
мар. 23, 2023 6:54:02 PM fhtw.trafficmonitor.Logging logTrafficMonitor
INFORMATION:  ** Remove LineRecords that will not be used for display. LineRecords of lineName U2 remain.
мар. 23, 2023 6:54:02 PM fhtw.trafficmonitor.Logging logTrafficMonitor
INFORMATION: Anzeigen der resultierenden Ergebnisse.
мар. 23, 2023 6:54:04 PM fhtw.trafficmonitor.Logging logTrafficMonitor
INFORMATION: Aktualisieren geklickt
мар. 23, 2023 6:54:04 PM fhtw.trafficmonitor.Logging logTrafficMonitor
INFORMATION: InfoLabel zurückgesetzt.
мар. 23, 2023 6:54:04 PM fhtw.trafficmonitor.Logging logTrafficMonitor
INFORMATION: Selektierte RadioButtons (Haltestellen) in neue ArrayList gespeichert.
мар. 23, 2023 6:54:04 PM fhtw.trafficmonitor.Logging logTrafficMonitor
INFORMATION: Workflow beginnt mit Multithreading.
мар. 23, 2023 6:54:04 PM fhtw.trafficmonitor.Logging logTrafficMonitor
INFORMATION: thread.current: 34, JavaFX Application Threadthread state: RUNNABLE true
мар. 23, 2023 6:54:04 PM fhtw.trafficmonitor.Logging logTrafficMonitor
INFORMATION: Workflow 'run'
мар. 23, 2023 6:54:04 PM fhtw.trafficmonitor.Logging logTrafficMonitor
INFORMATION:  ** Remove LineRecords that will not be used for display. LineRecords of lineName U2 remain.
мар. 23, 2023 6:54:05 PM fhtw.trafficmonitor.Logging logTrafficMonitor
INFORMATION:  *******************************************************************************

мар. 23, 2023 6:54:05 PM fhtw.trafficmonitor.Logging logTrafficMonitor
INFORMATION:  ** getKeyStage0 >> Thread.current: 88 index 0] for 60201072, Rathaus, U2, ptMetro
мар. 23, 2023 6:54:05 PM fhtw.trafficmonitor.Logging logTrafficMonitor
INFORMATION:  *******************************************************************************
мар. 23, 2023 6:54:05 PM fhtw.trafficmonitor.Logging logTrafficMonitor
INFORMATION:  *******************************************************************************

мар. 23, 2023 6:54:05 PM fhtw.trafficmonitor.Logging logTrafficMonitor
INFORMATION:  ** getKeyStage1 >> Thread.current: 88 index 0] for 60201072, Rathaus, U2, ptMetro
мар. 23, 2023 6:54:05 PM fhtw.trafficmonitor.Logging logTrafficMonitor
INFORMATION:  *******************************************************************************
мар. 23, 2023 6:54:05 PM fhtw.trafficmonitor.Logging logTrafficMonitor
INFORMATION:  *******************************************************************************

мар. 23, 2023 6:54:05 PM fhtw.trafficmonitor.Logging logTrafficMonitor
INFORMATION:  ** getKeyStage2 >> Thread.current: 88 index 0] for 60201072, Rathaus, U2, ptMetro
мар. 23, 2023 6:54:05 PM fhtw.trafficmonitor.Logging logTrafficMonitor
INFORMATION:  *******************************************************************************
мар. 23, 2023 6:54:05 PM fhtw.trafficmonitor.Logging logTrafficMonitor
INFORMATION:  *******************************************************************************

мар. 23, 2023 6:54:05 PM fhtw.trafficmonitor.Logging logTrafficMonitor
INFORMATION:  ** Thread.current: 88 index 0] for 60201072, Rathaus, U2, ptMetro
мар. 23, 2023 6:54:05 PM fhtw.trafficmonitor.Logging logTrafficMonitor
INFORMATION:  *******************************************************************************
мар. 23, 2023 6:54:05 PM fhtw.trafficmonitor.Logging logTrafficMonitor
INFORMATION: Anzeigen der resultierenden Ergebnisse.
мар. 23, 2023 6:54:06 PM fhtw.trafficmonitor.Logging logTrafficMonitor
INFORMATION: Aktualisieren geklickt
мар. 23, 2023 6:54:06 PM fhtw.trafficmonitor.Logging logTrafficMonitor
INFORMATION: InfoLabel zurückgesetzt.
мар. 23, 2023 6:54:06 PM fhtw.trafficmonitor.Logging logTrafficMonitor
INFORMATION: Selektierte RadioButtons (Haltestellen) in neue ArrayList gespeichert.
мар. 23, 2023 6:54:06 PM fhtw.trafficmonitor.Logging logTrafficMonitor
INFORMATION: Workflow beginnt mit Multithreading.
мар. 23, 2023 6:54:06 PM fhtw.trafficmonitor.Logging logTrafficMonitor
INFORMATION: thread.current: 34, JavaFX Application Threadthread state: RUNNABLE true
мар. 23, 2023 6:54:06 PM fhtw.trafficmonitor.Logging logTrafficMonitor
INFORMATION: Workflow 'run'
мар. 23, 2023 6:54:06 PM fhtw.trafficmonitor.Logging logTrafficMonitor
INFORMATION:  ** Remove LineRecords that will not be used for display. LineRecords of lineName U2 remain.
мар. 23, 2023 6:54:07 PM fhtw.trafficmonitor.Logging logTrafficMonitor
INFORMATION:  *******************************************************************************

мар. 23, 2023 6:54:07 PM fhtw.trafficmonitor.Logging logTrafficMonitor
INFORMATION:  ** getKeyStage0 >> Thread.current: 91 index 0] for 60201072, Rathaus, U2, ptMetro
мар. 23, 2023 6:54:07 PM fhtw.trafficmonitor.Logging logTrafficMonitor
INFORMATION:  *******************************************************************************
мар. 23, 2023 6:54:07 PM fhtw.trafficmonitor.Logging logTrafficMonitor
INFORMATION:  *******************************************************************************

мар. 23, 2023 6:54:07 PM fhtw.trafficmonitor.Logging logTrafficMonitor
INFORMATION:  ** getKeyStage1 >> Thread.current: 91 index 0] for 60201072, Rathaus, U2, ptMetro
мар. 23, 2023 6:54:07 PM fhtw.trafficmonitor.Logging logTrafficMonitor
INFORMATION:  *******************************************************************************
мар. 23, 2023 6:54:07 PM fhtw.trafficmonitor.Logging logTrafficMonitor
INFORMATION:  *******************************************************************************

мар. 23, 2023 6:54:07 PM fhtw.trafficmonitor.Logging logTrafficMonitor
INFORMATION:  ** getKeyStage2 >> Thread.current: 91 index 0] for 60201072, Rathaus, U2, ptMetro
мар. 23, 2023 6:54:07 PM fhtw.trafficmonitor.Logging logTrafficMonitor
INFORMATION:  *******************************************************************************
мар. 23, 2023 6:54:07 PM fhtw.trafficmonitor.Logging logTrafficMonitor
INFORMATION:  *******************************************************************************

мар. 23, 2023 6:54:07 PM fhtw.trafficmonitor.Logging logTrafficMonitor
INFORMATION:  ** Thread.current: 91 index 0] for 60201072, Rathaus, U2, ptMetro
мар. 23, 2023 6:54:07 PM fhtw.trafficmonitor.Logging logTrafficMonitor
INFORMATION:  *******************************************************************************
мар. 23, 2023 6:54:07 PM fhtw.trafficmonitor.Logging logTrafficMonitor
INFORMATION:  *******************************************************************************

мар. 23, 2023 6:54:07 PM fhtw.trafficmonitor.Logging logTrafficMonitor
INFORMATION:  ** getKeyStage0 >> Thread.current: 85 index 0] for 60201072, Rathaus, U2, ptMetro
мар. 23, 2023 6:54:07 PM fhtw.trafficmonitor.Logging logTrafficMonitor
INFORMATION:  *******************************************************************************
мар. 23, 2023 6:54:07 PM fhtw.trafficmonitor.Logging logTrafficMonitor
INFORMATION:  *******************************************************************************

мар. 23, 2023 6:54:07 PM fhtw.trafficmonitor.Logging logTrafficMonitor
INFORMATION:  ** getKeyStage1 >> Thread.current: 85 index 0] for 60201072, Rathaus, U2, ptMetro
мар. 23, 2023 6:54:07 PM fhtw.trafficmonitor.Logging logTrafficMonitor
INFORMATION:  *******************************************************************************
мар. 23, 2023 6:54:07 PM fhtw.trafficmonitor.Logging logTrafficMonitor
INFORMATION:  *******************************************************************************

мар. 23, 2023 6:54:07 PM fhtw.trafficmonitor.Logging logTrafficMonitor
INFORMATION:  ** getKeyStage2 >> Thread.current: 85 index 0] for 60201072, Rathaus, U2, ptMetro
мар. 23, 2023 6:54:07 PM fhtw.trafficmonitor.Logging logTrafficMonitor
INFORMATION:  *******************************************************************************
мар. 23, 2023 6:54:07 PM fhtw.trafficmonitor.Logging logTrafficMonitor
INFORMATION:  *******************************************************************************

мар. 23, 2023 6:54:07 PM fhtw.trafficmonitor.Logging logTrafficMonitor
INFORMATION:  ** Thread.current: 85 index 0] for 60201072, Rathaus, U2, ptMetro
мар. 23, 2023 6:54:07 PM fhtw.trafficmonitor.Logging logTrafficMonitor
INFORMATION:  *******************************************************************************
мар. 23, 2023 6:54:08 PM fhtw.trafficmonitor.Logging logTrafficMonitor
INFORMATION: Anzeigen der resultierenden Ergebnisse.
мар. 23, 2023 6:54:13 PM fhtw.trafficmonitor.Logging logTrafficMonitor
INFORMATION: Aktualisieren geklickt
мар. 23, 2023 6:54:13 PM fhtw.trafficmonitor.Logging logTrafficMonitor
INFORMATION: InfoLabel zurückgesetzt.
мар. 23, 2023 6:54:13 PM fhtw.trafficmonitor.Logging logTrafficMonitor
INFORMATION: Selektierte RadioButtons (Haltestellen) in neue ArrayList gespeichert.
мар. 23, 2023 6:54:13 PM fhtw.trafficmonitor.Logging logTrafficMonitor
INFORMATION: Workflow beginnt mit Multithreading.
мар. 23, 2023 6:54:13 PM fhtw.trafficmonitor.Logging logTrafficMonitor
INFORMATION: thread.current: 34, JavaFX Application Threadthread state: RUNNABLE true
мар. 23, 2023 6:54:13 PM fhtw.trafficmonitor.Logging logTrafficMonitor
INFORMATION: Workflow 'run'
мар. 23, 2023 6:54:13 PM fhtw.trafficmonitor.Logging logTrafficMonitor
INFORMATION:  ** Remove LineRecords that will not be used for display. LineRecords of lineName U2 remain.
мар. 23, 2023 6:54:13 PM fhtw.trafficmonitor.Logging logTrafficMonitor
INFORMATION: thread.current: 34, JavaFX Application Threadthread state: RUNNABLE true
мар. 23, 2023 6:54:13 PM fhtw.trafficmonitor.Logging logTrafficMonitor
INFORMATION: Workflow 'run'
мар. 23, 2023 6:54:13 PM fhtw.trafficmonitor.Logging logTrafficMonitor
INFORMATION:  ** Remove LineRecords that will not be used for display. LineRecords of lineName U2 remain.
мар. 23, 2023 6:54:14 PM fhtw.trafficmonitor.Logging logTrafficMonitor
INFORMATION:  *******************************************************************************

мар. 23, 2023 6:54:14 PM fhtw.trafficmonitor.Logging logTrafficMonitor
INFORMATION:  ** getKeyStage0 >> Thread.current: 92 index 0] for 60201893, Krieau, U2, ptMetro
мар. 23, 2023 6:54:14 PM fhtw.trafficmonitor.Logging logTrafficMonitor
INFORMATION:  *******************************************************************************
мар. 23, 2023 6:54:14 PM fhtw.trafficmonitor.Logging logTrafficMonitor
INFORMATION:  *******************************************************************************

мар. 23, 2023 6:54:14 PM fhtw.trafficmonitor.Logging logTrafficMonitor
INFORMATION:  ** getKeyStage1 >> Thread.current: 92 index 0] for 60201893, Krieau, U2, ptMetro
мар. 23, 2023 6:54:14 PM fhtw.trafficmonitor.Logging logTrafficMonitor
INFORMATION:  *******************************************************************************
мар. 23, 2023 6:54:14 PM fhtw.trafficmonitor.Logging logTrafficMonitor
INFORMATION:  *******************************************************************************

мар. 23, 2023 6:54:14 PM fhtw.trafficmonitor.Logging logTrafficMonitor
INFORMATION:  ** getKeyStage2 >> Thread.current: 92 index 0] for 60201893, Krieau, U2, ptMetro
мар. 23, 2023 6:54:14 PM fhtw.trafficmonitor.Logging logTrafficMonitor
INFORMATION:  *******************************************************************************
мар. 23, 2023 6:54:14 PM fhtw.trafficmonitor.Logging logTrafficMonitor
INFORMATION:  *******************************************************************************

мар. 23, 2023 6:54:14 PM fhtw.trafficmonitor.Logging logTrafficMonitor
INFORMATION:  ** Thread.current: 92 index 0] for 60201893, Krieau, U2, ptMetro
мар. 23, 2023 6:54:14 PM fhtw.trafficmonitor.Logging logTrafficMonitor
INFORMATION:  *******************************************************************************
мар. 23, 2023 6:54:14 PM fhtw.trafficmonitor.Logging logTrafficMonitor
INFORMATION:  *******************************************************************************

мар. 23, 2023 6:54:14 PM fhtw.trafficmonitor.Logging logTrafficMonitor
INFORMATION:  ** getKeyStage0 >> Thread.current: 93 index 1] for 60201894, Stadion, U2, ptMetro
мар. 23, 2023 6:54:14 PM fhtw.trafficmonitor.Logging logTrafficMonitor
INFORMATION:  *******************************************************************************
мар. 23, 2023 6:54:14 PM fhtw.trafficmonitor.Logging logTrafficMonitor
INFORMATION:  *******************************************************************************

мар. 23, 2023 6:54:14 PM fhtw.trafficmonitor.Logging logTrafficMonitor
INFORMATION:  ** getKeyStage1 >> Thread.current: 93 index 1] for 60201894, Stadion, U2, ptMetro
мар. 23, 2023 6:54:14 PM fhtw.trafficmonitor.Logging logTrafficMonitor
INFORMATION:  *******************************************************************************
мар. 23, 2023 6:54:14 PM fhtw.trafficmonitor.Logging logTrafficMonitor
INFORMATION:  *******************************************************************************

мар. 23, 2023 6:54:14 PM fhtw.trafficmonitor.Logging logTrafficMonitor
INFORMATION:  ** getKeyStage2 >> Thread.current: 93 index 1] for 60201894, Stadion, U2, ptMetro
мар. 23, 2023 6:54:14 PM fhtw.trafficmonitor.Logging logTrafficMonitor
INFORMATION:  *******************************************************************************
мар. 23, 2023 6:54:14 PM fhtw.trafficmonitor.Logging logTrafficMonitor
INFORMATION:  *******************************************************************************

мар. 23, 2023 6:54:14 PM fhtw.trafficmonitor.Logging logTrafficMonitor
INFORMATION:  ** Thread.current: 93 index 1] for 60201894, Stadion, U2, ptMetro
мар. 23, 2023 6:54:14 PM fhtw.trafficmonitor.Logging logTrafficMonitor
INFORMATION:  *******************************************************************************
мар. 23, 2023 6:54:14 PM fhtw.trafficmonitor.Logging logTrafficMonitor
INFORMATION: Anzeigen der resultierenden Ergebnisse.
мар. 23, 2023 6:54:30 PM fhtw.trafficmonitor.Logging logTrafficMonitor
INFORMATION: Aktualisieren geklickt
мар. 23, 2023 6:54:30 PM fhtw.trafficmonitor.Logging logTrafficMonitor
INFORMATION: InfoLabel zurückgesetzt.
мар. 23, 2023 6:54:30 PM fhtw.trafficmonitor.Logging logTrafficMonitor
INFORMATION: Selektierte RadioButtons (Haltestellen) in neue ArrayList gespeichert.
мар. 23, 2023 6:54:30 PM fhtw.trafficmonitor.Logging logTrafficMonitor
INFORMATION: Workflow beginnt mit Multithreading.
мар. 23, 2023 6:54:30 PM fhtw.trafficmonitor.Logging logTrafficMonitor
INFORMATION: thread.current: 34, JavaFX Application Threadthread state: RUNNABLE true
мар. 23, 2023 6:54:30 PM fhtw.trafficmonitor.Logging logTrafficMonitor
INFORMATION: Workflow 'run'
мар. 23, 2023 6:54:30 PM fhtw.trafficmonitor.Logging logTrafficMonitor
INFORMATION:  ** Remove LineRecords that will not be used for display. LineRecords of lineName U2 remain.
мар. 23, 2023 6:54:30 PM fhtw.trafficmonitor.Logging logTrafficMonitor
INFORMATION:  *******************************************************************************

мар. 23, 2023 6:54:30 PM fhtw.trafficmonitor.Logging logTrafficMonitor
INFORMATION:  ** getKeyStage0 >> Thread.current: 99 index 0] for 60201072, Rathaus, U2, ptMetro
мар. 23, 2023 6:54:30 PM fhtw.trafficmonitor.Logging logTrafficMonitor
INFORMATION:  *******************************************************************************
мар. 23, 2023 6:54:30 PM fhtw.trafficmonitor.Logging logTrafficMonitor
INFORMATION:  *******************************************************************************

мар. 23, 2023 6:54:30 PM fhtw.trafficmonitor.Logging logTrafficMonitor
INFORMATION:  ** getKeyStage1 >> Thread.current: 99 index 0] for 60201072, Rathaus, U2, ptMetro
мар. 23, 2023 6:54:30 PM fhtw.trafficmonitor.Logging logTrafficMonitor
INFORMATION:  *******************************************************************************
мар. 23, 2023 6:54:30 PM fhtw.trafficmonitor.Logging logTrafficMonitor
INFORMATION:  *******************************************************************************

мар. 23, 2023 6:54:30 PM fhtw.trafficmonitor.Logging logTrafficMonitor
INFORMATION:  ** getKeyStage2 >> Thread.current: 99 index 0] for 60201072, Rathaus, U2, ptMetro
мар. 23, 2023 6:54:30 PM fhtw.trafficmonitor.Logging logTrafficMonitor
INFORMATION:  *******************************************************************************
мар. 23, 2023 6:54:30 PM fhtw.trafficmonitor.Logging logTrafficMonitor
INFORMATION:  *******************************************************************************

мар. 23, 2023 6:54:30 PM fhtw.trafficmonitor.Logging logTrafficMonitor
INFORMATION:  ** Thread.current: 99 index 0] for 60201072, Rathaus, U2, ptMetro
мар. 23, 2023 6:54:30 PM fhtw.trafficmonitor.Logging logTrafficMonitor
INFORMATION:  *******************************************************************************
мар. 23, 2023 6:54:31 PM fhtw.trafficmonitor.Logging logTrafficMonitor
INFORMATION: Anzeigen der resultierenden Ergebnisse.
мар. 23, 2023 6:56:39 PM fhtw.trafficmonitor.Logging logTrafficMonitor
INFORMATION: Aktualisieren geklickt
мар. 23, 2023 6:56:39 PM fhtw.trafficmonitor.Logging logTrafficMonitor
INFORMATION: InfoLabel zurückgesetzt.
мар. 23, 2023 6:56:39 PM fhtw.trafficmonitor.Logging logTrafficMonitor
INFORMATION: Selektierte RadioButtons (Haltestellen) in neue ArrayList gespeichert.
мар. 23, 2023 6:56:39 PM fhtw.trafficmonitor.Logging logTrafficMonitor
INFORMATION: Workflow beginnt mit Multithreading.
мар. 23, 2023 6:56:39 PM fhtw.trafficmonitor.Logging logTrafficMonitor
INFORMATION: thread.current: 34, JavaFX Application Threadthread state: RUNNABLE true
мар. 23, 2023 6:56:39 PM fhtw.trafficmonitor.Logging logTrafficMonitor
INFORMATION: Workflow 'run'
мар. 23, 2023 6:56:39 PM fhtw.trafficmonitor.Logging logTrafficMonitor
INFORMATION:  ** Remove LineRecords that will not be used for display. LineRecords of lineName U2 remain.
мар. 23, 2023 6:56:39 PM fhtw.trafficmonitor.Logging logTrafficMonitor
INFORMATION:  *******************************************************************************

мар. 23, 2023 6:56:39 PM fhtw.trafficmonitor.Logging logTrafficMonitor
INFORMATION:  ** getKeyStage0 >> Thread.current: 104 index 0] for 60200473, Hardeggasse, U2, ptMetro
мар. 23, 2023 6:56:39 PM fhtw.trafficmonitor.Logging logTrafficMonitor
INFORMATION:  *******************************************************************************
мар. 23, 2023 6:56:39 PM fhtw.trafficmonitor.Logging logTrafficMonitor
INFORMATION:  *******************************************************************************

мар. 23, 2023 6:56:39 PM fhtw.trafficmonitor.Logging logTrafficMonitor
INFORMATION:  ** getKeyStage1 >> Thread.current: 104 index 0] for 60200473, Hardeggasse, U2, ptMetro
мар. 23, 2023 6:56:39 PM fhtw.trafficmonitor.Logging logTrafficMonitor
INFORMATION:  *******************************************************************************
мар. 23, 2023 6:56:39 PM fhtw.trafficmonitor.Logging logTrafficMonitor
INFORMATION:  *******************************************************************************

мар. 23, 2023 6:56:39 PM fhtw.trafficmonitor.Logging logTrafficMonitor
INFORMATION:  ** getKeyStage2 >> Thread.current: 104 index 0] for 60200473, Hardeggasse, U2, ptMetro
мар. 23, 2023 6:56:39 PM fhtw.trafficmonitor.Logging logTrafficMonitor
INFORMATION:  *******************************************************************************
мар. 23, 2023 6:56:39 PM fhtw.trafficmonitor.Logging logTrafficMonitor
INFORMATION:  *******************************************************************************

мар. 23, 2023 6:56:39 PM fhtw.trafficmonitor.Logging logTrafficMonitor
INFORMATION:  ** Thread.current: 104 index 0] for 60200473, Hardeggasse, U2, ptMetro
мар. 23, 2023 6:56:39 PM fhtw.trafficmonitor.Logging logTrafficMonitor
INFORMATION:  *******************************************************************************
мар. 23, 2023 6:56:40 PM fhtw.trafficmonitor.Logging logTrafficMonitor
INFORMATION: Anzeigen der resultierenden Ergebnisse.
мар. 23, 2023 6:56:43 PM fhtw.trafficmonitor.Logging logTrafficMonitor
INFORMATION: Aktualisieren geklickt
мар. 23, 2023 6:56:43 PM fhtw.trafficmonitor.Logging logTrafficMonitor
INFORMATION: InfoLabel zurückgesetzt.
мар. 23, 2023 6:56:43 PM fhtw.trafficmonitor.Logging logTrafficMonitor
INFORMATION: Selektierte RadioButtons (Haltestellen) in neue ArrayList gespeichert.
мар. 23, 2023 6:56:43 PM fhtw.trafficmonitor.Logging logTrafficMonitor
INFORMATION: Workflow beginnt mit Multithreading.
мар. 23, 2023 6:56:43 PM fhtw.trafficmonitor.Logging logTrafficMonitor
INFORMATION: thread.current: 34, JavaFX Application Threadthread state: RUNNABLE true
мар. 23, 2023 6:56:43 PM fhtw.trafficmonitor.Logging logTrafficMonitor
INFORMATION: Workflow 'run'
мар. 23, 2023 6:56:43 PM fhtw.trafficmonitor.Logging logTrafficMonitor
INFORMATION:  ** Remove LineRecords that will not be used for display. LineRecords of lineName U2 remain.
мар. 23, 2023 6:56:43 PM fhtw.trafficmonitor.Logging logTrafficMonitor
INFORMATION:  *******************************************************************************

мар. 23, 2023 6:56:43 PM fhtw.trafficmonitor.Logging logTrafficMonitor
INFORMATION:  ** getKeyStage0 >> Thread.current: 108 index 0] for 60200473, Hardeggasse, U2, ptMetro
мар. 23, 2023 6:56:43 PM fhtw.trafficmonitor.Logging logTrafficMonitor
INFORMATION:  *******************************************************************************
мар. 23, 2023 6:56:43 PM fhtw.trafficmonitor.Logging logTrafficMonitor
INFORMATION:  *******************************************************************************

мар. 23, 2023 6:56:43 PM fhtw.trafficmonitor.Logging logTrafficMonitor
INFORMATION:  ** getKeyStage1 >> Thread.current: 108 index 0] for 60200473, Hardeggasse, U2, ptMetro
мар. 23, 2023 6:56:43 PM fhtw.trafficmonitor.Logging logTrafficMonitor
INFORMATION:  *******************************************************************************
мар. 23, 2023 6:56:43 PM fhtw.trafficmonitor.Logging logTrafficMonitor
INFORMATION:  *******************************************************************************

мар. 23, 2023 6:56:43 PM fhtw.trafficmonitor.Logging logTrafficMonitor
INFORMATION:  ** getKeyStage2 >> Thread.current: 108 index 0] for 60200473, Hardeggasse, U2, ptMetro
мар. 23, 2023 6:56:43 PM fhtw.trafficmonitor.Logging logTrafficMonitor
INFORMATION:  *******************************************************************************
мар. 23, 2023 6:56:43 PM fhtw.trafficmonitor.Logging logTrafficMonitor
INFORMATION:  *******************************************************************************

мар. 23, 2023 6:56:43 PM fhtw.trafficmonitor.Logging logTrafficMonitor
INFORMATION:  ** Thread.current: 108 index 0] for 60200473, Hardeggasse, U2, ptMetro
мар. 23, 2023 6:56:43 PM fhtw.trafficmonitor.Logging logTrafficMonitor
INFORMATION:  *******************************************************************************
мар. 23, 2023 6:56:44 PM fhtw.trafficmonitor.Logging logTrafficMonitor
INFORMATION: Anzeigen der resultierenden Ergebnisse.
мар. 23, 2023 6:56:47 PM fhtw.trafficmonitor.Logging logTrafficMonitor
INFORMATION: Aktualisieren geklickt
мар. 23, 2023 6:56:47 PM fhtw.trafficmonitor.Logging logTrafficMonitor
INFORMATION: InfoLabel zurückgesetzt.
мар. 23, 2023 6:56:47 PM fhtw.trafficmonitor.Logging logTrafficMonitor
INFORMATION: Selektierte RadioButtons (Haltestellen) in neue ArrayList gespeichert.
мар. 23, 2023 6:56:47 PM fhtw.trafficmonitor.Logging logTrafficMonitor
INFORMATION: Workflow beginnt mit Multithreading.
мар. 23, 2023 6:56:47 PM fhtw.trafficmonitor.Logging logTrafficMonitor
INFORMATION: thread.current: 34, JavaFX Application Threadthread state: RUNNABLE true
мар. 23, 2023 6:56:47 PM fhtw.trafficmonitor.Logging logTrafficMonitor
INFORMATION: Workflow 'run'
мар. 23, 2023 6:56:47 PM fhtw.trafficmonitor.Logging logTrafficMonitor
INFORMATION:  ** Remove LineRecords that will not be used for display. LineRecords of lineName U2 remain.
мар. 23, 2023 6:56:47 PM fhtw.trafficmonitor.Logging logTrafficMonitor
INFORMATION:  *******************************************************************************

мар. 23, 2023 6:56:47 PM fhtw.trafficmonitor.Logging logTrafficMonitor
INFORMATION:  ** getKeyStage0 >> Thread.current: 110 index 0] for 60201299, Stadlau, U2, ptMetro
мар. 23, 2023 6:56:47 PM fhtw.trafficmonitor.Logging logTrafficMonitor
INFORMATION:  *******************************************************************************
мар. 23, 2023 6:56:47 PM fhtw.trafficmonitor.Logging logTrafficMonitor
INFORMATION:  *******************************************************************************

мар. 23, 2023 6:56:47 PM fhtw.trafficmonitor.Logging logTrafficMonitor
INFORMATION:  ** getKeyStage1 >> Thread.current: 110 index 0] for 60201299, Stadlau, U2, ptMetro
мар. 23, 2023 6:56:47 PM fhtw.trafficmonitor.Logging logTrafficMonitor
INFORMATION:  *******************************************************************************
мар. 23, 2023 6:56:48 PM fhtw.trafficmonitor.Logging logTrafficMonitor
INFORMATION:  *******************************************************************************

мар. 23, 2023 6:56:48 PM fhtw.trafficmonitor.Logging logTrafficMonitor
INFORMATION:  ** getKeyStage2 >> Thread.current: 110 index 0] for 60201299, Stadlau, U2, ptMetro
мар. 23, 2023 6:56:48 PM fhtw.trafficmonitor.Logging logTrafficMonitor
INFORMATION:  *******************************************************************************
мар. 23, 2023 6:56:48 PM fhtw.trafficmonitor.Logging logTrafficMonitor
INFORMATION:  *******************************************************************************

мар. 23, 2023 6:56:48 PM fhtw.trafficmonitor.Logging logTrafficMonitor
INFORMATION:  ** Thread.current: 110 index 0] for 60201299, Stadlau, U2, ptMetro
мар. 23, 2023 6:56:48 PM fhtw.trafficmonitor.Logging logTrafficMonitor
INFORMATION:  *******************************************************************************
мар. 23, 2023 6:56:48 PM fhtw.trafficmonitor.Logging logTrafficMonitor
INFORMATION: Anzeigen der resultierenden Ergebnisse.
мар. 23, 2023 6:56:50 PM fhtw.trafficmonitor.Logging logTrafficMonitor
INFORMATION: Aktualisieren geklickt
мар. 23, 2023 6:56:50 PM fhtw.trafficmonitor.Logging logTrafficMonitor
INFORMATION: InfoLabel zurückgesetzt.
мар. 23, 2023 6:56:50 PM fhtw.trafficmonitor.Logging logTrafficMonitor
INFORMATION: Selektierte RadioButtons (Haltestellen) in neue ArrayList gespeichert.
мар. 23, 2023 6:56:50 PM fhtw.trafficmonitor.Logging logTrafficMonitor
INFORMATION: Workflow beginnt mit Multithreading.
мар. 23, 2023 6:56:50 PM fhtw.trafficmonitor.Logging logTrafficMonitor
INFORMATION: thread.current: 34, JavaFX Application Threadthread state: RUNNABLE true
мар. 23, 2023 6:56:50 PM fhtw.trafficmonitor.Logging logTrafficMonitor
INFORMATION: Workflow 'run'
мар. 23, 2023 6:56:50 PM fhtw.trafficmonitor.Logging logTrafficMonitor
INFORMATION:  ** Remove LineRecords that will not be used for display. LineRecords of lineName U2 remain.
мар. 23, 2023 6:56:51 PM fhtw.trafficmonitor.Logging logTrafficMonitor
INFORMATION:  *******************************************************************************

мар. 23, 2023 6:56:51 PM fhtw.trafficmonitor.Logging logTrafficMonitor
INFORMATION:  ** getKeyStage0 >> Thread.current: 112 index 0] for 60201299, Stadlau, U2, ptMetro
мар. 23, 2023 6:56:51 PM fhtw.trafficmonitor.Logging logTrafficMonitor
INFORMATION:  *******************************************************************************
мар. 23, 2023 6:56:51 PM fhtw.trafficmonitor.Logging logTrafficMonitor
INFORMATION:  *******************************************************************************

мар. 23, 2023 6:56:51 PM fhtw.trafficmonitor.Logging logTrafficMonitor
INFORMATION:  ** getKeyStage1 >> Thread.current: 112 index 0] for 60201299, Stadlau, U2, ptMetro
мар. 23, 2023 6:56:51 PM fhtw.trafficmonitor.Logging logTrafficMonitor
INFORMATION:  *******************************************************************************
мар. 23, 2023 6:56:51 PM fhtw.trafficmonitor.Logging logTrafficMonitor
INFORMATION:  *******************************************************************************

мар. 23, 2023 6:56:51 PM fhtw.trafficmonitor.Logging logTrafficMonitor
INFORMATION:  ** getKeyStage2 >> Thread.current: 112 index 0] for 60201299, Stadlau, U2, ptMetro
мар. 23, 2023 6:56:51 PM fhtw.trafficmonitor.Logging logTrafficMonitor
INFORMATION:  *******************************************************************************
мар. 23, 2023 6:56:51 PM fhtw.trafficmonitor.Logging logTrafficMonitor
INFORMATION:  *******************************************************************************

мар. 23, 2023 6:56:51 PM fhtw.trafficmonitor.Logging logTrafficMonitor
INFORMATION:  ** Thread.current: 112 index 0] for 60201299, Stadlau, U2, ptMetro
мар. 23, 2023 6:56:51 PM fhtw.trafficmonitor.Logging logTrafficMonitor
INFORMATION:  *******************************************************************************
мар. 23, 2023 6:56:51 PM fhtw.trafficmonitor.Logging logTrafficMonitor
INFORMATION: Anzeigen der resultierenden Ergebnisse.
мар. 23, 2023 6:56:56 PM fhtw.trafficmonitor.Logging logTrafficMonitor
INFORMATION: Aktualisieren geklickt
мар. 23, 2023 6:56:56 PM fhtw.trafficmonitor.Logging logTrafficMonitor
INFORMATION: InfoLabel zurückgesetzt.
мар. 23, 2023 6:56:56 PM fhtw.trafficmonitor.Logging logTrafficMonitor
INFORMATION: Selektierte RadioButtons (Haltestellen) in neue ArrayList gespeichert.
мар. 23, 2023 6:56:56 PM fhtw.trafficmonitor.Logging logTrafficMonitor
INFORMATION: Workflow beginnt mit Multithreading.
мар. 23, 2023 6:56:56 PM fhtw.trafficmonitor.Logging logTrafficMonitor
INFORMATION: thread.current: 34, JavaFX Application Threadthread state: RUNNABLE true
мар. 23, 2023 6:56:56 PM fhtw.trafficmonitor.Logging logTrafficMonitor
INFORMATION: Workflow 'run'
мар. 23, 2023 6:56:56 PM fhtw.trafficmonitor.Logging logTrafficMonitor
INFORMATION:  ** Remove LineRecords that will not be used for display. LineRecords of lineName U2 remain.
мар. 23, 2023 6:56:56 PM fhtw.trafficmonitor.Logging logTrafficMonitor
INFORMATION:  *******************************************************************************

мар. 23, 2023 6:56:56 PM fhtw.trafficmonitor.Logging logTrafficMonitor
INFORMATION:  ** getKeyStage0 >> Thread.current: 114 index 0] for 60200473, Hardeggasse, U2, ptMetro
мар. 23, 2023 6:56:56 PM fhtw.trafficmonitor.Logging logTrafficMonitor
INFORMATION:  *******************************************************************************
мар. 23, 2023 6:56:56 PM fhtw.trafficmonitor.Logging logTrafficMonitor
INFORMATION:  *******************************************************************************

мар. 23, 2023 6:56:56 PM fhtw.trafficmonitor.Logging logTrafficMonitor
INFORMATION:  ** getKeyStage1 >> Thread.current: 114 index 0] for 60200473, Hardeggasse, U2, ptMetro
мар. 23, 2023 6:56:56 PM fhtw.trafficmonitor.Logging logTrafficMonitor
INFORMATION:  *******************************************************************************
мар. 23, 2023 6:56:56 PM fhtw.trafficmonitor.Logging logTrafficMonitor
INFORMATION:  *******************************************************************************

мар. 23, 2023 6:56:56 PM fhtw.trafficmonitor.Logging logTrafficMonitor
INFORMATION:  ** getKeyStage2 >> Thread.current: 114 index 0] for 60200473, Hardeggasse, U2, ptMetro
мар. 23, 2023 6:56:56 PM fhtw.trafficmonitor.Logging logTrafficMonitor
INFORMATION:  *******************************************************************************
мар. 23, 2023 6:56:56 PM fhtw.trafficmonitor.Logging logTrafficMonitor
INFORMATION:  *******************************************************************************

мар. 23, 2023 6:56:56 PM fhtw.trafficmonitor.Logging logTrafficMonitor
INFORMATION:  ** Thread.current: 114 index 0] for 60200473, Hardeggasse, U2, ptMetro
мар. 23, 2023 6:56:56 PM fhtw.trafficmonitor.Logging logTrafficMonitor
INFORMATION:  *******************************************************************************
мар. 23, 2023 6:56:56 PM fhtw.trafficmonitor.Logging logTrafficMonitor
INFORMATION: Anzeigen der resultierenden Ergebnisse.
мар. 23, 2023 6:57:05 PM fhtw.trafficmonitor.Logging logTrafficMonitor
INFORMATION: Aktualisieren geklickt
мар. 23, 2023 6:57:05 PM fhtw.trafficmonitor.Logging logTrafficMonitor
INFORMATION: InfoLabel zurückgesetzt.
мар. 23, 2023 6:57:05 PM fhtw.trafficmonitor.Logging logTrafficMonitor
INFORMATION: Selektierte RadioButtons (Haltestellen) in neue ArrayList gespeichert.
мар. 23, 2023 6:57:05 PM fhtw.trafficmonitor.Logging logTrafficMonitor
INFORMATION: Workflow beginnt mit Multithreading.
мар. 23, 2023 6:57:05 PM fhtw.trafficmonitor.Logging logTrafficMonitor
INFORMATION: thread.current: 34, JavaFX Application Threadthread state: RUNNABLE true
мар. 23, 2023 6:57:05 PM fhtw.trafficmonitor.Logging logTrafficMonitor
INFORMATION: Workflow 'run'
мар. 23, 2023 6:57:05 PM fhtw.trafficmonitor.Logging logTrafficMonitor
INFORMATION:  ** Remove LineRecords that will not be used for display. LineRecords of lineName U2 remain.
мар. 23, 2023 6:57:05 PM fhtw.trafficmonitor.Logging logTrafficMonitor
INFORMATION: thread.current: 34, JavaFX Application Threadthread state: RUNNABLE true
мар. 23, 2023 6:57:05 PM fhtw.trafficmonitor.Logging logTrafficMonitor
INFORMATION: Workflow 'run'
мар. 23, 2023 6:57:05 PM fhtw.trafficmonitor.Logging logTrafficMonitor
INFORMATION:  ** Remove LineRecords that will not be used for display. LineRecords of lineName U2 remain.
мар. 23, 2023 6:57:06 PM fhtw.trafficmonitor.Logging logTrafficMonitor
INFORMATION:  *******************************************************************************

мар. 23, 2023 6:57:06 PM fhtw.trafficmonitor.Logging logTrafficMonitor
INFORMATION:  ** getKeyStage0 >> Thread.current: 118 index 1] for 60200473, Hardeggasse, U2, ptMetro
мар. 23, 2023 6:57:06 PM fhtw.trafficmonitor.Logging logTrafficMonitor
INFORMATION:  *******************************************************************************
мар. 23, 2023 6:57:06 PM fhtw.trafficmonitor.Logging logTrafficMonitor
INFORMATION:  *******************************************************************************

мар. 23, 2023 6:57:06 PM fhtw.trafficmonitor.Logging logTrafficMonitor
INFORMATION:  ** getKeyStage1 >> Thread.current: 118 index 1] for 60200473, Hardeggasse, U2, ptMetro
мар. 23, 2023 6:57:06 PM fhtw.trafficmonitor.Logging logTrafficMonitor
INFORMATION:  *******************************************************************************
мар. 23, 2023 6:57:06 PM fhtw.trafficmonitor.Logging logTrafficMonitor
INFORMATION:  *******************************************************************************

мар. 23, 2023 6:57:06 PM fhtw.trafficmonitor.Logging logTrafficMonitor
INFORMATION:  ** getKeyStage0 >> Thread.current: 117 index 0] for 60201430, Volkstheater, U2, ptMetro
мар. 23, 2023 6:57:06 PM fhtw.trafficmonitor.Logging logTrafficMonitor
INFORMATION:  *******************************************************************************
мар. 23, 2023 6:57:06 PM fhtw.trafficmonitor.Logging logTrafficMonitor
INFORMATION:  *******************************************************************************

мар. 23, 2023 6:57:06 PM fhtw.trafficmonitor.Logging logTrafficMonitor
INFORMATION:  ** getKeyStage2 >> Thread.current: 118 index 1] for 60200473, Hardeggasse, U2, ptMetro
мар. 23, 2023 6:57:06 PM fhtw.trafficmonitor.Logging logTrafficMonitor
INFORMATION:  *******************************************************************************
мар. 23, 2023 6:57:06 PM fhtw.trafficmonitor.Logging logTrafficMonitor
INFORMATION:  *******************************************************************************

мар. 23, 2023 6:57:06 PM fhtw.trafficmonitor.Logging logTrafficMonitor
INFORMATION:  ** Thread.current: 118 index 1] for 60200473, Hardeggasse, U2, ptMetro
мар. 23, 2023 6:57:06 PM fhtw.trafficmonitor.Logging logTrafficMonitor
INFORMATION:  *******************************************************************************
мар. 23, 2023 6:57:06 PM fhtw.trafficmonitor.Logging logTrafficMonitor
INFORMATION:  *******************************************************************************

мар. 23, 2023 6:57:06 PM fhtw.trafficmonitor.Logging logTrafficMonitor
INFORMATION:  ** getKeyStage1 >> Thread.current: 117 index 0] for 60201430, Volkstheater, U2, ptMetro
мар. 23, 2023 6:57:06 PM fhtw.trafficmonitor.Logging logTrafficMonitor
INFORMATION:  *******************************************************************************
мар. 23, 2023 6:57:06 PM fhtw.trafficmonitor.Logging logTrafficMonitor
INFORMATION:  *******************************************************************************

мар. 23, 2023 6:57:06 PM fhtw.trafficmonitor.Logging logTrafficMonitor
INFORMATION:  ** getKeyStage2 >> Thread.current: 117 index 0] for 60201430, Volkstheater, U2, ptMetro
мар. 23, 2023 6:57:06 PM fhtw.trafficmonitor.Logging logTrafficMonitor
INFORMATION:  *******************************************************************************
мар. 23, 2023 6:57:06 PM fhtw.trafficmonitor.Logging logTrafficMonitor
INFORMATION:  *******************************************************************************

мар. 23, 2023 6:57:06 PM fhtw.trafficmonitor.Logging logTrafficMonitor
INFORMATION:  ** Thread.current: 117 index 0] for 60201430, Volkstheater, U2, ptMetro
мар. 23, 2023 6:57:06 PM fhtw.trafficmonitor.Logging logTrafficMonitor
INFORMATION:  *******************************************************************************
мар. 23, 2023 6:57:06 PM fhtw.trafficmonitor.Logging logTrafficMonitor
INFORMATION: Anzeigen der resultierenden Ergebnisse.
мар. 23, 2023 6:57:10 PM fhtw.trafficmonitor.Logging logTrafficMonitor
INFORMATION: Aktualisieren geklickt
мар. 23, 2023 6:57:10 PM fhtw.trafficmonitor.Logging logTrafficMonitor
INFORMATION: InfoLabel zurückgesetzt.
мар. 23, 2023 6:57:10 PM fhtw.trafficmonitor.Logging logTrafficMonitor
INFORMATION: Selektierte RadioButtons (Haltestellen) in neue ArrayList gespeichert.
мар. 23, 2023 6:57:10 PM fhtw.trafficmonitor.Logging logTrafficMonitor
INFORMATION: Workflow beginnt mit Multithreading.
мар. 23, 2023 6:57:10 PM fhtw.trafficmonitor.Logging logTrafficMonitor
INFORMATION: thread.current: 34, JavaFX Application Threadthread state: RUNNABLE true
мар. 23, 2023 6:57:10 PM fhtw.trafficmonitor.Logging logTrafficMonitor
INFORMATION: Workflow 'run'
мар. 23, 2023 6:57:10 PM fhtw.trafficmonitor.Logging logTrafficMonitor
INFORMATION:  ** Remove LineRecords that will not be used for display. LineRecords of lineName U2 remain.
мар. 23, 2023 6:57:11 PM fhtw.trafficmonitor.Logging logTrafficMonitor
INFORMATION:  *******************************************************************************

мар. 23, 2023 6:57:11 PM fhtw.trafficmonitor.Logging logTrafficMonitor
INFORMATION:  ** getKeyStage0 >> Thread.current: 124 index 0] for 60201430, Volkstheater, U2, ptMetro
мар. 23, 2023 6:57:11 PM fhtw.trafficmonitor.Logging logTrafficMonitor
INFORMATION:  *******************************************************************************
мар. 23, 2023 6:57:11 PM fhtw.trafficmonitor.Logging logTrafficMonitor
INFORMATION:  *******************************************************************************

мар. 23, 2023 6:57:11 PM fhtw.trafficmonitor.Logging logTrafficMonitor
INFORMATION:  ** getKeyStage1 >> Thread.current: 124 index 0] for 60201430, Volkstheater, U2, ptMetro
мар. 23, 2023 6:57:11 PM fhtw.trafficmonitor.Logging logTrafficMonitor
INFORMATION:  *******************************************************************************
мар. 23, 2023 6:57:11 PM fhtw.trafficmonitor.Logging logTrafficMonitor
INFORMATION:  *******************************************************************************

мар. 23, 2023 6:57:11 PM fhtw.trafficmonitor.Logging logTrafficMonitor
INFORMATION:  ** getKeyStage2 >> Thread.current: 124 index 0] for 60201430, Volkstheater, U2, ptMetro
мар. 23, 2023 6:57:11 PM fhtw.trafficmonitor.Logging logTrafficMonitor
INFORMATION:  *******************************************************************************
мар. 23, 2023 6:57:11 PM fhtw.trafficmonitor.Logging logTrafficMonitor
INFORMATION:  *******************************************************************************

мар. 23, 2023 6:57:11 PM fhtw.trafficmonitor.Logging logTrafficMonitor
INFORMATION:  ** Thread.current: 124 index 0] for 60201430, Volkstheater, U2, ptMetro
мар. 23, 2023 6:57:11 PM fhtw.trafficmonitor.Logging logTrafficMonitor
INFORMATION:  *******************************************************************************
мар. 23, 2023 6:57:11 PM fhtw.trafficmonitor.Logging logTrafficMonitor
INFORMATION: Anzeigen der resultierenden Ergebnisse.
мар. 23, 2023 6:57:17 PM fhtw.trafficmonitor.Logging logTrafficMonitor
INFORMATION: TrafficMonitor Hauptmenü U2 wurde geschlossen.
