февр. 06, 2023 8:01:57 PM fhtw.trafficmonitor.Logging logTrafficMonitor
INFORMATION: Willkommen! Das Logging beginnt nun für den TrafficMonitor.
февр. 06, 2023 8:01:58 PM fhtw.trafficmonitor.Logging logTrafficMonitor
INFORMATION: TrafficHauptmenü geöffnet
февр. 06, 2023 8:02:00 PM fhtw.trafficmonitor.Logging logTrafficMonitor
INFORMATION: Button U2 wurde angeklickt.
февр. 06, 2023 8:02:00 PM fhtw.trafficmonitor.Logging logTrafficMonitor
INFORMATION: Haltestellen aus csv in ArrayList<RadioButton> 'transportLineButtonsList' hinzugefügt
февр. 06, 2023 8:02:00 PM fhtw.trafficmonitor.Logging logTrafficMonitor
INFORMATION: Erstellung des Fenster TrafficMonitor U2
февр. 06, 2023 8:02:00 PM fhtw.trafficmonitor.Logging logTrafficMonitor
INFORMATION: TrafficMonitor Hauptmenü U2 ist nun geöffnet!
февр. 06, 2023 8:02:04 PM fhtw.trafficmonitor.Logging logTrafficMonitor
INFORMATION: Aktualisieren geklickt
февр. 06, 2023 8:02:04 PM fhtw.trafficmonitor.Logging logTrafficMonitor
INFORMATION: InfoLabel zurückgesetzt.
февр. 06, 2023 8:02:04 PM fhtw.trafficmonitor.Logging logTrafficMonitor
INFORMATION: Selektierte RadioButtons (Haltestellen) in neue ArrayList gespeichert.
февр. 06, 2023 8:02:04 PM fhtw.trafficmonitor.Logging logTrafficMonitor
INFORMATION: Workflow beginnt mit Multithreading.
февр. 06, 2023 8:02:04 PM fhtw.trafficmonitor.Logging logTrafficMonitor
INFORMATION: Workflow 'run'
февр. 06, 2023 8:02:04 PM fhtw.trafficmonitor.Logging logTrafficMonitor
INFORMATION:  ** Remove LineRecords that will not be used for display. LineRecords of lineName U2 remain.
февр. 06, 2023 8:02:04 PM fhtw.trafficmonitor.Logging logTrafficMonitor
INFORMATION: thread.current: 34, JavaFX Application Threadthread state: RUNNABLE true
февр. 06, 2023 8:02:04 PM fhtw.trafficmonitor.Logging logTrafficMonitor
INFORMATION: thread.current: 34, JavaFX Application Threadthread state: RUNNABLE true
февр. 06, 2023 8:02:04 PM fhtw.trafficmonitor.Logging logTrafficMonitor
INFORMATION: Workflow 'run'
февр. 06, 2023 8:02:04 PM fhtw.trafficmonitor.Logging logTrafficMonitor
INFORMATION:  ** Remove LineRecords that will not be used for display. LineRecords of lineName U2 remain.
февр. 06, 2023 8:02:05 PM fhtw.trafficmonitor.Logging logTrafficMonitor
INFORMATION:  *******************************************************************************

февр. 06, 2023 8:02:05 PM fhtw.trafficmonitor.Logging logTrafficMonitor
INFORMATION:  ** getKeyStage0 >> Thread.current: 53 index 1] for 60200473, Hardeggasse, U2, ptMetro
февр. 06, 2023 8:02:05 PM fhtw.trafficmonitor.Logging logTrafficMonitor
INFORMATION:  *******************************************************************************
февр. 06, 2023 8:02:05 PM fhtw.trafficmonitor.Logging logTrafficMonitor
INFORMATION:  *******************************************************************************

февр. 06, 2023 8:02:05 PM fhtw.trafficmonitor.Logging logTrafficMonitor
INFORMATION:  ** getKeyStage1 >> Thread.current: 53 index 1] for 60200473, Hardeggasse, U2, ptMetro
февр. 06, 2023 8:02:05 PM fhtw.trafficmonitor.Logging logTrafficMonitor
INFORMATION:  *******************************************************************************
февр. 06, 2023 8:02:05 PM fhtw.trafficmonitor.Logging logTrafficMonitor
INFORMATION:  *******************************************************************************

февр. 06, 2023 8:02:05 PM fhtw.trafficmonitor.Logging logTrafficMonitor
INFORMATION:  ** getKeyStage2 >> Thread.current: 53 index 1] for 60200473, Hardeggasse, U2, ptMetro
февр. 06, 2023 8:02:05 PM fhtw.trafficmonitor.Logging logTrafficMonitor
INFORMATION:  *******************************************************************************
февр. 06, 2023 8:02:05 PM fhtw.trafficmonitor.Logging logTrafficMonitor
INFORMATION:  *******************************************************************************

февр. 06, 2023 8:02:05 PM fhtw.trafficmonitor.Logging logTrafficMonitor
INFORMATION:  ** Thread.current: 53 index 1] for 60200473, Hardeggasse, U2, ptMetro
февр. 06, 2023 8:02:05 PM fhtw.trafficmonitor.Logging logTrafficMonitor
INFORMATION:  *******************************************************************************
февр. 06, 2023 8:02:10 PM fhtw.trafficmonitor.Logging logTrafficMonitor
INFORMATION:  *******************************************************************************

февр. 06, 2023 8:02:10 PM fhtw.trafficmonitor.Logging logTrafficMonitor
INFORMATION:  ** getKeyStage0 >> Thread.current: 52 index 0] for 60201299, Stadlau, U2, ptMetro
февр. 06, 2023 8:02:10 PM fhtw.trafficmonitor.Logging logTrafficMonitor
INFORMATION:  *******************************************************************************
февр. 06, 2023 8:02:10 PM fhtw.trafficmonitor.Logging logTrafficMonitor
INFORMATION:  *******************************************************************************

февр. 06, 2023 8:02:10 PM fhtw.trafficmonitor.Logging logTrafficMonitor
INFORMATION:  ** getKeyStage1 >> Thread.current: 52 index 0] for 60201299, Stadlau, U2, ptMetro
февр. 06, 2023 8:02:10 PM fhtw.trafficmonitor.Logging logTrafficMonitor
INFORMATION:  *******************************************************************************
февр. 06, 2023 8:02:10 PM fhtw.trafficmonitor.Logging logTrafficMonitor
INFORMATION:  *******************************************************************************

февр. 06, 2023 8:02:10 PM fhtw.trafficmonitor.Logging logTrafficMonitor
INFORMATION:  ** getKeyStage2 >> Thread.current: 52 index 0] for 60201299, Stadlau, U2, ptMetro
февр. 06, 2023 8:02:10 PM fhtw.trafficmonitor.Logging logTrafficMonitor
INFORMATION:  *******************************************************************************
февр. 06, 2023 8:02:10 PM fhtw.trafficmonitor.Logging logTrafficMonitor
INFORMATION:  *******************************************************************************

февр. 06, 2023 8:02:10 PM fhtw.trafficmonitor.Logging logTrafficMonitor
INFORMATION:  ** Thread.current: 52 index 0] for 60201299, Stadlau, U2, ptMetro
февр. 06, 2023 8:02:10 PM fhtw.trafficmonitor.Logging logTrafficMonitor
INFORMATION:  *******************************************************************************
февр. 06, 2023 8:02:13 PM fhtw.trafficmonitor.Logging logTrafficMonitor
INFORMATION: Anzeigen der resultierenden Ergebnisse.
февр. 06, 2023 8:02:32 PM fhtw.trafficmonitor.Logging logTrafficMonitor
INFORMATION: Löschen der Anzeige und der betroffenen Einträge in der Datenbank.
февр. 06, 2023 8:02:32 PM fhtw.trafficmonitor.Logging logTrafficMonitor
INFORMATION: InfoLabel zurückgesetzt.
февр. 06, 2023 8:02:33 PM fhtw.trafficmonitor.Logging logTrafficMonitor
INFORMATION: Aktualisieren geklickt
февр. 06, 2023 8:02:33 PM fhtw.trafficmonitor.Logging logTrafficMonitor
INFORMATION: InfoLabel zurückgesetzt.
февр. 06, 2023 8:02:33 PM fhtw.trafficmonitor.Logging logTrafficMonitor
INFORMATION: Selektierte RadioButtons (Haltestellen) in neue ArrayList gespeichert.
февр. 06, 2023 8:02:34 PM fhtw.trafficmonitor.Logging logTrafficMonitor
INFORMATION: Keine Haltestelle ausgewählt.
февр. 06, 2023 8:02:38 PM fhtw.trafficmonitor.Logging logTrafficMonitor
INFORMATION: Aktualisieren geklickt
февр. 06, 2023 8:02:38 PM fhtw.trafficmonitor.Logging logTrafficMonitor
INFORMATION: InfoLabel zurückgesetzt.
февр. 06, 2023 8:02:38 PM fhtw.trafficmonitor.Logging logTrafficMonitor
INFORMATION: Selektierte RadioButtons (Haltestellen) in neue ArrayList gespeichert.
февр. 06, 2023 8:02:38 PM fhtw.trafficmonitor.Logging logTrafficMonitor
INFORMATION: Workflow beginnt mit Multithreading.
февр. 06, 2023 8:02:38 PM fhtw.trafficmonitor.Logging logTrafficMonitor
INFORMATION: thread.current: 34, JavaFX Application Threadthread state: RUNNABLE true
февр. 06, 2023 8:02:38 PM fhtw.trafficmonitor.Logging logTrafficMonitor
INFORMATION: Workflow 'run'
февр. 06, 2023 8:02:38 PM fhtw.trafficmonitor.Logging logTrafficMonitor
INFORMATION:  ** Remove LineRecords that will not be used for display. LineRecords of lineName U2 remain.
февр. 06, 2023 8:02:38 PM fhtw.trafficmonitor.Logging logTrafficMonitor
INFORMATION: thread.current: 34, JavaFX Application Threadthread state: RUNNABLE true
февр. 06, 2023 8:02:38 PM fhtw.trafficmonitor.Logging logTrafficMonitor
INFORMATION: Workflow 'run'
февр. 06, 2023 8:02:38 PM fhtw.trafficmonitor.Logging logTrafficMonitor
INFORMATION:  ** Remove LineRecords that will not be used for display. LineRecords of lineName U2 remain.
февр. 06, 2023 8:02:38 PM fhtw.trafficmonitor.Logging logTrafficMonitor
INFORMATION:  *******************************************************************************

февр. 06, 2023 8:02:38 PM fhtw.trafficmonitor.Logging logTrafficMonitor
INFORMATION:  ** getKeyStage0 >> Thread.current: 62 index 0] for 60201893, Krieau, U2, ptMetro
февр. 06, 2023 8:02:38 PM fhtw.trafficmonitor.Logging logTrafficMonitor
INFORMATION:  *******************************************************************************
февр. 06, 2023 8:02:38 PM fhtw.trafficmonitor.Logging logTrafficMonitor
INFORMATION:  *******************************************************************************

февр. 06, 2023 8:02:38 PM fhtw.trafficmonitor.Logging logTrafficMonitor
INFORMATION:  ** getKeyStage1 >> Thread.current: 62 index 0] for 60201893, Krieau, U2, ptMetro
февр. 06, 2023 8:02:38 PM fhtw.trafficmonitor.Logging logTrafficMonitor
INFORMATION:  *******************************************************************************
февр. 06, 2023 8:02:38 PM fhtw.trafficmonitor.Logging logTrafficMonitor
INFORMATION:  *******************************************************************************

февр. 06, 2023 8:02:38 PM fhtw.trafficmonitor.Logging logTrafficMonitor
INFORMATION:  ** getKeyStage0 >> Thread.current: 63 index 1] for 60201894, Stadion, U2, ptMetro
февр. 06, 2023 8:02:38 PM fhtw.trafficmonitor.Logging logTrafficMonitor
INFORMATION:  *******************************************************************************
февр. 06, 2023 8:02:38 PM fhtw.trafficmonitor.Logging logTrafficMonitor
INFORMATION:  *******************************************************************************

февр. 06, 2023 8:02:38 PM fhtw.trafficmonitor.Logging logTrafficMonitor
INFORMATION:  ** getKeyStage1 >> Thread.current: 63 index 1] for 60201894, Stadion, U2, ptMetro
февр. 06, 2023 8:02:38 PM fhtw.trafficmonitor.Logging logTrafficMonitor
INFORMATION:  *******************************************************************************

февр. 06, 2023 8:02:38 PM fhtw.trafficmonitor.Logging logTrafficMonitor
INFORMATION:  *******************************************************************************
февр. 06, 2023 8:02:38 PM fhtw.trafficmonitor.Logging logTrafficMonitor
INFORMATION:  ** getKeyStage2 >> Thread.current: 62 index 0] for 60201893, Krieau, U2, ptMetro
февр. 06, 2023 8:02:38 PM fhtw.trafficmonitor.Logging logTrafficMonitor
INFORMATION:  *******************************************************************************
февр. 06, 2023 8:02:38 PM fhtw.trafficmonitor.Logging logTrafficMonitor
INFORMATION:  *******************************************************************************

февр. 06, 2023 8:02:38 PM fhtw.trafficmonitor.Logging logTrafficMonitor
INFORMATION:  ** Thread.current: 62 index 0] for 60201893, Krieau, U2, ptMetro
февр. 06, 2023 8:02:38 PM fhtw.trafficmonitor.Logging logTrafficMonitor
INFORMATION:  *******************************************************************************
февр. 06, 2023 8:02:38 PM fhtw.trafficmonitor.Logging logTrafficMonitor
INFORMATION:  *******************************************************************************

февр. 06, 2023 8:02:38 PM fhtw.trafficmonitor.Logging logTrafficMonitor
INFORMATION:  ** getKeyStage2 >> Thread.current: 63 index 1] for 60201894, Stadion, U2, ptMetro
февр. 06, 2023 8:02:38 PM fhtw.trafficmonitor.Logging logTrafficMonitor
INFORMATION:  *******************************************************************************
февр. 06, 2023 8:02:38 PM fhtw.trafficmonitor.Logging logTrafficMonitor
INFORMATION:  *******************************************************************************

февр. 06, 2023 8:02:38 PM fhtw.trafficmonitor.Logging logTrafficMonitor
INFORMATION:  ** Thread.current: 63 index 1] for 60201894, Stadion, U2, ptMetro
февр. 06, 2023 8:02:38 PM fhtw.trafficmonitor.Logging logTrafficMonitor
INFORMATION:  *******************************************************************************
февр. 06, 2023 8:02:39 PM fhtw.trafficmonitor.Logging logTrafficMonitor
INFORMATION: Anzeigen der resultierenden Ergebnisse.
февр. 06, 2023 8:02:55 PM fhtw.trafficmonitor.Logging logTrafficMonitor
INFORMATION: Löschen der Anzeige und der betroffenen Einträge in der Datenbank.
февр. 06, 2023 8:02:55 PM fhtw.trafficmonitor.Logging logTrafficMonitor
INFORMATION: InfoLabel zurückgesetzt.
февр. 06, 2023 8:02:56 PM fhtw.trafficmonitor.Logging logTrafficMonitor
INFORMATION: Löschen der Anzeige und der betroffenen Einträge in der Datenbank.
февр. 06, 2023 8:02:56 PM fhtw.trafficmonitor.Logging logTrafficMonitor
INFORMATION: InfoLabel zurückgesetzt.
февр. 06, 2023 8:02:58 PM fhtw.trafficmonitor.Logging logTrafficMonitor
INFORMATION: Löschen der Anzeige und der betroffenen Einträge in der Datenbank.
февр. 06, 2023 8:02:58 PM fhtw.trafficmonitor.Logging logTrafficMonitor
INFORMATION: InfoLabel zurückgesetzt.
февр. 06, 2023 8:03:13 PM fhtw.trafficmonitor.Logging logTrafficMonitor
INFORMATION: TrafficMonitor Hauptmenü U2 wurde geschlossen.
февр. 06, 2023 8:04:04 PM fhtw.trafficmonitor.Logging logTrafficMonitor
INFORMATION: Button U3 wurde angeklickt.
февр. 06, 2023 8:04:04 PM fhtw.trafficmonitor.Logging logTrafficMonitor
INFORMATION: Haltestellen aus csv in ArrayList<RadioButton> 'transportLineButtonsList' hinzugefügt
февр. 06, 2023 8:04:04 PM fhtw.trafficmonitor.Logging logTrafficMonitor
INFORMATION: Erstellung des Fenster TrafficMonitor U3
февр. 06, 2023 8:04:04 PM fhtw.trafficmonitor.Logging logTrafficMonitor
INFORMATION: TrafficMonitor Hauptmenü U3 ist nun geöffnet!
февр. 06, 2023 8:04:16 PM fhtw.trafficmonitor.Logging logTrafficMonitor
INFORMATION: Aktualisieren geklickt
февр. 06, 2023 8:04:16 PM fhtw.trafficmonitor.Logging logTrafficMonitor
INFORMATION: InfoLabel zurückgesetzt.
февр. 06, 2023 8:04:16 PM fhtw.trafficmonitor.Logging logTrafficMonitor
INFORMATION: Selektierte RadioButtons (Haltestellen) in neue ArrayList gespeichert.
февр. 06, 2023 8:04:16 PM fhtw.trafficmonitor.Logging logTrafficMonitor
INFORMATION: Workflow beginnt mit Multithreading.
февр. 06, 2023 8:04:16 PM fhtw.trafficmonitor.Logging logTrafficMonitor
INFORMATION: thread.current: 34, JavaFX Application Threadthread state: RUNNABLE true
февр. 06, 2023 8:04:16 PM fhtw.trafficmonitor.Logging logTrafficMonitor
INFORMATION: Workflow 'run'
февр. 06, 2023 8:04:16 PM fhtw.trafficmonitor.Logging logTrafficMonitor
INFORMATION:  ** Remove LineRecords that will not be used for display. LineRecords of lineName U3 remain.
февр. 06, 2023 8:04:16 PM fhtw.trafficmonitor.Logging logTrafficMonitor
INFORMATION: thread.current: 34, JavaFX Application Threadthread state: RUNNABLE true
февр. 06, 2023 8:04:16 PM fhtw.trafficmonitor.Logging logTrafficMonitor
INFORMATION: Workflow 'run'
февр. 06, 2023 8:04:16 PM fhtw.trafficmonitor.Logging logTrafficMonitor
INFORMATION:  ** Remove LineRecords that will not be used for display. LineRecords of lineName U3 remain.
февр. 06, 2023 8:04:16 PM fhtw.trafficmonitor.Logging logTrafficMonitor
INFORMATION:  *******************************************************************************

февр. 06, 2023 8:04:16 PM fhtw.trafficmonitor.Logging logTrafficMonitor
INFORMATION:  ** getKeyStage0 >> Thread.current: 70 index 1] for 60200245, Stubentor, U3, ptMetro
февр. 06, 2023 8:04:16 PM fhtw.trafficmonitor.Logging logTrafficMonitor
INFORMATION:  *******************************************************************************
февр. 06, 2023 8:04:16 PM fhtw.trafficmonitor.Logging logTrafficMonitor
INFORMATION:  *******************************************************************************

февр. 06, 2023 8:04:16 PM fhtw.trafficmonitor.Logging logTrafficMonitor
INFORMATION:  ** getKeyStage1 >> Thread.current: 70 index 1] for 60200245, Stubentor, U3, ptMetro
февр. 06, 2023 8:04:16 PM fhtw.trafficmonitor.Logging logTrafficMonitor
INFORMATION:  *******************************************************************************
февр. 06, 2023 8:04:16 PM fhtw.trafficmonitor.Logging logTrafficMonitor
INFORMATION:  *******************************************************************************

февр. 06, 2023 8:04:16 PM fhtw.trafficmonitor.Logging logTrafficMonitor
INFORMATION:  ** getKeyStage2 >> Thread.current: 70 index 1] for 60200245, Stubentor, U3, ptMetro
февр. 06, 2023 8:04:16 PM fhtw.trafficmonitor.Logging logTrafficMonitor
INFORMATION:  *******************************************************************************
февр. 06, 2023 8:04:16 PM fhtw.trafficmonitor.Logging logTrafficMonitor
INFORMATION:  *******************************************************************************

февр. 06, 2023 8:04:16 PM fhtw.trafficmonitor.Logging logTrafficMonitor
INFORMATION:  ** Thread.current: 70 index 1] for 60200245, Stubentor, U3, ptMetro
февр. 06, 2023 8:04:16 PM fhtw.trafficmonitor.Logging logTrafficMonitor
INFORMATION:  *******************************************************************************
февр. 06, 2023 8:04:16 PM fhtw.trafficmonitor.Logging logTrafficMonitor
INFORMATION:  *******************************************************************************

февр. 06, 2023 8:04:16 PM fhtw.trafficmonitor.Logging logTrafficMonitor
INFORMATION:  ** getKeyStage0 >> Thread.current: 69 index 0] for 60201320, Stephansplatz, U3, ptMetro
февр. 06, 2023 8:04:16 PM fhtw.trafficmonitor.Logging logTrafficMonitor
INFORMATION:  *******************************************************************************
февр. 06, 2023 8:04:16 PM fhtw.trafficmonitor.Logging logTrafficMonitor
INFORMATION:  *******************************************************************************

февр. 06, 2023 8:04:16 PM fhtw.trafficmonitor.Logging logTrafficMonitor
INFORMATION:  ** getKeyStage1 >> Thread.current: 69 index 0] for 60201320, Stephansplatz, U3, ptMetro
февр. 06, 2023 8:04:16 PM fhtw.trafficmonitor.Logging logTrafficMonitor
INFORMATION:  *******************************************************************************
февр. 06, 2023 8:04:16 PM fhtw.trafficmonitor.Logging logTrafficMonitor
INFORMATION:  *******************************************************************************

февр. 06, 2023 8:04:16 PM fhtw.trafficmonitor.Logging logTrafficMonitor
INFORMATION:  ** getKeyStage2 >> Thread.current: 69 index 0] for 60201320, Stephansplatz, U3, ptMetro
февр. 06, 2023 8:04:16 PM fhtw.trafficmonitor.Logging logTrafficMonitor
INFORMATION:  *******************************************************************************
февр. 06, 2023 8:04:16 PM fhtw.trafficmonitor.Logging logTrafficMonitor
INFORMATION:  *******************************************************************************

февр. 06, 2023 8:04:16 PM fhtw.trafficmonitor.Logging logTrafficMonitor
INFORMATION:  ** Thread.current: 69 index 0] for 60201320, Stephansplatz, U3, ptMetro
февр. 06, 2023 8:04:16 PM fhtw.trafficmonitor.Logging logTrafficMonitor
INFORMATION:  *******************************************************************************
февр. 06, 2023 8:04:21 PM fhtw.trafficmonitor.Logging logTrafficMonitor
INFORMATION: Anzeigen der resultierenden Ergebnisse.
февр. 06, 2023 8:08:00 PM fhtw.trafficmonitor.Logging logTrafficMonitor
INFORMATION: Aktualisieren geklickt
февр. 06, 2023 8:08:00 PM fhtw.trafficmonitor.Logging logTrafficMonitor
INFORMATION: InfoLabel zurückgesetzt.
февр. 06, 2023 8:08:00 PM fhtw.trafficmonitor.Logging logTrafficMonitor
INFORMATION: Selektierte RadioButtons (Haltestellen) in neue ArrayList gespeichert.
февр. 06, 2023 8:08:00 PM fhtw.trafficmonitor.Logging logTrafficMonitor
INFORMATION: Workflow beginnt mit Multithreading.
февр. 06, 2023 8:08:00 PM fhtw.trafficmonitor.Logging logTrafficMonitor
INFORMATION: thread.current: 34, JavaFX Application Threadthread state: RUNNABLE true
февр. 06, 2023 8:08:00 PM fhtw.trafficmonitor.Logging logTrafficMonitor
INFORMATION: Workflow 'run'
февр. 06, 2023 8:08:00 PM fhtw.trafficmonitor.Logging logTrafficMonitor
INFORMATION:  ** Remove LineRecords that will not be used for display. LineRecords of lineName U3 remain.
февр. 06, 2023 8:08:00 PM fhtw.trafficmonitor.Logging logTrafficMonitor
INFORMATION: thread.current: 34, JavaFX Application Threadthread state: RUNNABLE true
февр. 06, 2023 8:08:00 PM fhtw.trafficmonitor.Logging logTrafficMonitor
INFORMATION: Workflow 'run'
февр. 06, 2023 8:08:00 PM fhtw.trafficmonitor.Logging logTrafficMonitor
INFORMATION:  ** Remove LineRecords that will not be used for display. LineRecords of lineName U3 remain.
февр. 06, 2023 8:08:00 PM fhtw.trafficmonitor.Logging logTrafficMonitor
INFORMATION:  *******************************************************************************

февр. 06, 2023 8:08:00 PM fhtw.trafficmonitor.Logging logTrafficMonitor
INFORMATION:  ** getKeyStage0 >> Thread.current: 77 index 1] for 60200245, Stubentor, U3, ptMetro
февр. 06, 2023 8:08:00 PM fhtw.trafficmonitor.Logging logTrafficMonitor
INFORMATION:  *******************************************************************************
февр. 06, 2023 8:08:00 PM fhtw.trafficmonitor.Logging logTrafficMonitor
INFORMATION:  *******************************************************************************

февр. 06, 2023 8:08:00 PM fhtw.trafficmonitor.Logging logTrafficMonitor
INFORMATION:  ** getKeyStage1 >> Thread.current: 77 index 1] for 60200245, Stubentor, U3, ptMetro
февр. 06, 2023 8:08:00 PM fhtw.trafficmonitor.Logging logTrafficMonitor
INFORMATION:  *******************************************************************************
февр. 06, 2023 8:08:00 PM fhtw.trafficmonitor.Logging logTrafficMonitor
INFORMATION:  *******************************************************************************

февр. 06, 2023 8:08:00 PM fhtw.trafficmonitor.Logging logTrafficMonitor
INFORMATION:  ** getKeyStage2 >> Thread.current: 77 index 1] for 60200245, Stubentor, U3, ptMetro
февр. 06, 2023 8:08:00 PM fhtw.trafficmonitor.Logging logTrafficMonitor
INFORMATION:  *******************************************************************************
февр. 06, 2023 8:08:00 PM fhtw.trafficmonitor.Logging logTrafficMonitor
INFORMATION:  *******************************************************************************

февр. 06, 2023 8:08:00 PM fhtw.trafficmonitor.Logging logTrafficMonitor
INFORMATION:  ** Thread.current: 77 index 1] for 60200245, Stubentor, U3, ptMetro
февр. 06, 2023 8:08:00 PM fhtw.trafficmonitor.Logging logTrafficMonitor
INFORMATION:  *******************************************************************************
февр. 06, 2023 8:08:00 PM fhtw.trafficmonitor.Logging logTrafficMonitor
INFORMATION:  *******************************************************************************

февр. 06, 2023 8:08:00 PM fhtw.trafficmonitor.Logging logTrafficMonitor
INFORMATION:  ** getKeyStage0 >> Thread.current: 76 index 0] for 60201320, Stephansplatz, U3, ptMetro
февр. 06, 2023 8:08:00 PM fhtw.trafficmonitor.Logging logTrafficMonitor
INFORMATION:  *******************************************************************************
февр. 06, 2023 8:08:00 PM fhtw.trafficmonitor.Logging logTrafficMonitor
INFORMATION:  *******************************************************************************

февр. 06, 2023 8:08:00 PM fhtw.trafficmonitor.Logging logTrafficMonitor
INFORMATION:  ** getKeyStage1 >> Thread.current: 76 index 0] for 60201320, Stephansplatz, U3, ptMetro
февр. 06, 2023 8:08:00 PM fhtw.trafficmonitor.Logging logTrafficMonitor
INFORMATION:  *******************************************************************************
февр. 06, 2023 8:08:00 PM fhtw.trafficmonitor.Logging logTrafficMonitor
INFORMATION:  *******************************************************************************

февр. 06, 2023 8:08:00 PM fhtw.trafficmonitor.Logging logTrafficMonitor
INFORMATION:  ** getKeyStage2 >> Thread.current: 76 index 0] for 60201320, Stephansplatz, U3, ptMetro
февр. 06, 2023 8:08:00 PM fhtw.trafficmonitor.Logging logTrafficMonitor
INFORMATION:  *******************************************************************************
февр. 06, 2023 8:08:00 PM fhtw.trafficmonitor.Logging logTrafficMonitor
INFORMATION:  *******************************************************************************

февр. 06, 2023 8:08:00 PM fhtw.trafficmonitor.Logging logTrafficMonitor
INFORMATION:  ** Thread.current: 76 index 0] for 60201320, Stephansplatz, U3, ptMetro
февр. 06, 2023 8:08:00 PM fhtw.trafficmonitor.Logging logTrafficMonitor
INFORMATION:  *******************************************************************************
февр. 06, 2023 8:08:01 PM fhtw.trafficmonitor.Logging logTrafficMonitor
INFORMATION: Anzeigen der resultierenden Ergebnisse.
февр. 06, 2023 8:19:42 PM fhtw.trafficmonitor.Logging logTrafficMonitor
INFORMATION: TrafficMonitor Hauptmenü U3 wurde geschlossen.
