мар. 25, 2023 12:13:14 AM fhtw.trafficmonitor.Logging logTrafficMonitor
INFORMATION: Willkommen! Das Logging beginnt nun für den TrafficMonitor.
мар. 25, 2023 12:13:16 AM fhtw.trafficmonitor.Logging logTrafficMonitor
INFORMATION: TrafficHauptmenü geöffnet
мар. 25, 2023 12:13:17 AM fhtw.trafficmonitor.Logging logTrafficMonitor
INFORMATION: Button U4 wurde angeklickt.
мар. 25, 2023 12:13:17 AM fhtw.trafficmonitor.Logging logTrafficMonitor
INFORMATION: Haltestellen aus csv in ArrayList<RadioButton> 'transportLineButtonsList' hinzugefügt
мар. 25, 2023 12:13:17 AM fhtw.trafficmonitor.Logging logTrafficMonitor
INFORMATION: Erstellung des Fenster TrafficMonitor U4
мар. 25, 2023 12:13:17 AM fhtw.trafficmonitor.Logging logTrafficMonitor
INFORMATION: TrafficMonitor Hauptmenü U4 ist nun geöffnet!
мар. 25, 2023 12:13:21 AM fhtw.trafficmonitor.Logging logTrafficMonitor
INFORMATION: Aktualisieren geklickt
мар. 25, 2023 12:13:21 AM fhtw.trafficmonitor.Logging logTrafficMonitor
INFORMATION: InfoLabel zurückgesetzt.
мар. 25, 2023 12:13:21 AM fhtw.trafficmonitor.Logging logTrafficMonitor
INFORMATION: Selektierte RadioButtons (Haltestellen) in neue ArrayList gespeichert.
мар. 25, 2023 12:13:21 AM fhtw.trafficmonitor.Logging logTrafficMonitor
INFORMATION: Workflow beginnt mit Multithreading.
мар. 25, 2023 12:13:21 AM fhtw.trafficmonitor.Logging logTrafficMonitor
INFORMATION: Workflow 'run'
мар. 25, 2023 12:13:21 AM fhtw.trafficmonitor.Logging logTrafficMonitor
INFORMATION:  ** Remove LineRecords that will not be used for display. LineRecords of lineName U4 remain.
мар. 25, 2023 12:13:21 AM fhtw.trafficmonitor.Logging logTrafficMonitor
INFORMATION: thread.current: 34, JavaFX Application Threadthread state: RUNNABLE true
мар. 25, 2023 12:13:21 AM fhtw.trafficmonitor.Logging logTrafficMonitor
INFORMATION: thread.current: 34, JavaFX Application Threadthread state: RUNNABLE true
мар. 25, 2023 12:13:21 AM fhtw.trafficmonitor.Logging logTrafficMonitor
INFORMATION: Workflow 'run'
мар. 25, 2023 12:13:21 AM fhtw.trafficmonitor.Logging logTrafficMonitor
INFORMATION:  ** Remove LineRecords that will not be used for display. LineRecords of lineName U4 remain.
мар. 25, 2023 12:13:22 AM fhtw.trafficmonitor.Logging logTrafficMonitor
INFORMATION:  *******************************************************************************

мар. 25, 2023 12:13:22 AM fhtw.trafficmonitor.Logging logTrafficMonitor
INFORMATION:  ** getKeyStage0 >> Thread.current: 52 index 0] for 60201182, Schottenring, U4, ptMetro
мар. 25, 2023 12:13:22 AM fhtw.trafficmonitor.Logging logTrafficMonitor
INFORMATION:  *******************************************************************************
мар. 25, 2023 12:13:22 AM fhtw.trafficmonitor.Logging logTrafficMonitor
INFORMATION:  *******************************************************************************

мар. 25, 2023 12:13:22 AM fhtw.trafficmonitor.Logging logTrafficMonitor
INFORMATION:  ** getKeyStage0 >> Thread.current: 53 index 1] for 60201124, Roßauer Lände, U4, ptMetro
мар. 25, 2023 12:13:22 AM fhtw.trafficmonitor.Logging logTrafficMonitor
INFORMATION:  *******************************************************************************
мар. 25, 2023 12:13:22 AM fhtw.trafficmonitor.Logging logTrafficMonitor
INFORMATION:  *******************************************************************************

мар. 25, 2023 12:13:22 AM fhtw.trafficmonitor.Logging logTrafficMonitor
INFORMATION:  ** getKeyStage1 >> Thread.current: 53 index 1] for 60201124, Roßauer Lände, U4, ptMetro
мар. 25, 2023 12:13:22 AM fhtw.trafficmonitor.Logging logTrafficMonitor
INFORMATION:  *******************************************************************************
мар. 25, 2023 12:13:22 AM fhtw.trafficmonitor.Logging logTrafficMonitor
INFORMATION:  *******************************************************************************

мар. 25, 2023 12:13:22 AM fhtw.trafficmonitor.Logging logTrafficMonitor
INFORMATION:  ** getKeyStage1 >> Thread.current: 52 index 0] for 60201182, Schottenring, U4, ptMetro
мар. 25, 2023 12:13:22 AM fhtw.trafficmonitor.Logging logTrafficMonitor
INFORMATION:  *******************************************************************************
мар. 25, 2023 12:13:22 AM fhtw.trafficmonitor.Logging logTrafficMonitor
INFORMATION:  *******************************************************************************

мар. 25, 2023 12:13:22 AM fhtw.trafficmonitor.Logging logTrafficMonitor
INFORMATION:  *******************************************************************************

мар. 25, 2023 12:13:22 AM fhtw.trafficmonitor.Logging logTrafficMonitor
INFORMATION:  ** getKeyStage2 >> Thread.current: 53 index 1] for 60201124, Roßauer Lände, U4, ptMetro
мар. 25, 2023 12:13:22 AM fhtw.trafficmonitor.Logging logTrafficMonitor
INFORMATION:  ** getKeyStage2 >> Thread.current: 52 index 0] for 60201182, Schottenring, U4, ptMetro
мар. 25, 2023 12:13:22 AM fhtw.trafficmonitor.Logging logTrafficMonitor
INFORMATION:  *******************************************************************************
мар. 25, 2023 12:13:22 AM fhtw.trafficmonitor.Logging logTrafficMonitor
INFORMATION:  *******************************************************************************
мар. 25, 2023 12:13:22 AM fhtw.trafficmonitor.Logging logTrafficMonitor
INFORMATION:  *******************************************************************************

мар. 25, 2023 12:13:22 AM fhtw.trafficmonitor.Logging logTrafficMonitor
INFORMATION:  *******************************************************************************

мар. 25, 2023 12:13:22 AM fhtw.trafficmonitor.Logging logTrafficMonitor
INFORMATION:  ** Thread.current: 53 index 1] for 60201124, Roßauer Lände, U4, ptMetro
мар. 25, 2023 12:13:22 AM fhtw.trafficmonitor.Logging logTrafficMonitor
INFORMATION:  ** Thread.current: 52 index 0] for 60201182, Schottenring, U4, ptMetro
мар. 25, 2023 12:13:22 AM fhtw.trafficmonitor.Logging logTrafficMonitor
INFORMATION:  *******************************************************************************
мар. 25, 2023 12:13:22 AM fhtw.trafficmonitor.Logging logTrafficMonitor
INFORMATION:  *******************************************************************************
мар. 25, 2023 12:13:35 AM fhtw.trafficmonitor.Logging logTrafficMonitor
INFORMATION: Aktualisieren geklickt
мар. 25, 2023 12:13:35 AM fhtw.trafficmonitor.Logging logTrafficMonitor
INFORMATION: InfoLabel zurückgesetzt.
мар. 25, 2023 12:13:35 AM fhtw.trafficmonitor.Logging logTrafficMonitor
INFORMATION: Selektierte RadioButtons (Haltestellen) in neue ArrayList gespeichert.
мар. 25, 2023 12:13:35 AM fhtw.trafficmonitor.Logging logTrafficMonitor
INFORMATION: Workflow beginnt mit Multithreading.
мар. 25, 2023 12:13:35 AM fhtw.trafficmonitor.Logging logTrafficMonitor
INFORMATION: thread.current: 34, JavaFX Application Threadthread state: RUNNABLE true
мар. 25, 2023 12:13:35 AM fhtw.trafficmonitor.Logging logTrafficMonitor
INFORMATION: Workflow 'run'
мар. 25, 2023 12:13:35 AM fhtw.trafficmonitor.Logging logTrafficMonitor
INFORMATION:  ** Remove LineRecords that will not be used for display. LineRecords of lineName U4 remain.
мар. 25, 2023 12:13:35 AM fhtw.trafficmonitor.Logging logTrafficMonitor
INFORMATION: thread.current: 34, JavaFX Application Threadthread state: RUNNABLE true
мар. 25, 2023 12:13:35 AM fhtw.trafficmonitor.Logging logTrafficMonitor
INFORMATION: Workflow 'run'
мар. 25, 2023 12:13:35 AM fhtw.trafficmonitor.Logging logTrafficMonitor
INFORMATION:  ** Remove LineRecords that will not be used for display. LineRecords of lineName U4 remain.
мар. 25, 2023 12:13:35 AM fhtw.trafficmonitor.Logging logTrafficMonitor
INFORMATION:  *******************************************************************************

мар. 25, 2023 12:13:35 AM fhtw.trafficmonitor.Logging logTrafficMonitor
INFORMATION:  ** getKeyStage0 >> Thread.current: 61 index 0] for 60201182, Schottenring, U4, ptMetro
мар. 25, 2023 12:13:35 AM fhtw.trafficmonitor.Logging logTrafficMonitor
INFORMATION:  *******************************************************************************
мар. 25, 2023 12:13:35 AM fhtw.trafficmonitor.Logging logTrafficMonitor
INFORMATION:  *******************************************************************************

мар. 25, 2023 12:13:35 AM fhtw.trafficmonitor.Logging logTrafficMonitor
INFORMATION:  ** getKeyStage0 >> Thread.current: 62 index 1] for 60201124, Roßauer Lände, U4, ptMetro
мар. 25, 2023 12:13:35 AM fhtw.trafficmonitor.Logging logTrafficMonitor
INFORMATION:  *******************************************************************************
мар. 25, 2023 12:13:35 AM fhtw.trafficmonitor.Logging logTrafficMonitor
INFORMATION:  *******************************************************************************

мар. 25, 2023 12:13:35 AM fhtw.trafficmonitor.Logging logTrafficMonitor
INFORMATION:  ** getKeyStage1 >> Thread.current: 62 index 1] for 60201124, Roßauer Lände, U4, ptMetro
мар. 25, 2023 12:13:35 AM fhtw.trafficmonitor.Logging logTrafficMonitor
INFORMATION:  *******************************************************************************
мар. 25, 2023 12:13:35 AM fhtw.trafficmonitor.Logging logTrafficMonitor
INFORMATION:  *******************************************************************************

мар. 25, 2023 12:13:35 AM fhtw.trafficmonitor.Logging logTrafficMonitor
INFORMATION:  ** getKeyStage1 >> Thread.current: 61 index 0] for 60201182, Schottenring, U4, ptMetro
мар. 25, 2023 12:13:35 AM fhtw.trafficmonitor.Logging logTrafficMonitor
INFORMATION:  *******************************************************************************
мар. 25, 2023 12:13:35 AM fhtw.trafficmonitor.Logging logTrafficMonitor
INFORMATION:  *******************************************************************************

мар. 25, 2023 12:13:35 AM fhtw.trafficmonitor.Logging logTrafficMonitor
INFORMATION:  ** getKeyStage2 >> Thread.current: 62 index 1] for 60201124, Roßauer Lände, U4, ptMetro
мар. 25, 2023 12:13:35 AM fhtw.trafficmonitor.Logging logTrafficMonitor
INFORMATION:  *******************************************************************************
мар. 25, 2023 12:13:35 AM fhtw.trafficmonitor.Logging logTrafficMonitor
INFORMATION:  *******************************************************************************

мар. 25, 2023 12:13:35 AM fhtw.trafficmonitor.Logging logTrafficMonitor
INFORMATION:  ** Thread.current: 62 index 1] for 60201124, Roßauer Lände, U4, ptMetro
мар. 25, 2023 12:13:35 AM fhtw.trafficmonitor.Logging logTrafficMonitor
INFORMATION:  *******************************************************************************
мар. 25, 2023 12:13:35 AM fhtw.trafficmonitor.Logging logTrafficMonitor
INFORMATION:  *******************************************************************************

мар. 25, 2023 12:13:35 AM fhtw.trafficmonitor.Logging logTrafficMonitor
INFORMATION:  ** getKeyStage2 >> Thread.current: 61 index 0] for 60201182, Schottenring, U4, ptMetro
мар. 25, 2023 12:13:35 AM fhtw.trafficmonitor.Logging logTrafficMonitor
INFORMATION:  *******************************************************************************
мар. 25, 2023 12:13:35 AM fhtw.trafficmonitor.Logging logTrafficMonitor
INFORMATION:  *******************************************************************************

мар. 25, 2023 12:13:35 AM fhtw.trafficmonitor.Logging logTrafficMonitor
INFORMATION:  ** Thread.current: 61 index 0] for 60201182, Schottenring, U4, ptMetro
мар. 25, 2023 12:13:35 AM fhtw.trafficmonitor.Logging logTrafficMonitor
INFORMATION:  *******************************************************************************
мар. 25, 2023 12:13:41 AM fhtw.trafficmonitor.Logging logTrafficMonitor
INFORMATION: Aktualisieren geklickt
мар. 25, 2023 12:13:41 AM fhtw.trafficmonitor.Logging logTrafficMonitor
INFORMATION: InfoLabel zurückgesetzt.
мар. 25, 2023 12:13:41 AM fhtw.trafficmonitor.Logging logTrafficMonitor
INFORMATION: Selektierte RadioButtons (Haltestellen) in neue ArrayList gespeichert.
мар. 25, 2023 12:13:41 AM fhtw.trafficmonitor.Logging logTrafficMonitor
INFORMATION: Workflow beginnt mit Multithreading.
мар. 25, 2023 12:13:41 AM fhtw.trafficmonitor.Logging logTrafficMonitor
INFORMATION: thread.current: 34, JavaFX Application Threadthread state: RUNNABLE true
мар. 25, 2023 12:13:41 AM fhtw.trafficmonitor.Logging logTrafficMonitor
INFORMATION: Workflow 'run'
мар. 25, 2023 12:13:41 AM fhtw.trafficmonitor.Logging logTrafficMonitor
INFORMATION:  ** Remove LineRecords that will not be used for display. LineRecords of lineName U4 remain.
мар. 25, 2023 12:13:42 AM fhtw.trafficmonitor.Logging logTrafficMonitor
INFORMATION: thread.current: 34, JavaFX Application Threadthread state: RUNNABLE true
мар. 25, 2023 12:13:42 AM fhtw.trafficmonitor.Logging logTrafficMonitor
INFORMATION: Workflow 'run'
мар. 25, 2023 12:13:42 AM fhtw.trafficmonitor.Logging logTrafficMonitor
INFORMATION:  ** Remove LineRecords that will not be used for display. LineRecords of lineName U4 remain.
мар. 25, 2023 12:13:42 AM fhtw.trafficmonitor.Logging logTrafficMonitor
INFORMATION:  *******************************************************************************

мар. 25, 2023 12:13:42 AM fhtw.trafficmonitor.Logging logTrafficMonitor
INFORMATION:  ** getKeyStage0 >> Thread.current: 71 index 1] for 60200491, Heiligenstadt, U4, ptMetro
мар. 25, 2023 12:13:42 AM fhtw.trafficmonitor.Logging logTrafficMonitor
INFORMATION:  *******************************************************************************
мар. 25, 2023 12:13:42 AM fhtw.trafficmonitor.Logging logTrafficMonitor
INFORMATION:  *******************************************************************************

мар. 25, 2023 12:13:42 AM fhtw.trafficmonitor.Logging logTrafficMonitor
INFORMATION:  ** getKeyStage1 >> Thread.current: 71 index 1] for 60200491, Heiligenstadt, U4, ptMetro
мар. 25, 2023 12:13:42 AM fhtw.trafficmonitor.Logging logTrafficMonitor
INFORMATION:  *******************************************************************************
мар. 25, 2023 12:13:42 AM fhtw.trafficmonitor.Logging logTrafficMonitor
INFORMATION:  *******************************************************************************

мар. 25, 2023 12:13:42 AM fhtw.trafficmonitor.Logging logTrafficMonitor
INFORMATION:  ** getKeyStage2 >> Thread.current: 71 index 1] for 60200491, Heiligenstadt, U4, ptMetro
мар. 25, 2023 12:13:42 AM fhtw.trafficmonitor.Logging logTrafficMonitor
INFORMATION:  *******************************************************************************
мар. 25, 2023 12:13:42 AM fhtw.trafficmonitor.Logging logTrafficMonitor
INFORMATION:  *******************************************************************************

мар. 25, 2023 12:13:42 AM fhtw.trafficmonitor.Logging logTrafficMonitor
INFORMATION:  ** Thread.current: 71 index 1] for 60200491, Heiligenstadt, U4, ptMetro
мар. 25, 2023 12:13:42 AM fhtw.trafficmonitor.Logging logTrafficMonitor
INFORMATION:  *******************************************************************************
мар. 25, 2023 12:13:42 AM fhtw.trafficmonitor.Logging logTrafficMonitor
INFORMATION:  *******************************************************************************

мар. 25, 2023 12:13:42 AM fhtw.trafficmonitor.Logging logTrafficMonitor
INFORMATION:  ** getKeyStage0 >> Thread.current: 70 index 0] for 60201062, Spittelau, U4, ptMetro
мар. 25, 2023 12:13:42 AM fhtw.trafficmonitor.Logging logTrafficMonitor
INFORMATION:  *******************************************************************************
мар. 25, 2023 12:13:42 AM fhtw.trafficmonitor.Logging logTrafficMonitor
INFORMATION:  *******************************************************************************

мар. 25, 2023 12:13:42 AM fhtw.trafficmonitor.Logging logTrafficMonitor
INFORMATION:  ** getKeyStage1 >> Thread.current: 70 index 0] for 60201062, Spittelau, U4, ptMetro
мар. 25, 2023 12:13:42 AM fhtw.trafficmonitor.Logging logTrafficMonitor
INFORMATION:  *******************************************************************************
мар. 25, 2023 12:13:42 AM fhtw.trafficmonitor.Logging logTrafficMonitor
INFORMATION:  *******************************************************************************

мар. 25, 2023 12:13:42 AM fhtw.trafficmonitor.Logging logTrafficMonitor
INFORMATION:  ** getKeyStage2 >> Thread.current: 70 index 0] for 60201062, Spittelau, U4, ptMetro
мар. 25, 2023 12:13:42 AM fhtw.trafficmonitor.Logging logTrafficMonitor
INFORMATION:  *******************************************************************************
мар. 25, 2023 12:13:42 AM fhtw.trafficmonitor.Logging logTrafficMonitor
INFORMATION:  *******************************************************************************

мар. 25, 2023 12:13:42 AM fhtw.trafficmonitor.Logging logTrafficMonitor
INFORMATION:  ** Thread.current: 70 index 0] for 60201062, Spittelau, U4, ptMetro
мар. 25, 2023 12:13:42 AM fhtw.trafficmonitor.Logging logTrafficMonitor
INFORMATION:  *******************************************************************************
мар. 25, 2023 12:13:50 AM fhtw.trafficmonitor.Logging logTrafficMonitor
INFORMATION: Aktualisieren geklickt
мар. 25, 2023 12:13:50 AM fhtw.trafficmonitor.Logging logTrafficMonitor
INFORMATION: InfoLabel zurückgesetzt.
мар. 25, 2023 12:13:50 AM fhtw.trafficmonitor.Logging logTrafficMonitor
INFORMATION: Selektierte RadioButtons (Haltestellen) in neue ArrayList gespeichert.
мар. 25, 2023 12:13:50 AM fhtw.trafficmonitor.Logging logTrafficMonitor
INFORMATION: Workflow beginnt mit Multithreading.
мар. 25, 2023 12:13:50 AM fhtw.trafficmonitor.Logging logTrafficMonitor
INFORMATION: thread.current: 34, JavaFX Application Threadthread state: RUNNABLE true
мар. 25, 2023 12:13:50 AM fhtw.trafficmonitor.Logging logTrafficMonitor
INFORMATION: Workflow 'run'
мар. 25, 2023 12:13:50 AM fhtw.trafficmonitor.Logging logTrafficMonitor
INFORMATION:  ** Remove LineRecords that will not be used for display. LineRecords of lineName U4 remain.
мар. 25, 2023 12:13:50 AM fhtw.trafficmonitor.Logging logTrafficMonitor
INFORMATION: thread.current: 34, JavaFX Application Threadthread state: RUNNABLE true
мар. 25, 2023 12:13:50 AM fhtw.trafficmonitor.Logging logTrafficMonitor
INFORMATION: Workflow 'run'
мар. 25, 2023 12:13:50 AM fhtw.trafficmonitor.Logging logTrafficMonitor
INFORMATION:  ** Remove LineRecords that will not be used for display. LineRecords of lineName U4 remain.
мар. 25, 2023 12:13:50 AM fhtw.trafficmonitor.Logging logTrafficMonitor
INFORMATION: thread.current: 34, JavaFX Application Threadthread state: RUNNABLE true
мар. 25, 2023 12:13:50 AM fhtw.trafficmonitor.Logging logTrafficMonitor
INFORMATION: Workflow 'run'
мар. 25, 2023 12:13:50 AM fhtw.trafficmonitor.Logging logTrafficMonitor
INFORMATION:  ** Remove LineRecords that will not be used for display. LineRecords of lineName U4 remain.
мар. 25, 2023 12:13:50 AM fhtw.trafficmonitor.Logging logTrafficMonitor
INFORMATION:  *******************************************************************************

мар. 25, 2023 12:13:50 AM fhtw.trafficmonitor.Logging logTrafficMonitor
INFORMATION:  ** getKeyStage0 >> Thread.current: 76 index 0] for 60200827, Margaretengürtel, U4, ptMetro
мар. 25, 2023 12:13:50 AM fhtw.trafficmonitor.Logging logTrafficMonitor
INFORMATION:  *******************************************************************************
мар. 25, 2023 12:13:50 AM fhtw.trafficmonitor.Logging logTrafficMonitor
INFORMATION:  *******************************************************************************

мар. 25, 2023 12:13:50 AM fhtw.trafficmonitor.Logging logTrafficMonitor
INFORMATION:  ** getKeyStage1 >> Thread.current: 76 index 0] for 60200827, Margaretengürtel, U4, ptMetro
мар. 25, 2023 12:13:50 AM fhtw.trafficmonitor.Logging logTrafficMonitor
INFORMATION:  *******************************************************************************
мар. 25, 2023 12:13:50 AM fhtw.trafficmonitor.Logging logTrafficMonitor
INFORMATION:  *******************************************************************************

мар. 25, 2023 12:13:50 AM fhtw.trafficmonitor.Logging logTrafficMonitor
INFORMATION:  ** getKeyStage2 >> Thread.current: 76 index 0] for 60200827, Margaretengürtel, U4, ptMetro
мар. 25, 2023 12:13:50 AM fhtw.trafficmonitor.Logging logTrafficMonitor
INFORMATION:  *******************************************************************************
мар. 25, 2023 12:13:50 AM fhtw.trafficmonitor.Logging logTrafficMonitor
INFORMATION:  *******************************************************************************

мар. 25, 2023 12:13:50 AM fhtw.trafficmonitor.Logging logTrafficMonitor
INFORMATION:  ** Thread.current: 76 index 0] for 60200827, Margaretengürtel, U4, ptMetro
мар. 25, 2023 12:13:50 AM fhtw.trafficmonitor.Logging logTrafficMonitor
INFORMATION:  *******************************************************************************
мар. 25, 2023 12:13:50 AM fhtw.trafficmonitor.Logging logTrafficMonitor
INFORMATION:  *******************************************************************************

мар. 25, 2023 12:13:50 AM fhtw.trafficmonitor.Logging logTrafficMonitor
INFORMATION:  ** getKeyStage0 >> Thread.current: 78 index 1] for 60201018, Pilgramgasse, U4, ptMetro
мар. 25, 2023 12:13:50 AM fhtw.trafficmonitor.Logging logTrafficMonitor
INFORMATION:  *******************************************************************************
мар. 25, 2023 12:13:50 AM fhtw.trafficmonitor.Logging logTrafficMonitor
INFORMATION:  *******************************************************************************

мар. 25, 2023 12:13:50 AM fhtw.trafficmonitor.Logging logTrafficMonitor
INFORMATION:  ** getKeyStage1 >> Thread.current: 78 index 1] for 60201018, Pilgramgasse, U4, ptMetro
мар. 25, 2023 12:13:50 AM fhtw.trafficmonitor.Logging logTrafficMonitor
INFORMATION:  *******************************************************************************
мар. 25, 2023 12:13:50 AM fhtw.trafficmonitor.Logging logTrafficMonitor
INFORMATION:  *******************************************************************************

мар. 25, 2023 12:13:50 AM fhtw.trafficmonitor.Logging logTrafficMonitor
INFORMATION:  ** getKeyStage2 >> Thread.current: 78 index 1] for 60201018, Pilgramgasse, U4, ptMetro
мар. 25, 2023 12:13:50 AM fhtw.trafficmonitor.Logging logTrafficMonitor
INFORMATION:  *******************************************************************************
мар. 25, 2023 12:13:50 AM fhtw.trafficmonitor.Logging logTrafficMonitor
INFORMATION:  *******************************************************************************

мар. 25, 2023 12:13:50 AM fhtw.trafficmonitor.Logging logTrafficMonitor
INFORMATION:  *******************************************************************************

мар. 25, 2023 12:13:50 AM fhtw.trafficmonitor.Logging logTrafficMonitor
INFORMATION:  ** Thread.current: 78 index 1] for 60201018, Pilgramgasse, U4, ptMetro
мар. 25, 2023 12:13:50 AM fhtw.trafficmonitor.Logging logTrafficMonitor
INFORMATION:  ** getKeyStage0 >> Thread.current: 80 index 2] for 60200670, Kettenbrückengasse, U4, ptMetro
мар. 25, 2023 12:13:50 AM fhtw.trafficmonitor.Logging logTrafficMonitor
INFORMATION:  *******************************************************************************
мар. 25, 2023 12:13:50 AM fhtw.trafficmonitor.Logging logTrafficMonitor
INFORMATION:  *******************************************************************************
мар. 25, 2023 12:13:50 AM fhtw.trafficmonitor.Logging logTrafficMonitor
INFORMATION:  *******************************************************************************

мар. 25, 2023 12:13:50 AM fhtw.trafficmonitor.Logging logTrafficMonitor
INFORMATION:  ** getKeyStage1 >> Thread.current: 80 index 2] for 60200670, Kettenbrückengasse, U4, ptMetro
мар. 25, 2023 12:13:50 AM fhtw.trafficmonitor.Logging logTrafficMonitor
INFORMATION:  *******************************************************************************
мар. 25, 2023 12:13:50 AM fhtw.trafficmonitor.Logging logTrafficMonitor
INFORMATION:  *******************************************************************************

мар. 25, 2023 12:13:50 AM fhtw.trafficmonitor.Logging logTrafficMonitor
INFORMATION:  ** getKeyStage2 >> Thread.current: 80 index 2] for 60200670, Kettenbrückengasse, U4, ptMetro
мар. 25, 2023 12:13:50 AM fhtw.trafficmonitor.Logging logTrafficMonitor
INFORMATION:  *******************************************************************************
мар. 25, 2023 12:13:50 AM fhtw.trafficmonitor.Logging logTrafficMonitor
INFORMATION:  *******************************************************************************

мар. 25, 2023 12:13:50 AM fhtw.trafficmonitor.Logging logTrafficMonitor
INFORMATION:  ** Thread.current: 80 index 2] for 60200670, Kettenbrückengasse, U4, ptMetro
мар. 25, 2023 12:13:50 AM fhtw.trafficmonitor.Logging logTrafficMonitor
INFORMATION:  *******************************************************************************
